#
# There is insufficient memory for the Java Runtime Environment to continue.
# Native memory allocation (malloc) failed to allocate 32744 bytes for ChunkPool::allocate
# Possible reasons:
#   The system is out of physical RAM or swap space
#   The process is running with CompressedOops enabled, and the Java Heap may be blocking the growth of the native heap
# Possible solutions:
#   Reduce memory load on the system
#   Increase physical memory or swap space
#   Check if swap backing store is full
#   Decrease Java heap size (-Xmx/-Xms)
#   Decrease number of Java threads
#   Decrease Java thread stack sizes (-Xss)
#   Set larger code cache with -XX:ReservedCodeCacheSize=
#   JVM is running with Unscaled Compressed Oops mode in which the Java heap is
#     placed in the first 4GB address space. The Java Heap base address is the
#     maximum limit for the native heap growth. Please use -XX:HeapBaseMinAddress
#     to set the Java Heap base and to place the Java Heap above 4GB virtual address.
# This output file may be truncated or incomplete.
#
#  Out of Memory Error (./src/hotspot/share/memory/arena.cpp:81), pid=14788, tid=8972
#
# JRE version: OpenJDK Runtime Environment (11.0.12+7) (build 11.0.12+7-b1504.28-7817840)
# Java VM: OpenJDK 64-Bit Server VM (11.0.12+7-b1504.28-7817840, mixed mode, tiered, compressed oops, g1 gc, windows-amd64)
# No core dump will be written. Minidumps are not enabled by default on client versions of Windows
#

---------------  S U M M A R Y ------------

Command Line: --add-opens=java.base/java.util=ALL-UNNAMED --add-opens=java.base/java.lang=ALL-UNNAMED --add-opens=java.base/java.lang.invoke=ALL-UNNAMED --add-opens=java.base/java.util=ALL-UNNAMED --add-opens=java.prefs/java.util.prefs=ALL-UNNAMED --add-opens=java.prefs/java.util.prefs=ALL-UNNAMED --add-opens=java.base/java.nio.charset=ALL-UNNAMED --add-opens=java.base/java.net=ALL-UNNAMED --add-opens=java.base/java.util.concurrent.atomic=ALL-UNNAMED -Xmx2048m -Dfile.encoding=UTF-8 -Duser.country=US -Duser.language=en -Duser.variant org.gradle.launcher.daemon.bootstrap.GradleDaemon 7.3.3

Host: Intel(R) Core(TM) i3-10110U CPU @ 2.10GHz, 4 cores, 7G,  Windows 10 , 64 bit Build 22000 (10.0.22000.708)
Time: Tue Aug  9 20:16:35 2022 Pakistan Standard Time elapsed time: 8098.478997 seconds (0d 2h 14m 58s)

---------------  T H R E A D  ---------------

Current thread (0x00000131b9c57800):  JavaThread "C2 CompilerThread1" daemon [_thread_in_native, id=8972, stack(0x00000003c2500000,0x00000003c2600000)]


Current CompileTask:
C2:8098479 22481       4       com.android.tools.r8.graph.w2::a (2391 bytes)

Stack: [0x00000003c2500000,0x00000003c2600000]
Native frames: (J=compiled Java code, j=interpreted, Vv=VM code, C=native code)
V  [jvm.dll+0x5fbcea]
V  [jvm.dll+0x731905]
V  [jvm.dll+0x732f1d]
V  [jvm.dll+0x7335d3]
V  [jvm.dll+0x247bf8]
V  [jvm.dll+0xc041b]
V  [jvm.dll+0xc06cc]
V  [jvm.dll+0x36064e]
V  [jvm.dll+0x35b34e]
V  [jvm.dll+0x328803]
V  [jvm.dll+0x327cfa]
V  [jvm.dll+0x200602]
V  [jvm.dll+0x1ff794]
V  [jvm.dll+0x18868c]
V  [jvm.dll+0x20e0d7]
V  [jvm.dll+0x20c901]
V  [jvm.dll+0x6f9b7f]
V  [jvm.dll+0x6f26a5]
V  [jvm.dll+0x5fabf6]
C  [ucrtbase.dll+0x26c0c]
C  [KERNEL32.DLL+0x154e0]
C  [ntdll.dll+0x485b]


---------------  P R O C E S S  ---------------

Threads class SMR info:
_java_thread_list=0x00000131b4672ab0, length=94, elements={
0x0000013197a9c800, 0x00000131b1692800, 0x00000131b169d000, 0x00000131b2022800,
0x00000131b16b0000, 0x00000131b16b1000, 0x00000131b16b5000, 0x00000131b16b9800,
0x00000131b16c4800, 0x00000131b2167000, 0x00000131b3835800, 0x00000131b41e0800,
0x00000131b4a19800, 0x00000131b3f8c000, 0x00000131b3f88800, 0x00000131b3f8c800,
0x00000131b3f8f000, 0x00000131b3f8d800, 0x00000131b3f8a000, 0x00000131b3f8e800,
0x00000131b58c0800, 0x00000131b58bf000, 0x00000131b58c4000, 0x00000131b58c5000,
0x00000131bb364000, 0x00000131bb365000, 0x00000131b9c53800, 0x00000131b5657800,
0x00000131baeef000, 0x00000131b9c4f000, 0x00000131b9c50800, 0x00000131b9c52000,
0x00000131b9c4f800, 0x00000131b9c4d000, 0x00000131b9c51000, 0x00000131b9c4e000,
0x00000131b9c56000, 0x00000131b9c57800, 0x00000131b9c58800, 0x00000131b9c54800,
0x00000131b9c53000, 0x00000131b9c59800, 0x00000131b9c5a000, 0x00000131b9c57000,
0x00000131b9c5b000, 0x00000131b9c55800, 0x00000131b9c5c000, 0x00000131baef4000,
0x00000131baef2800, 0x00000131baef3000, 0x00000131baef0000, 0x00000131baef0800,
0x00000131baeee800, 0x00000131baef1800, 0x00000131baef5800, 0x00000131baef7800,
0x00000131baef9800, 0x00000131baef6800, 0x00000131baef8000, 0x00000131baef9000,
0x00000131baefa800, 0x00000131baef5000, 0x00000131baefc000, 0x00000131baefb800,
0x00000131baefd000, 0x00000131b5654000, 0x00000131b5656800, 0x00000131b5658800,
0x00000131b5659000, 0x00000131b565a000, 0x00000131b5656000, 0x00000131b565a800,
0x00000131b5655000, 0x00000131b5661800, 0x00000131b565d000, 0x00000131b565c800,
0x00000131b565e000, 0x00000131b565b800, 0x00000131b5662000, 0x00000131b565f000,
0x00000131b565f800, 0x00000131bb361000, 0x00000131bb35f800, 0x00000131bb366800,
0x00000131bb367800, 0x00000131bb361800, 0x00000131bb368800, 0x00000131bb363800,
0x00000131bb362800, 0x00000131bb36a800, 0x00000131bb369000, 0x00000131bb36e000,
0x00000131bb36a000, 0x00000131bb36b800
}

Java Threads: ( => current thread )
  0x0000013197a9c800 JavaThread "main" [_thread_blocked, id=10588, stack(0x00000003c0800000,0x00000003c0900000)]
  0x00000131b1692800 JavaThread "Reference Handler" daemon [_thread_blocked, id=4936, stack(0x00000003c0f00000,0x00000003c1000000)]
  0x00000131b169d000 JavaThread "Finalizer" daemon [_thread_blocked, id=13316, stack(0x00000003c1000000,0x00000003c1100000)]
  0x00000131b2022800 JavaThread "Signal Dispatcher" daemon [_thread_blocked, id=8060, stack(0x00000003c1100000,0x00000003c1200000)]
  0x00000131b16b0000 JavaThread "Attach Listener" daemon [_thread_blocked, id=12008, stack(0x00000003c1200000,0x00000003c1300000)]
  0x00000131b16b1000 JavaThread "Service Thread" daemon [_thread_blocked, id=8928, stack(0x00000003c1300000,0x00000003c1400000)]
  0x00000131b16b5000 JavaThread "C2 CompilerThread0" daemon [_thread_in_native, id=14688, stack(0x00000003c1400000,0x00000003c1500000)]
  0x00000131b16b9800 JavaThread "C1 CompilerThread0" daemon [_thread_blocked, id=10648, stack(0x00000003c1500000,0x00000003c1600000)]
  0x00000131b16c4800 JavaThread "Sweeper thread" daemon [_thread_blocked, id=7948, stack(0x00000003c1600000,0x00000003c1700000)]
  0x00000131b2167000 JavaThread "Common-Cleaner" daemon [_thread_blocked, id=11000, stack(0x00000003c1700000,0x00000003c1800000)]
  0x00000131b3835800 JavaThread "Daemon health stats" [_thread_blocked, id=4244, stack(0x00000003c1c00000,0x00000003c1d00000)]
  0x00000131b41e0800 JavaThread "Incoming local TCP Connector on port 56716" [_thread_in_native, id=4160, stack(0x00000003c1d00000,0x00000003c1e00000)]
  0x00000131b4a19800 JavaThread "Daemon periodic checks" [_thread_blocked, id=15012, stack(0x00000003c1f00000,0x00000003c2000000)]
  0x00000131b3f8c000 JavaThread "Cache worker for journal cache (C:\Users\waeen\.gradle\caches\journal-1)" [_thread_blocked, id=6056, stack(0x00000003c2700000,0x00000003c2800000)]
  0x00000131b3f88800 JavaThread "File lock request listener" [_thread_in_native, id=6752, stack(0x00000003c2800000,0x00000003c2900000)]
  0x00000131b3f8c800 JavaThread "Cache worker for file hash cache (C:\Users\waeen\.gradle\caches\7.3.3\fileHashes)" [_thread_blocked, id=14916, stack(0x00000003c2900000,0x00000003c2a00000)]
  0x00000131b3f8f000 JavaThread "File watcher server" daemon [_thread_in_native, id=9764, stack(0x00000003c2b00000,0x00000003c2c00000)]
  0x00000131b3f8d800 JavaThread "File watcher consumer" daemon [_thread_blocked, id=11636, stack(0x00000003c2c00000,0x00000003c2d00000)]
  0x00000131b3f8a000 JavaThread "jar transforms" [_thread_blocked, id=11260, stack(0x00000003c2d00000,0x00000003c2e00000)]
  0x00000131b3f8e800 JavaThread "jar transforms Thread 2" [_thread_blocked, id=5112, stack(0x00000003c2e00000,0x00000003c2f00000)]
  0x00000131b58c0800 JavaThread "jar transforms Thread 3" [_thread_blocked, id=13056, stack(0x00000003c2f00000,0x00000003c3000000)]
  0x00000131b58bf000 JavaThread "jar transforms Thread 4" [_thread_blocked, id=12484, stack(0x00000003c3000000,0x00000003c3100000)]
  0x00000131b58c4000 JavaThread "Cache worker for execution history cache (C:\Users\waeen\.gradle\caches\7.3.3\executionHistory)" [_thread_blocked, id=15236, stack(0x00000003c3400000,0x00000003c3500000)]
  0x00000131b58c5000 JavaThread "Cache worker for file content cache (C:\Users\waeen\.gradle\caches\7.3.3\fileContent)" [_thread_blocked, id=11416, stack(0x00000003c3500000,0x00000003c3600000)]
  0x00000131bb364000 JavaThread "Memory manager" [_thread_blocked, id=7120, stack(0x00000003c6000000,0x00000003c6100000)]
  0x00000131bb365000 JavaThread "pool-3-thread-1" [_thread_blocked, id=1860, stack(0x00000003c6100000,0x00000003c6200000)]
  0x00000131b9c53800 JavaThread "pool-6-thread-1" [_thread_blocked, id=12264, stack(0x00000003c5f00000,0x00000003c6000000)]
  0x00000131b5657800 JavaThread "Cache worker for Java compile cache (C:\Users\waeen\.gradle\caches\7.3.3\javaCompile)" [_thread_blocked, id=14316, stack(0x00000003c7000000,0x00000003c7100000)]
  0x00000131baeef000 JavaThread "ForkJoinPool.commonPool-worker-7" daemon [_thread_blocked, id=14436, stack(0x00000003c7700000,0x00000003c7800000)]
  0x00000131b9c4f000 JavaThread "Daemon Thread 3" [_thread_blocked, id=3944, stack(0x00000003c0600000,0x00000003c0700000)]
  0x00000131b9c50800 JavaThread "Handler for socket connection from /127.0.0.1:56716 to /127.0.0.1:57479" [_thread_in_native, id=9656, stack(0x00000003c0700000,0x00000003c0800000)]
  0x00000131b9c52000 JavaThread "Cancel handler" [_thread_blocked, id=8652, stack(0x00000003c1900000,0x00000003c1a00000)]
  0x00000131b9c4f800 JavaThread "Daemon worker Thread 3" [_thread_blocked, id=14668, stack(0x00000003c2000000,0x00000003c2100000)]
  0x00000131b9c4d000 JavaThread "Asynchronous log dispatcher for DefaultDaemonConnection: socket connection from /127.0.0.1:56716 to /127.0.0.1:57479" [_thread_blocked, id=6220, stack(0x00000003c2100000,0x00000003c2200000)]
  0x00000131b9c51000 JavaThread "Stdin handler" [_thread_blocked, id=2780, stack(0x00000003c2200000,0x00000003c2300000)]
  0x00000131b9c4e000 JavaThread "Daemon client event forwarder" [_thread_blocked, id=8496, stack(0x00000003c2300000,0x00000003c2400000)]
  0x00000131b9c56000 JavaThread "Cache worker for file hash cache (C:\Users\waeen\AndroidStudioProjects\ULRS\.gradle\7.3.3\fileHashes)" [_thread_blocked, id=2492, stack(0x00000003c2400000,0x00000003c2500000)]
=>0x00000131b9c57800 JavaThread "C2 CompilerThread1" daemon [_thread_in_native, id=8972, stack(0x00000003c2500000,0x00000003c2600000)]
  0x00000131b9c58800 JavaThread "Cache worker for checksums cache (C:\Users\waeen\AndroidStudioProjects\ULRS\.gradle\7.3.3\checksums)" [_thread_blocked, id=3872, stack(0x00000003c2600000,0x00000003c2700000)]
  0x00000131b9c54800 JavaThread "Cache worker for cache directory md-supplier (C:\Users\waeen\.gradle\caches\7.3.3\md-supplier)" [_thread_blocked, id=11024, stack(0x00000003c2a00000,0x00000003c2b00000)]
  0x00000131b9c53000 JavaThread "Cache worker for cache directory md-rule (C:\Users\waeen\.gradle\caches\7.3.3\md-rule)" [_thread_blocked, id=6500, stack(0x00000003c3100000,0x00000003c3200000)]
  0x00000131b9c59800 JavaThread "Cache worker for dependencies-accessors (C:\Users\waeen\AndroidStudioProjects\ULRS\.gradle\7.3.3\dependencies-accessors)" [_thread_blocked, id=12836, stack(0x00000003c3200000,0x00000003c3300000)]
  0x00000131b9c5a000 JavaThread "Cache worker for Build Output Cleanup Cache (C:\Users\waeen\AndroidStudioProjects\ULRS\.gradle\buildOutputCleanup)" [_thread_blocked, id=6532, stack(0x00000003c3300000,0x00000003c3400000)]
  0x00000131b9c57000 JavaThread "Unconstrained build operations" [_thread_blocked, id=8540, stack(0x00000003c3600000,0x00000003c3700000)]
  0x00000131b9c5b000 JavaThread "Unconstrained build operations Thread 2" [_thread_blocked, id=6108, stack(0x00000003c3700000,0x00000003c3800000)]
  0x00000131b9c55800 JavaThread "Unconstrained build operations Thread 3" [_thread_blocked, id=5992, stack(0x00000003c3800000,0x00000003c3900000)]
  0x00000131b9c5c000 JavaThread "Unconstrained build operations Thread 4" [_thread_in_Java, id=10392, stack(0x00000003c3900000,0x00000003c3a00000)]
  0x00000131baef4000 JavaThread "Unconstrained build operations Thread 5" [_thread_blocked, id=6872, stack(0x00000003c3a00000,0x00000003c3b00000)]
  0x00000131baef2800 JavaThread "Unconstrained build operations Thread 6" [_thread_blocked, id=6588, stack(0x00000003c3b00000,0x00000003c3c00000)]
  0x00000131baef3000 JavaThread "Unconstrained build operations Thread 7" [_thread_blocked, id=9860, stack(0x00000003c3c00000,0x00000003c3d00000)]
  0x00000131baef0000 JavaThread "Unconstrained build operations Thread 8" [_thread_blocked, id=9356, stack(0x00000003c3d00000,0x00000003c3e00000)]
  0x00000131baef0800 JavaThread "Unconstrained build operations Thread 9" [_thread_blocked, id=3888, stack(0x00000003c3e00000,0x00000003c3f00000)]
  0x00000131baeee800 JavaThread "Unconstrained build operations Thread 10" [_thread_blocked, id=10484, stack(0x00000003c3f00000,0x00000003c4000000)]
  0x00000131baef1800 JavaThread "Unconstrained build operations Thread 11" [_thread_blocked, id=1172, stack(0x00000003c4000000,0x00000003c4100000)]
  0x00000131baef5800 JavaThread "Unconstrained build operations Thread 12" [_thread_blocked, id=12144, stack(0x00000003c4100000,0x00000003c4200000)]
  0x00000131baef7800 JavaThread "Unconstrained build operations Thread 13" [_thread_blocked, id=7936, stack(0x00000003c4200000,0x00000003c4300000)]
  0x00000131baef9800 JavaThread "Unconstrained build operations Thread 14" [_thread_blocked, id=1640, stack(0x00000003c4300000,0x00000003c4400000)]
  0x00000131baef6800 JavaThread "Unconstrained build operations Thread 15" [_thread_in_Java, id=2628, stack(0x00000003c4400000,0x00000003c4500000)]
  0x00000131baef8000 JavaThread "Unconstrained build operations Thread 16" [_thread_blocked, id=9660, stack(0x00000003c4500000,0x00000003c4600000)]
  0x00000131baef9000 JavaThread "Unconstrained build operations Thread 17" [_thread_blocked, id=9984, stack(0x00000003c4600000,0x00000003c4700000)]
  0x00000131baefa800 JavaThread "Unconstrained build operations Thread 18" [_thread_blocked, id=13484, stack(0x00000003c4700000,0x00000003c4800000)]
  0x00000131baef5000 JavaThread "Unconstrained build operations Thread 19" [_thread_blocked, id=8260, stack(0x00000003c4800000,0x00000003c4900000)]
  0x00000131baefc000 JavaThread "Unconstrained build operations Thread 20" [_thread_blocked, id=8988, stack(0x00000003c4900000,0x00000003c4a00000)]
  0x00000131baefb800 JavaThread "Unconstrained build operations Thread 21" [_thread_blocked, id=3320, stack(0x00000003c4a00000,0x00000003c4b00000)]
  0x00000131baefd000 JavaThread "Unconstrained build operations Thread 22" [_thread_blocked, id=14564, stack(0x00000003c4b00000,0x00000003c4c00000)]
  0x00000131b5654000 JavaThread "Unconstrained build operations Thread 23" [_thread_blocked, id=6772, stack(0x00000003c4c00000,0x00000003c4d00000)]
  0x00000131b5656800 JavaThread "Unconstrained build operations Thread 24" [_thread_blocked, id=12604, stack(0x00000003c4d00000,0x00000003c4e00000)]
  0x00000131b5658800 JavaThread "Unconstrained build operations Thread 25" [_thread_blocked, id=11656, stack(0x00000003c4e00000,0x00000003c4f00000)]
  0x00000131b5659000 JavaThread "Unconstrained build operations Thread 26" [_thread_blocked, id=9808, stack(0x00000003c4f00000,0x00000003c5000000)]
  0x00000131b565a000 JavaThread "Unconstrained build operations Thread 27" [_thread_blocked, id=8136, stack(0x00000003c5000000,0x00000003c5100000)]
  0x00000131b5656000 JavaThread "Unconstrained build operations Thread 28" [_thread_blocked, id=13352, stack(0x00000003c5100000,0x00000003c5200000)]
  0x00000131b565a800 JavaThread "Unconstrained build operations Thread 29" [_thread_blocked, id=7144, stack(0x00000003c5200000,0x00000003c5300000)]
  0x00000131b5655000 JavaThread "Unconstrained build operations Thread 30" [_thread_blocked, id=9484, stack(0x00000003c5300000,0x00000003c5400000)]
  0x00000131b5661800 JavaThread "Unconstrained build operations Thread 31" [_thread_blocked, id=15244, stack(0x00000003c5400000,0x00000003c5500000)]
  0x00000131b565d000 JavaThread "Unconstrained build operations Thread 32" [_thread_blocked, id=5496, stack(0x00000003c5500000,0x00000003c5600000)]
  0x00000131b565c800 JavaThread "Unconstrained build operations Thread 33" [_thread_blocked, id=14032, stack(0x00000003c5600000,0x00000003c5700000)]
  0x00000131b565e000 JavaThread "Unconstrained build operations Thread 34" [_thread_in_Java, id=3640, stack(0x00000003c5700000,0x00000003c5800000)]
  0x00000131b565b800 JavaThread "Unconstrained build operations Thread 35" [_thread_blocked, id=13528, stack(0x00000003c5800000,0x00000003c5900000)]
  0x00000131b5662000 JavaThread "Unconstrained build operations Thread 36" [_thread_blocked, id=11364, stack(0x00000003c5900000,0x00000003c5a00000)]
  0x00000131b565f000 JavaThread "Unconstrained build operations Thread 37" [_thread_blocked, id=2292, stack(0x00000003c5a00000,0x00000003c5b00000)]
  0x00000131b565f800 JavaThread "Unconstrained build operations Thread 38" [_thread_blocked, id=1500, stack(0x00000003c5b00000,0x00000003c5c00000)]
  0x00000131bb361000 JavaThread "Unconstrained build operations Thread 39" [_thread_blocked, id=7596, stack(0x00000003c5c00000,0x00000003c5d00000)]
  0x00000131bb35f800 JavaThread "Unconstrained build operations Thread 40" [_thread_blocked, id=7424, stack(0x00000003c5d00000,0x00000003c5e00000)]
  0x00000131bb366800 JavaThread "build event listener" [_thread_blocked, id=14300, stack(0x00000003c5e00000,0x00000003c5f00000)]
  0x00000131bb367800 JavaThread "pool-11-thread-1" [_thread_blocked, id=10800, stack(0x00000003c6200000,0x00000003c6300000)]
  0x00000131bb361800 JavaThread "build event listener" [_thread_blocked, id=5964, stack(0x00000003c6300000,0x00000003c6400000)]
  0x00000131bb368800 JavaThread "Execution worker for ':'" [_thread_blocked, id=9584, stack(0x00000003c6400000,0x00000003c6500000)]
  0x00000131bb363800 JavaThread "Execution worker for ':' Thread 2" [_thread_blocked, id=11176, stack(0x00000003c6500000,0x00000003c6600000)]
  0x00000131bb362800 JavaThread "Execution worker for ':' Thread 3" [_thread_blocked, id=13016, stack(0x00000003c6600000,0x00000003c6700000)]
  0x00000131bb36a800 JavaThread "Cache worker for execution history cache (C:\Users\waeen\AndroidStudioProjects\ULRS\.gradle\7.3.3\executionHistory)" [_thread_blocked, id=4164, stack(0x00000003c6800000,0x00000003c6900000)]
  0x00000131bb369000 JavaThread "WorkerExecutor Queue" [_thread_blocked, id=7972, stack(0x00000003c6900000,0x00000003c6a00000)]
  0x00000131bb36e000 JavaThread "pool-12-thread-1" [_thread_blocked, id=10340, stack(0x00000003c6a00000,0x00000003c6b00000)]
  0x00000131bb36a000 JavaThread "stderr" [_thread_in_native, id=3620, stack(0x00000003c6b00000,0x00000003c6c00000)]
  0x00000131bb36b800 JavaThread "stdout" [_thread_in_native, id=7888, stack(0x00000003c6c00000,0x00000003c6d00000)]

Other Threads:
  0x00000131b168e800 VMThread "VM Thread" [stack: 0x00000003c0e00000,0x00000003c0f00000] [id=14856]
  0x00000131b218a000 WatcherThread [stack: 0x00000003c1800000,0x00000003c1900000] [id=748]
  0x0000013197ab5800 GCTaskThread "GC Thread#0" [stack: 0x00000003c0900000,0x00000003c0a00000] [id=12192]
  0x00000131b2bd6000 GCTaskThread "GC Thread#1" [stack: 0x00000003c1a00000,0x00000003c1b00000] [id=11104]
  0x00000131b280b800 GCTaskThread "GC Thread#2" [stack: 0x00000003c1b00000,0x00000003c1c00000] [id=15160]
  0x00000131b4729000 GCTaskThread "GC Thread#3" [stack: 0x00000003c1e00000,0x00000003c1f00000] [id=10204]
  0x0000013197ae7800 ConcurrentGCThread "G1 Main Marker" [stack: 0x00000003c0a00000,0x00000003c0b00000] [id=6484]
  0x0000013197ae9000 ConcurrentGCThread "G1 Conc#0" [stack: 0x00000003c0b00000,0x00000003c0c00000] [id=3316]
  0x0000013197b7a800 ConcurrentGCThread "G1 Refine#0" [stack: 0x00000003c0c00000,0x00000003c0d00000] [id=10348]
  0x00000131bb61f800 ConcurrentGCThread "G1 Refine#1" [stack: 0x00000003c0500000,0x00000003c0600000] [id=404]
  0x00000131bbd07800 ConcurrentGCThread "G1 Refine#2" [stack: 0x00000003c6700000,0x00000003c6800000] [id=8384]
  0x0000013197b7b800 ConcurrentGCThread "G1 Young RemSet Sampling" [stack: 0x00000003c0d00000,0x00000003c0e00000] [id=9188]

Threads with active compile tasks:
C2 CompilerThread08098519 22406 %     4       com.android.tools.r8.internal.xa::a @ 2422 (6068 bytes)
C2 CompilerThread18098519 22481       4       com.android.tools.r8.graph.w2::a (2391 bytes)

VM state:not at safepoint (normal execution)

VM Mutex/Monitor currently owned by a thread: None

Heap address: 0x0000000080000000, size: 2048 MB, Compressed Oops mode: 32-bit
Narrow klass base: 0x0000000000000000, Narrow klass shift: 3
Compressed class space size: 1073741824 Address: 0x0000000100000000

Heap:
 garbage-first heap   total 270336K, used 204800K [0x0000000080000000, 0x0000000100000000)
  region size 1024K, 48 young (49152K), 9 survivors (9216K)
 Metaspace       used 144652K, capacity 148026K, committed 149920K, reserved 1179648K
  class space    used 17832K, capacity 19143K, committed 19480K, reserved 1048576K
Heap Regions: E=young(eden), S=young(survivor), O=old, HS=humongous(starts), HC=humongous(continues), CS=collection set, F=free, A=archive, TAMS=top-at-mark-start (previous, next)
|   0|0x0000000080000000, 0x0000000080100000, 0x0000000080100000|100%| O|  |TAMS 0x0000000080100000, 0x0000000080000000| Updating 
|   1|0x0000000080100000, 0x0000000080200000, 0x0000000080200000|100%| O|  |TAMS 0x0000000080200000, 0x0000000080100000| Updating 
|   2|0x0000000080200000, 0x0000000080300000, 0x0000000080300000|100%| O|  |TAMS 0x0000000080300000, 0x0000000080200000| Updating 
|   3|0x0000000080300000, 0x0000000080400000, 0x0000000080400000|100%|HS|  |TAMS 0x0000000080400000, 0x0000000080300000| Complete 
|   4|0x0000000080400000, 0x0000000080500000, 0x0000000080500000|100%|HC|  |TAMS 0x0000000080500000, 0x0000000080400000| Complete 
|   5|0x0000000080500000, 0x0000000080600000, 0x0000000080600000|100%|HC|  |TAMS 0x0000000080600000, 0x0000000080500000| Complete 
|   6|0x0000000080600000, 0x0000000080700000, 0x0000000080700000|100%| O|  |TAMS 0x0000000080700000, 0x0000000080600000| Updating 
|   7|0x0000000080700000, 0x0000000080800000, 0x0000000080800000|100%| O|  |TAMS 0x0000000080800000, 0x0000000080700000| Updating 
|   8|0x0000000080800000, 0x0000000080900000, 0x0000000080900000|100%| O|  |TAMS 0x0000000080900000, 0x0000000080800000| Updating 
|   9|0x0000000080900000, 0x0000000080a00000, 0x0000000080a00000|100%| O|  |TAMS 0x0000000080a00000, 0x0000000080900000| Updating 
|  10|0x0000000080a00000, 0x0000000080b00000, 0x0000000080b00000|100%| O|  |TAMS 0x0000000080b00000, 0x0000000080a00000| Updating 
|  11|0x0000000080b00000, 0x0000000080c00000, 0x0000000080c00000|100%| O|  |TAMS 0x0000000080c00000, 0x0000000080b00000| Updating 
|  12|0x0000000080c00000, 0x0000000080d00000, 0x0000000080d00000|100%| O|  |TAMS 0x0000000080d00000, 0x0000000080c00000| Updating 
|  13|0x0000000080d00000, 0x0000000080e00000, 0x0000000080e00000|100%| O|  |TAMS 0x0000000080e00000, 0x0000000080d00000| Updating 
|  14|0x0000000080e00000, 0x0000000080f00000, 0x0000000080f00000|100%| O|  |TAMS 0x0000000080f00000, 0x0000000080e00000| Updating 
|  15|0x0000000080f00000, 0x0000000081000000, 0x0000000081000000|100%| O|  |TAMS 0x0000000081000000, 0x0000000080f00000| Updating 
|  16|0x0000000081000000, 0x0000000081100000, 0x0000000081100000|100%|HS|  |TAMS 0x0000000081100000, 0x0000000081000000| Complete 
|  17|0x0000000081100000, 0x0000000081200000, 0x0000000081200000|100%|HC|  |TAMS 0x0000000081200000, 0x0000000081100000| Complete 
|  18|0x0000000081200000, 0x0000000081300000, 0x0000000081300000|100%|HS|  |TAMS 0x0000000081300000, 0x0000000081200000| Complete 
|  19|0x0000000081300000, 0x0000000081400000, 0x0000000081400000|100%|HC|  |TAMS 0x0000000081400000, 0x0000000081300000| Complete 
|  20|0x0000000081400000, 0x0000000081500000, 0x0000000081500000|100%|HC|  |TAMS 0x0000000081500000, 0x0000000081400000| Complete 
|  21|0x0000000081500000, 0x0000000081600000, 0x0000000081600000|100%|HS|  |TAMS 0x0000000081600000, 0x0000000081500000| Complete 
|  22|0x0000000081600000, 0x0000000081700000, 0x0000000081700000|100%|HS|  |TAMS 0x0000000081700000, 0x0000000081600000| Complete 
|  23|0x0000000081700000, 0x0000000081800000, 0x0000000081800000|100%|HC|  |TAMS 0x0000000081800000, 0x0000000081700000| Complete 
|  24|0x0000000081800000, 0x0000000081900000, 0x0000000081900000|100%|HC|  |TAMS 0x0000000081900000, 0x0000000081800000| Complete 
|  25|0x0000000081900000, 0x0000000081a00000, 0x0000000081a00000|100%|HC|  |TAMS 0x0000000081a00000, 0x0000000081900000| Complete 
|  26|0x0000000081a00000, 0x0000000081b00000, 0x0000000081b00000|100%| O|  |TAMS 0x0000000081b00000, 0x0000000081a00000| Updating 
|  27|0x0000000081b00000, 0x0000000081c00000, 0x0000000081c00000|100%| O|  |TAMS 0x0000000081c00000, 0x0000000081b00000| Updating 
|  28|0x0000000081c00000, 0x0000000081d00000, 0x0000000081d00000|100%| O|  |TAMS 0x0000000081d00000, 0x0000000081c00000| Updating 
|  29|0x0000000081d00000, 0x0000000081e00000, 0x0000000081e00000|100%| O|  |TAMS 0x0000000081e00000, 0x0000000081d00000| Updating 
|  30|0x0000000081e00000, 0x0000000081f00000, 0x0000000081f00000|100%| O|  |TAMS 0x0000000081f00000, 0x0000000081e00000| Updating 
|  31|0x0000000081f00000, 0x0000000082000000, 0x0000000082000000|100%| O|  |TAMS 0x0000000082000000, 0x0000000081f00000| Updating 
|  32|0x0000000082000000, 0x0000000082100000, 0x0000000082100000|100%| O|  |TAMS 0x0000000082100000, 0x0000000082000000| Updating 
|  33|0x0000000082100000, 0x0000000082200000, 0x0000000082200000|100%| O|  |TAMS 0x0000000082200000, 0x0000000082100000| Updating 
|  34|0x0000000082200000, 0x0000000082300000, 0x0000000082300000|100%| O|  |TAMS 0x0000000082300000, 0x0000000082200000| Updating 
|  35|0x0000000082300000, 0x0000000082400000, 0x0000000082400000|100%| O|  |TAMS 0x0000000082400000, 0x0000000082300000| Updating 
|  36|0x0000000082400000, 0x0000000082500000, 0x0000000082500000|100%| O|  |TAMS 0x0000000082500000, 0x0000000082400000| Updating 
|  37|0x0000000082500000, 0x0000000082600000, 0x0000000082600000|100%| O|  |TAMS 0x0000000082600000, 0x0000000082500000| Updating 
|  38|0x0000000082600000, 0x0000000082700000, 0x0000000082700000|100%| O|  |TAMS 0x0000000082700000, 0x0000000082600000| Updating 
|  39|0x0000000082700000, 0x0000000082800000, 0x0000000082800000|100%| O|  |TAMS 0x0000000082800000, 0x0000000082700000| Updating 
|  40|0x0000000082800000, 0x0000000082900000, 0x0000000082900000|100%|HS|  |TAMS 0x0000000082900000, 0x0000000082800000| Complete 
|  41|0x0000000082900000, 0x0000000082a00000, 0x0000000082a00000|100%|HS|  |TAMS 0x0000000082a00000, 0x0000000082900000| Complete 
|  42|0x0000000082a00000, 0x0000000082b00000, 0x0000000082b00000|100%|HC|  |TAMS 0x0000000082b00000, 0x0000000082a00000| Complete 
|  43|0x0000000082b00000, 0x0000000082c00000, 0x0000000082c00000|100%|HC|  |TAMS 0x0000000082c00000, 0x0000000082b00000| Complete 
|  44|0x0000000082c00000, 0x0000000082d00000, 0x0000000082d00000|100%|HS|  |TAMS 0x0000000082d00000, 0x0000000082c00000| Complete 
|  45|0x0000000082d00000, 0x0000000082e00000, 0x0000000082e00000|100%|HC|  |TAMS 0x0000000082e00000, 0x0000000082d00000| Complete 
|  46|0x0000000082e00000, 0x0000000082f00000, 0x0000000082f00000|100%|HC|  |TAMS 0x0000000082f00000, 0x0000000082e00000| Complete 
|  47|0x0000000082f00000, 0x0000000083000000, 0x0000000083000000|100%|HC|  |TAMS 0x0000000083000000, 0x0000000082f00000| Complete 
|  48|0x0000000083000000, 0x0000000083100000, 0x0000000083100000|100%|HS|  |TAMS 0x0000000083100000, 0x0000000083000000| Complete 
|  49|0x0000000083100000, 0x0000000083200000, 0x0000000083200000|100%|HS|  |TAMS 0x0000000083200000, 0x0000000083100000| Complete 
|  50|0x0000000083200000, 0x0000000083300000, 0x0000000083300000|100%|HS|  |TAMS 0x0000000083300000, 0x0000000083200000| Complete 
|  51|0x0000000083300000, 0x0000000083400000, 0x0000000083400000|100%|HC|  |TAMS 0x0000000083400000, 0x0000000083300000| Complete 
|  52|0x0000000083400000, 0x0000000083500000, 0x0000000083500000|100%| O|  |TAMS 0x0000000083500000, 0x0000000083400000| Updating 
|  53|0x0000000083500000, 0x0000000083600000, 0x0000000083600000|100%| O|  |TAMS 0x0000000083600000, 0x0000000083500000| Updating 
|  54|0x0000000083600000, 0x0000000083700000, 0x0000000083700000|100%| O|  |TAMS 0x0000000083700000, 0x0000000083600000| Updating 
|  55|0x0000000083700000, 0x0000000083800000, 0x0000000083800000|100%| O|  |TAMS 0x0000000083800000, 0x0000000083700000| Updating 
|  56|0x0000000083800000, 0x0000000083900000, 0x0000000083900000|100%| O|  |TAMS 0x0000000083900000, 0x0000000083800000| Updating 
|  57|0x0000000083900000, 0x0000000083a00000, 0x0000000083a00000|100%| O|  |TAMS 0x0000000083a00000, 0x0000000083900000| Updating 
|  58|0x0000000083a00000, 0x0000000083b00000, 0x0000000083b00000|100%| O|  |TAMS 0x0000000083b00000, 0x0000000083a00000| Updating 
|  59|0x0000000083b00000, 0x0000000083c00000, 0x0000000083c00000|100%| O|  |TAMS 0x0000000083c00000, 0x0000000083b00000| Updating 
|  60|0x0000000083c00000, 0x0000000083d00000, 0x0000000083d00000|100%| O|  |TAMS 0x0000000083d00000, 0x0000000083c00000| Updating 
|  61|0x0000000083d00000, 0x0000000083e00000, 0x0000000083e00000|100%| O|  |TAMS 0x0000000083e00000, 0x0000000083d00000| Updating 
|  62|0x0000000083e00000, 0x0000000083f00000, 0x0000000083f00000|100%| O|  |TAMS 0x0000000083f00000, 0x0000000083e00000| Updating 
|  63|0x0000000083f00000, 0x0000000084000000, 0x0000000084000000|100%| O|  |TAMS 0x0000000084000000, 0x0000000083f00000| Updating 
|  64|0x0000000084000000, 0x0000000084100000, 0x0000000084100000|100%| O|  |TAMS 0x0000000084100000, 0x0000000084000000| Updating 
|  65|0x0000000084100000, 0x0000000084200000, 0x0000000084200000|100%| O|  |TAMS 0x0000000084200000, 0x0000000084100000| Updating 
|  66|0x0000000084200000, 0x0000000084300000, 0x0000000084300000|100%| O|  |TAMS 0x0000000084300000, 0x0000000084200000| Updating 
|  67|0x0000000084300000, 0x0000000084400000, 0x0000000084400000|100%| O|  |TAMS 0x0000000084400000, 0x0000000084300000| Updating 
|  68|0x0000000084400000, 0x0000000084500000, 0x0000000084500000|100%|HS|  |TAMS 0x0000000084500000, 0x0000000084400000| Complete 
|  69|0x0000000084500000, 0x0000000084600000, 0x0000000084600000|100%| O|  |TAMS 0x0000000084600000, 0x0000000084500000| Updating 
|  70|0x0000000084600000, 0x0000000084700000, 0x0000000084700000|100%| O|  |TAMS 0x0000000084700000, 0x0000000084600000| Updating 
|  71|0x0000000084700000, 0x0000000084800000, 0x0000000084800000|100%| O|  |TAMS 0x0000000084800000, 0x0000000084700000| Updating 
|  72|0x0000000084800000, 0x0000000084900000, 0x0000000084900000|100%|HS|  |TAMS 0x0000000084900000, 0x0000000084800000| Complete 
|  73|0x0000000084900000, 0x0000000084a00000, 0x0000000084a00000|100%|HC|  |TAMS 0x0000000084a00000, 0x0000000084900000| Complete 
|  74|0x0000000084a00000, 0x0000000084b00000, 0x0000000084b00000|100%|HS|  |TAMS 0x0000000084b00000, 0x0000000084a00000| Complete 
|  75|0x0000000084b00000, 0x0000000084c00000, 0x0000000084c00000|100%|HC|  |TAMS 0x0000000084c00000, 0x0000000084b00000| Complete 
|  76|0x0000000084c00000, 0x0000000084d00000, 0x0000000084d00000|100%|HC|  |TAMS 0x0000000084d00000, 0x0000000084c00000| Complete 
|  77|0x0000000084d00000, 0x0000000084e00000, 0x0000000084e00000|100%| O|  |TAMS 0x0000000084e00000, 0x0000000084d00000| Updating 
|  78|0x0000000084e00000, 0x0000000084f00000, 0x0000000084f00000|100%| O|  |TAMS 0x0000000084f00000, 0x0000000084e00000| Updating 
|  79|0x0000000084f00000, 0x0000000085000000, 0x0000000085000000|100%| O|  |TAMS 0x0000000085000000, 0x0000000084f00000| Updating 
|  80|0x0000000085000000, 0x0000000085100000, 0x0000000085100000|100%| O|  |TAMS 0x0000000085100000, 0x0000000085000000| Updating 
|  81|0x0000000085100000, 0x0000000085200000, 0x0000000085200000|100%| O|  |TAMS 0x0000000085200000, 0x0000000085100000| Updating 
|  82|0x0000000085200000, 0x0000000085300000, 0x0000000085300000|100%| O|  |TAMS 0x0000000085300000, 0x0000000085200000| Updating 
|  83|0x0000000085300000, 0x0000000085400000, 0x0000000085400000|100%| O|  |TAMS 0x0000000085400000, 0x0000000085300000| Updating 
|  84|0x0000000085400000, 0x0000000085500000, 0x0000000085500000|100%| O|  |TAMS 0x0000000085500000, 0x0000000085400000| Updating 
|  85|0x0000000085500000, 0x0000000085600000, 0x0000000085600000|100%|HS|  |TAMS 0x0000000085600000, 0x0000000085500000| Complete 
|  86|0x0000000085600000, 0x0000000085700000, 0x0000000085700000|100%|HC|  |TAMS 0x0000000085700000, 0x0000000085600000| Complete 
|  87|0x0000000085700000, 0x0000000085800000, 0x0000000085800000|100%|HC|  |TAMS 0x0000000085800000, 0x0000000085700000| Complete 
|  88|0x0000000085800000, 0x0000000085900000, 0x0000000085900000|100%|HC|  |TAMS 0x0000000085900000, 0x0000000085800000| Complete 
|  89|0x0000000085900000, 0x0000000085a00000, 0x0000000085a00000|100%| O|  |TAMS 0x0000000085a00000, 0x0000000085900000| Updating 
|  90|0x0000000085a00000, 0x0000000085b00000, 0x0000000085b00000|100%| O|  |TAMS 0x0000000085b00000, 0x0000000085a00000| Updating 
|  91|0x0000000085b00000, 0x0000000085c00000, 0x0000000085c00000|100%| O|  |TAMS 0x0000000085c00000, 0x0000000085b00000| Updating 
|  92|0x0000000085c00000, 0x0000000085d00000, 0x0000000085d00000|100%| O|  |TAMS 0x0000000085d00000, 0x0000000085c00000| Updating 
|  93|0x0000000085d00000, 0x0000000085e00000, 0x0000000085e00000|100%| O|  |TAMS 0x0000000085e00000, 0x0000000085d00000| Updating 
|  94|0x0000000085e00000, 0x0000000085f00000, 0x0000000085f00000|100%| O|  |TAMS 0x0000000085f00000, 0x0000000085e00000| Updating 
|  95|0x0000000085f00000, 0x0000000086000000, 0x0000000086000000|100%|HS|  |TAMS 0x0000000086000000, 0x0000000085f00000| Complete 
|  96|0x0000000086000000, 0x0000000086100000, 0x0000000086100000|100%|HC|  |TAMS 0x0000000086100000, 0x0000000086000000| Complete 
|  97|0x0000000086100000, 0x0000000086200000, 0x0000000086200000|100%| O|  |TAMS 0x0000000086200000, 0x0000000086100000| Updating 
|  98|0x0000000086200000, 0x0000000086300000, 0x0000000086300000|100%| O|  |TAMS 0x0000000086300000, 0x0000000086200000| Updating 
|  99|0x0000000086300000, 0x0000000086400000, 0x0000000086400000|100%| O|  |TAMS 0x0000000086400000, 0x0000000086300000| Updating 
| 100|0x0000000086400000, 0x0000000086500000, 0x0000000086500000|100%| O|  |TAMS 0x0000000086500000, 0x0000000086400000| Updating 
| 101|0x0000000086500000, 0x0000000086600000, 0x0000000086600000|100%| O|  |TAMS 0x0000000086600000, 0x0000000086500000| Updating 
| 102|0x0000000086600000, 0x0000000086700000, 0x0000000086700000|100%| O|  |TAMS 0x0000000086700000, 0x0000000086600000| Updating 
| 103|0x0000000086700000, 0x0000000086800000, 0x0000000086800000|100%| O|  |TAMS 0x0000000086800000, 0x0000000086700000| Updating 
| 104|0x0000000086800000, 0x0000000086900000, 0x0000000086900000|100%| O|  |TAMS 0x0000000086900000, 0x0000000086800000| Updating 
| 105|0x0000000086900000, 0x0000000086a00000, 0x0000000086a00000|100%| O|  |TAMS 0x0000000086a00000, 0x0000000086900000| Updating 
| 106|0x0000000086a00000, 0x0000000086b00000, 0x0000000086b00000|100%| O|  |TAMS 0x0000000086b00000, 0x0000000086a00000| Updating 
| 107|0x0000000086b00000, 0x0000000086c00000, 0x0000000086c00000|100%| O|  |TAMS 0x0000000086c00000, 0x0000000086b00000| Updating 
| 108|0x0000000086c00000, 0x0000000086d00000, 0x0000000086d00000|100%| O|  |TAMS 0x0000000086d00000, 0x0000000086c00000| Updating 
| 109|0x0000000086d00000, 0x0000000086e00000, 0x0000000086e00000|100%| O|  |TAMS 0x0000000086e00000, 0x0000000086d00000| Updating 
| 110|0x0000000086e00000, 0x0000000086f00000, 0x0000000086f00000|100%| O|  |TAMS 0x0000000086f00000, 0x0000000086e00000| Updating 
| 111|0x0000000086f00000, 0x0000000087000000, 0x0000000087000000|100%| O|  |TAMS 0x0000000087000000, 0x0000000086f00000| Updating 
| 112|0x0000000087000000, 0x0000000087100000, 0x0000000087100000|100%| O|  |TAMS 0x0000000087100000, 0x0000000087000000| Updating 
| 113|0x0000000087100000, 0x0000000087200000, 0x0000000087200000|100%| O|  |TAMS 0x0000000087200000, 0x0000000087100000| Updating 
| 114|0x0000000087200000, 0x0000000087300000, 0x0000000087300000|100%| O|  |TAMS 0x0000000087300000, 0x0000000087200000| Updating 
| 115|0x0000000087300000, 0x0000000087400000, 0x0000000087400000|100%| O|  |TAMS 0x0000000087400000, 0x0000000087300000| Updating 
| 116|0x0000000087400000, 0x0000000087500000, 0x0000000087500000|100%| O|  |TAMS 0x0000000087500000, 0x0000000087400000| Updating 
| 117|0x0000000087500000, 0x0000000087600000, 0x0000000087600000|100%| O|  |TAMS 0x0000000087600000, 0x0000000087500000| Updating 
| 118|0x0000000087600000, 0x0000000087700000, 0x0000000087700000|100%| O|  |TAMS 0x0000000087700000, 0x0000000087600000| Updating 
| 119|0x0000000087700000, 0x0000000087800000, 0x0000000087800000|100%| O|  |TAMS 0x0000000087800000, 0x0000000087700000| Updating 
| 120|0x0000000087800000, 0x0000000087900000, 0x0000000087900000|100%| O|  |TAMS 0x0000000087900000, 0x0000000087800000| Updating 
| 121|0x0000000087900000, 0x0000000087a00000, 0x0000000087a00000|100%| O|  |TAMS 0x0000000087a00000, 0x0000000087900000| Updating 
| 122|0x0000000087a00000, 0x0000000087b00000, 0x0000000087b00000|100%| O|  |TAMS 0x0000000087b00000, 0x0000000087a00000| Updating 
| 123|0x0000000087b00000, 0x0000000087c00000, 0x0000000087c00000|100%| O|  |TAMS 0x0000000087c00000, 0x0000000087b00000| Updating 
| 124|0x0000000087c00000, 0x0000000087c00000, 0x0000000087d00000|  0%| F|  |TAMS 0x0000000087c00000, 0x0000000087c00000| Untracked 
| 125|0x0000000087d00000, 0x0000000087e00000, 0x0000000087e00000|100%| O|  |TAMS 0x0000000087e00000, 0x0000000087d00000| Updating 
| 126|0x0000000087e00000, 0x0000000087f00000, 0x0000000087f00000|100%| O|  |TAMS 0x0000000087f00000, 0x0000000087e00000| Updating 
| 127|0x0000000087f00000, 0x0000000088000000, 0x0000000088000000|100%| O|  |TAMS 0x0000000088000000, 0x0000000087f00000| Updating 
| 128|0x0000000088000000, 0x0000000088100000, 0x0000000088100000|100%| O|  |TAMS 0x0000000088100000, 0x0000000088000000| Updating 
| 129|0x0000000088100000, 0x0000000088200000, 0x0000000088200000|100%| O|  |TAMS 0x0000000088200000, 0x0000000088100000| Updating 
| 130|0x0000000088200000, 0x0000000088300000, 0x0000000088300000|100%| O|  |TAMS 0x0000000088300000, 0x0000000088200000| Updating 
| 131|0x0000000088300000, 0x0000000088400000, 0x0000000088400000|100%| O|  |TAMS 0x0000000088400000, 0x0000000088300000| Updating 
| 132|0x0000000088400000, 0x0000000088500000, 0x0000000088500000|100%| O|  |TAMS 0x0000000088500000, 0x0000000088400000| Updating 
| 133|0x0000000088500000, 0x0000000088600000, 0x0000000088600000|100%| O|  |TAMS 0x0000000088600000, 0x0000000088500000| Updating 
| 134|0x0000000088600000, 0x0000000088700000, 0x0000000088700000|100%| O|  |TAMS 0x0000000088700000, 0x0000000088600000| Updating 
| 135|0x0000000088700000, 0x0000000088800000, 0x0000000088800000|100%| O|  |TAMS 0x0000000088800000, 0x0000000088700000| Updating 
| 136|0x0000000088800000, 0x0000000088900000, 0x0000000088900000|100%| O|  |TAMS 0x0000000088900000, 0x0000000088800000| Updating 
| 137|0x0000000088900000, 0x0000000088a00000, 0x0000000088a00000|100%| O|  |TAMS 0x0000000088a00000, 0x0000000088900000| Updating 
| 138|0x0000000088a00000, 0x0000000088a00000, 0x0000000088b00000|  0%| F|  |TAMS 0x0000000088a00000, 0x0000000088a00000| Untracked 
| 139|0x0000000088b00000, 0x0000000088b00000, 0x0000000088c00000|  0%| F|  |TAMS 0x0000000088b00000, 0x0000000088b00000| Untracked 
| 140|0x0000000088c00000, 0x0000000088d00000, 0x0000000088d00000|100%| O|  |TAMS 0x0000000088d00000, 0x0000000088c00000| Updating 
| 141|0x0000000088d00000, 0x0000000088e00000, 0x0000000088e00000|100%| O|  |TAMS 0x0000000088e00000, 0x0000000088d00000| Updating 
| 142|0x0000000088e00000, 0x0000000088f00000, 0x0000000088f00000|100%| O|  |TAMS 0x0000000088f00000, 0x0000000088e00000| Updating 
| 143|0x0000000088f00000, 0x0000000089000000, 0x0000000089000000|100%| O|  |TAMS 0x0000000089000000, 0x0000000088f00000| Updating 
| 144|0x0000000089000000, 0x0000000089100000, 0x0000000089100000|100%| O|  |TAMS 0x0000000089100000, 0x0000000089000000| Updating 
| 145|0x0000000089100000, 0x0000000089200000, 0x0000000089200000|100%| O|  |TAMS 0x0000000089200000, 0x0000000089100000| Updating 
| 146|0x0000000089200000, 0x0000000089300000, 0x0000000089300000|100%| O|  |TAMS 0x0000000089300000, 0x0000000089200000| Updating 
| 147|0x0000000089300000, 0x0000000089400000, 0x0000000089400000|100%| O|  |TAMS 0x0000000089400000, 0x0000000089300000| Updating 
| 148|0x0000000089400000, 0x0000000089500000, 0x0000000089500000|100%| O|  |TAMS 0x0000000089500000, 0x0000000089400000| Updating 
| 149|0x0000000089500000, 0x0000000089600000, 0x0000000089600000|100%| O|  |TAMS 0x0000000089600000, 0x0000000089500000| Updating 
| 150|0x0000000089600000, 0x0000000089700000, 0x0000000089700000|100%| O|  |TAMS 0x0000000089700000, 0x0000000089600000| Updating 
| 151|0x0000000089700000, 0x0000000089800000, 0x0000000089800000|100%| O|  |TAMS 0x0000000089800000, 0x0000000089700000| Updating 
| 152|0x0000000089800000, 0x0000000089900000, 0x0000000089900000|100%| O|  |TAMS 0x0000000089900000, 0x0000000089800000| Updating 
| 153|0x0000000089900000, 0x0000000089a00000, 0x0000000089a00000|100%| O|  |TAMS 0x0000000089a00000, 0x0000000089900000| Updating 
| 154|0x0000000089a00000, 0x0000000089a00000, 0x0000000089b00000|  0%| F|  |TAMS 0x0000000089a00000, 0x0000000089a00000| Untracked 
| 155|0x0000000089b00000, 0x0000000089b00000, 0x0000000089c00000|  0%| F|  |TAMS 0x0000000089b00000, 0x0000000089b00000| Untracked 
| 156|0x0000000089c00000, 0x0000000089c00000, 0x0000000089d00000|  0%| F|  |TAMS 0x0000000089c00000, 0x0000000089c00000| Untracked 
| 157|0x0000000089d00000, 0x0000000089d00000, 0x0000000089e00000|  0%| F|  |TAMS 0x0000000089d00000, 0x0000000089d00000| Untracked 
| 158|0x0000000089e00000, 0x0000000089e00000, 0x0000000089f00000|  0%| F|  |TAMS 0x0000000089e00000, 0x0000000089e00000| Untracked 
| 159|0x0000000089f00000, 0x0000000089f00000, 0x000000008a000000|  0%| F|  |TAMS 0x0000000089f00000, 0x0000000089f00000| Untracked 
| 160|0x000000008a000000, 0x000000008a000000, 0x000000008a100000|  0%| F|  |TAMS 0x000000008a000000, 0x000000008a000000| Untracked 
| 161|0x000000008a100000, 0x000000008a100000, 0x000000008a200000|  0%| F|  |TAMS 0x000000008a100000, 0x000000008a100000| Untracked 
| 162|0x000000008a200000, 0x000000008a200000, 0x000000008a300000|  0%| F|  |TAMS 0x000000008a200000, 0x000000008a200000| Untracked 
| 163|0x000000008a300000, 0x000000008a400000, 0x000000008a400000|100%| O|  |TAMS 0x000000008a400000, 0x000000008a300000| Updating 
| 164|0x000000008a400000, 0x000000008a400000, 0x000000008a500000|  0%| F|  |TAMS 0x000000008a400000, 0x000000008a400000| Untracked 
| 165|0x000000008a500000, 0x000000008a600000, 0x000000008a600000|100%| O|  |TAMS 0x000000008a600000, 0x000000008a500000| Updating 
| 166|0x000000008a600000, 0x000000008a600000, 0x000000008a700000|  0%| F|  |TAMS 0x000000008a600000, 0x000000008a600000| Untracked 
| 167|0x000000008a700000, 0x000000008a700000, 0x000000008a800000|  0%| F|  |TAMS 0x000000008a700000, 0x000000008a700000| Untracked 
| 168|0x000000008a800000, 0x000000008a800000, 0x000000008a900000|  0%| F|  |TAMS 0x000000008a800000, 0x000000008a800000| Untracked 
| 169|0x000000008a900000, 0x000000008a900000, 0x000000008aa00000|  0%| F|  |TAMS 0x000000008a900000, 0x000000008a900000| Untracked 
| 170|0x000000008aa00000, 0x000000008aa00000, 0x000000008ab00000|  0%| F|  |TAMS 0x000000008aa00000, 0x000000008aa00000| Untracked 
| 171|0x000000008ab00000, 0x000000008ab00000, 0x000000008ac00000|  0%| F|  |TAMS 0x000000008ab00000, 0x000000008ab00000| Untracked 
| 172|0x000000008ac00000, 0x000000008ac00000, 0x000000008ad00000|  0%| F|  |TAMS 0x000000008ac00000, 0x000000008ac00000| Untracked 
| 173|0x000000008ad00000, 0x000000008ad00000, 0x000000008ae00000|  0%| F|  |TAMS 0x000000008ad00000, 0x000000008ad00000| Untracked 
| 174|0x000000008ae00000, 0x000000008ae00000, 0x000000008af00000|  0%| F|  |TAMS 0x000000008ae00000, 0x000000008ae00000| Untracked 
| 175|0x000000008af00000, 0x000000008af00000, 0x000000008b000000|  0%| F|  |TAMS 0x000000008af00000, 0x000000008af00000| Untracked 
| 176|0x000000008b000000, 0x000000008b000000, 0x000000008b100000|  0%| F|  |TAMS 0x000000008b000000, 0x000000008b000000| Untracked 
| 177|0x000000008b100000, 0x000000008b100000, 0x000000008b200000|  0%| F|  |TAMS 0x000000008b100000, 0x000000008b100000| Untracked 
| 178|0x000000008b200000, 0x000000008b200000, 0x000000008b300000|  0%| F|  |TAMS 0x000000008b200000, 0x000000008b200000| Untracked 
| 179|0x000000008b300000, 0x000000008b300000, 0x000000008b400000|  0%| F|  |TAMS 0x000000008b300000, 0x000000008b300000| Untracked 
| 180|0x000000008b400000, 0x000000008b400000, 0x000000008b500000|  0%| F|  |TAMS 0x000000008b400000, 0x000000008b400000| Untracked 
| 181|0x000000008b500000, 0x000000008b500000, 0x000000008b600000|  0%| F|  |TAMS 0x000000008b500000, 0x000000008b500000| Untracked 
| 182|0x000000008b600000, 0x000000008b600000, 0x000000008b700000|  0%| F|  |TAMS 0x000000008b600000, 0x000000008b600000| Untracked 
| 183|0x000000008b700000, 0x000000008b700000, 0x000000008b800000|  0%| F|  |TAMS 0x000000008b700000, 0x000000008b700000| Untracked 
| 184|0x000000008b800000, 0x000000008b800000, 0x000000008b900000|  0%| F|  |TAMS 0x000000008b800000, 0x000000008b800000| Untracked 
| 185|0x000000008b900000, 0x000000008b900000, 0x000000008ba00000|  0%| F|  |TAMS 0x000000008b900000, 0x000000008b900000| Untracked 
| 186|0x000000008ba00000, 0x000000008ba00000, 0x000000008bb00000|  0%| F|  |TAMS 0x000000008ba00000, 0x000000008ba00000| Untracked 
| 187|0x000000008bb00000, 0x000000008bb00000, 0x000000008bc00000|  0%| F|  |TAMS 0x000000008bb00000, 0x000000008bb00000| Untracked 
| 188|0x000000008bc00000, 0x000000008bd00000, 0x000000008bd00000|100%| S|CS|TAMS 0x000000008bc00000, 0x000000008bc00000| Complete 
| 189|0x000000008bd00000, 0x000000008be00000, 0x000000008be00000|100%| S|CS|TAMS 0x000000008bd00000, 0x000000008bd00000| Complete 
| 190|0x000000008be00000, 0x000000008bf00000, 0x000000008bf00000|100%| S|CS|TAMS 0x000000008be00000, 0x000000008be00000| Complete 
| 191|0x000000008bf00000, 0x000000008c000000, 0x000000008c000000|100%| S|CS|TAMS 0x000000008bf00000, 0x000000008bf00000| Complete 
| 192|0x000000008c000000, 0x000000008c100000, 0x000000008c100000|100%| S|CS|TAMS 0x000000008c000000, 0x000000008c000000| Complete 
| 193|0x000000008c100000, 0x000000008c200000, 0x000000008c200000|100%| S|CS|TAMS 0x000000008c100000, 0x000000008c100000| Complete 
| 194|0x000000008c200000, 0x000000008c300000, 0x000000008c300000|100%| S|CS|TAMS 0x000000008c200000, 0x000000008c200000| Complete 
| 195|0x000000008c300000, 0x000000008c400000, 0x000000008c400000|100%| S|CS|TAMS 0x000000008c300000, 0x000000008c300000| Complete 
| 196|0x000000008c400000, 0x000000008c500000, 0x000000008c500000|100%| S|CS|TAMS 0x000000008c400000, 0x000000008c400000| Complete 
| 197|0x000000008c500000, 0x000000008c500000, 0x000000008c600000|  0%| F|  |TAMS 0x000000008c500000, 0x000000008c500000| Untracked 
| 198|0x000000008c600000, 0x000000008c600000, 0x000000008c700000|  0%| F|  |TAMS 0x000000008c600000, 0x000000008c600000| Untracked 
| 199|0x000000008c700000, 0x000000008c700000, 0x000000008c800000|  0%| F|  |TAMS 0x000000008c700000, 0x000000008c700000| Untracked 
| 200|0x000000008c800000, 0x000000008c800000, 0x000000008c900000|  0%| F|  |TAMS 0x000000008c800000, 0x000000008c800000| Untracked 
| 201|0x000000008c900000, 0x000000008c900000, 0x000000008ca00000|  0%| F|  |TAMS 0x000000008c900000, 0x000000008c900000| Untracked 
| 202|0x000000008ca00000, 0x000000008ca00000, 0x000000008cb00000|  0%| F|  |TAMS 0x000000008ca00000, 0x000000008ca00000| Untracked 
| 203|0x000000008cb00000, 0x000000008cb00000, 0x000000008cc00000|  0%| F|  |TAMS 0x000000008cb00000, 0x000000008cb00000| Untracked 
| 204|0x000000008cc00000, 0x000000008cc00000, 0x000000008cd00000|  0%| F|  |TAMS 0x000000008cc00000, 0x000000008cc00000| Untracked 
| 205|0x000000008cd00000, 0x000000008cd00000, 0x000000008ce00000|  0%| F|  |TAMS 0x000000008cd00000, 0x000000008cd00000| Untracked 
| 206|0x000000008ce00000, 0x000000008ce00000, 0x000000008cf00000|  0%| F|  |TAMS 0x000000008ce00000, 0x000000008ce00000| Untracked 
| 207|0x000000008cf00000, 0x000000008cf00000, 0x000000008d000000|  0%| F|  |TAMS 0x000000008cf00000, 0x000000008cf00000| Untracked 
| 208|0x000000008d000000, 0x000000008d000000, 0x000000008d100000|  0%| F|  |TAMS 0x000000008d000000, 0x000000008d000000| Untracked 
| 209|0x000000008d100000, 0x000000008d100000, 0x000000008d200000|  0%| F|  |TAMS 0x000000008d100000, 0x000000008d100000| Untracked 
| 210|0x000000008d200000, 0x000000008d200000, 0x000000008d300000|  0%| F|  |TAMS 0x000000008d200000, 0x000000008d200000| Untracked 
| 211|0x000000008d300000, 0x000000008d300000, 0x000000008d400000|  0%| F|  |TAMS 0x000000008d300000, 0x000000008d300000| Untracked 
| 212|0x000000008d400000, 0x000000008d400000, 0x000000008d500000|  0%| F|  |TAMS 0x000000008d400000, 0x000000008d400000| Untracked 
| 213|0x000000008d500000, 0x000000008d500000, 0x000000008d600000|  0%| F|  |TAMS 0x000000008d500000, 0x000000008d500000| Untracked 
| 214|0x000000008d600000, 0x000000008d600000, 0x000000008d700000|  0%| F|  |TAMS 0x000000008d600000, 0x000000008d600000| Untracked 
| 215|0x000000008d700000, 0x000000008d700000, 0x000000008d800000|  0%| F|  |TAMS 0x000000008d700000, 0x000000008d700000| Untracked 
| 216|0x000000008d800000, 0x000000008d800000, 0x000000008d900000|  0%| F|  |TAMS 0x000000008d800000, 0x000000008d800000| Untracked 
| 217|0x000000008d900000, 0x000000008d900000, 0x000000008da00000|  0%| F|  |TAMS 0x000000008d900000, 0x000000008d900000| Untracked 
| 218|0x000000008da00000, 0x000000008da00000, 0x000000008db00000|  0%| F|  |TAMS 0x000000008da00000, 0x000000008da00000| Untracked 
| 219|0x000000008db00000, 0x000000008db00000, 0x000000008dc00000|  0%| F|  |TAMS 0x000000008db00000, 0x000000008db00000| Untracked 
| 220|0x000000008dc00000, 0x000000008dc00000, 0x000000008dd00000|  0%| F|  |TAMS 0x000000008dc00000, 0x000000008dc00000| Untracked 
| 221|0x000000008dd00000, 0x000000008dd00000, 0x000000008de00000|  0%| F|  |TAMS 0x000000008dd00000, 0x000000008dd00000| Untracked 
| 222|0x000000008de00000, 0x000000008de00000, 0x000000008df00000|  0%| F|  |TAMS 0x000000008de00000, 0x000000008de00000| Untracked 
| 223|0x000000008df00000, 0x000000008df00000, 0x000000008e000000|  0%| F|  |TAMS 0x000000008df00000, 0x000000008df00000| Untracked 
| 224|0x000000008e000000, 0x000000008e049310, 0x000000008e100000| 28%| E|  |TAMS 0x000000008e000000, 0x000000008e000000| Complete 
| 225|0x000000008e100000, 0x000000008e200000, 0x000000008e200000|100%| E|CS|TAMS 0x000000008e100000, 0x000000008e100000| Complete 
| 226|0x000000008e200000, 0x000000008e300000, 0x000000008e300000|100%| E|CS|TAMS 0x000000008e200000, 0x000000008e200000| Complete 
| 227|0x000000008e300000, 0x000000008e400000, 0x000000008e400000|100%| E|CS|TAMS 0x000000008e300000, 0x000000008e300000| Complete 
| 228|0x000000008e400000, 0x000000008e500000, 0x000000008e500000|100%| E|CS|TAMS 0x000000008e400000, 0x000000008e400000| Complete 
| 229|0x000000008e500000, 0x000000008e600000, 0x000000008e600000|100%| E|CS|TAMS 0x000000008e500000, 0x000000008e500000| Complete 
| 230|0x000000008e600000, 0x000000008e700000, 0x000000008e700000|100%| E|CS|TAMS 0x000000008e600000, 0x000000008e600000| Complete 
| 231|0x000000008e700000, 0x000000008e800000, 0x000000008e800000|100%| E|CS|TAMS 0x000000008e700000, 0x000000008e700000| Complete 
| 232|0x000000008e800000, 0x000000008e900000, 0x000000008e900000|100%| E|CS|TAMS 0x000000008e800000, 0x000000008e800000| Complete 
| 233|0x000000008e900000, 0x000000008ea00000, 0x000000008ea00000|100%| E|CS|TAMS 0x000000008e900000, 0x000000008e900000| Complete 
| 234|0x000000008ea00000, 0x000000008eb00000, 0x000000008eb00000|100%| E|CS|TAMS 0x000000008ea00000, 0x000000008ea00000| Complete 
| 235|0x000000008eb00000, 0x000000008ec00000, 0x000000008ec00000|100%| E|CS|TAMS 0x000000008eb00000, 0x000000008eb00000| Complete 
| 236|0x000000008ec00000, 0x000000008ed00000, 0x000000008ed00000|100%| E|CS|TAMS 0x000000008ec00000, 0x000000008ec00000| Complete 
| 237|0x000000008ed00000, 0x000000008ee00000, 0x000000008ee00000|100%| E|CS|TAMS 0x000000008ed00000, 0x000000008ed00000| Complete 
| 238|0x000000008ee00000, 0x000000008ef00000, 0x000000008ef00000|100%| E|CS|TAMS 0x000000008ee00000, 0x000000008ee00000| Complete 
| 239|0x000000008ef00000, 0x000000008f000000, 0x000000008f000000|100%| E|CS|TAMS 0x000000008ef00000, 0x000000008ef00000| Complete 
| 240|0x000000008f000000, 0x000000008f100000, 0x000000008f100000|100%| E|CS|TAMS 0x000000008f000000, 0x000000008f000000| Complete 
| 241|0x000000008f100000, 0x000000008f200000, 0x000000008f200000|100%| E|CS|TAMS 0x000000008f100000, 0x000000008f100000| Complete 
| 242|0x000000008f200000, 0x000000008f300000, 0x000000008f300000|100%| E|CS|TAMS 0x000000008f200000, 0x000000008f200000| Complete 
| 243|0x000000008f300000, 0x000000008f400000, 0x000000008f400000|100%| E|CS|TAMS 0x000000008f300000, 0x000000008f300000| Complete 
| 244|0x000000008f400000, 0x000000008f500000, 0x000000008f500000|100%| E|CS|TAMS 0x000000008f400000, 0x000000008f400000| Complete 
| 245|0x000000008f500000, 0x000000008f600000, 0x000000008f600000|100%| E|CS|TAMS 0x000000008f500000, 0x000000008f500000| Complete 
| 246|0x000000008f600000, 0x000000008f700000, 0x000000008f700000|100%| E|CS|TAMS 0x000000008f600000, 0x000000008f600000| Complete 
| 247|0x000000008f700000, 0x000000008f800000, 0x000000008f800000|100%| E|CS|TAMS 0x000000008f700000, 0x000000008f700000| Complete 
| 248|0x000000008f800000, 0x000000008f900000, 0x000000008f900000|100%| E|CS|TAMS 0x000000008f800000, 0x000000008f800000| Complete 
| 249|0x000000008f900000, 0x000000008fa00000, 0x000000008fa00000|100%| E|CS|TAMS 0x000000008f900000, 0x000000008f900000| Complete 
| 250|0x000000008fa00000, 0x000000008fb00000, 0x000000008fb00000|100%| E|CS|TAMS 0x000000008fa00000, 0x000000008fa00000| Complete 
| 251|0x000000008fb00000, 0x000000008fc00000, 0x000000008fc00000|100%| E|CS|TAMS 0x000000008fb00000, 0x000000008fb00000| Complete 
| 252|0x000000008fc00000, 0x000000008fd00000, 0x000000008fd00000|100%| E|CS|TAMS 0x000000008fc00000, 0x000000008fc00000| Complete 
| 253|0x000000008fd00000, 0x000000008fe00000, 0x000000008fe00000|100%| E|CS|TAMS 0x000000008fd00000, 0x000000008fd00000| Complete 
| 254|0x000000008fe00000, 0x000000008ff00000, 0x000000008ff00000|100%| E|CS|TAMS 0x000000008fe00000, 0x000000008fe00000| Complete 
| 255|0x000000008ff00000, 0x0000000090000000, 0x0000000090000000|100%| E|CS|TAMS 0x000000008ff00000, 0x000000008ff00000| Complete 
| 256|0x0000000090000000, 0x0000000090100000, 0x0000000090100000|100%| E|CS|TAMS 0x0000000090000000, 0x0000000090000000| Complete 
| 257|0x0000000090100000, 0x0000000090200000, 0x0000000090200000|100%| E|CS|TAMS 0x0000000090100000, 0x0000000090100000| Complete 
| 258|0x0000000090200000, 0x0000000090300000, 0x0000000090300000|100%| E|CS|TAMS 0x0000000090200000, 0x0000000090200000| Complete 
| 259|0x0000000090300000, 0x0000000090400000, 0x0000000090400000|100%| E|CS|TAMS 0x0000000090300000, 0x0000000090300000| Complete 
| 260|0x0000000090400000, 0x0000000090500000, 0x0000000090500000|100%| E|CS|TAMS 0x0000000090400000, 0x0000000090400000| Complete 
| 261|0x0000000090500000, 0x0000000090600000, 0x0000000090600000|100%| E|CS|TAMS 0x0000000090500000, 0x0000000090500000| Complete 
| 262|0x0000000090600000, 0x0000000090700000, 0x0000000090700000|100%| E|CS|TAMS 0x0000000090600000, 0x0000000090600000| Complete 
| 263|0x0000000090700000, 0x0000000090800000, 0x0000000090800000|100%| E|CS|TAMS 0x0000000090700000, 0x0000000090700000| Complete 

Card table byte_map: [0x00000131aa9b0000,0x00000131aadb0000] _byte_map_base: 0x00000131aa5b0000

Marking Bits (Prev, Next): (CMBitMap*) 0x0000013197adee50, (CMBitMap*) 0x0000013197adee18
 Prev Bits: [0x00000131ad1b0000, 0x00000131af1b0000)
 Next Bits: [0x00000131ab1b0000, 0x00000131ad1b0000)

Polling page: 0x0000013197280000

Metaspace:

Usage:
  Non-class:    125.86 MB capacity,   123.85 MB ( 98%) used,     1.58 MB (  1%) free+waste,   443.31 KB ( <1%) overhead. 
      Class:     18.69 MB capacity,    17.41 MB ( 93%) used,     1.09 MB (  6%) free+waste,   192.19 KB (  1%) overhead. 
       Both:    144.56 MB capacity,   141.26 MB ( 98%) used,     2.67 MB (  2%) free+waste,   635.50 KB ( <1%) overhead. 

Virtual space:
  Non-class space:      128.00 MB reserved,     127.38 MB (>99%) committed 
      Class space:        1.00 GB reserved,      19.02 MB (  2%) committed 
             Both:        1.13 GB reserved,     146.41 MB ( 13%) committed 

Chunk freelists:
   Non-Class:  1.52 MB
       Class:  313.00 KB
        Both:  1.83 MB

MaxMetaspaceSize: 17179869184.00 GB
CompressedClassSpaceSize: 1.00 GB
Initial GC threshold: 20.80 MB
Current GC threshold: 244.01 MB
CDS: off

CodeHeap 'non-profiled nmethods': size=120064Kb used=14034Kb max_used=14034Kb free=106030Kb
 bounds [0x00000131a3070000, 0x00000131a3e60000, 0x00000131aa5b0000]
CodeHeap 'profiled nmethods': size=120000Kb used=46118Kb max_used=46687Kb free=73881Kb
 bounds [0x000001319bb40000, 0x000001319e950000, 0x00000131a3070000]
CodeHeap 'non-nmethods': size=5696Kb used=2506Kb max_used=2567Kb free=3190Kb
 bounds [0x000001319b5b0000, 0x000001319b850000, 0x000001319bb40000]
 total_blobs=21075 nmethods=20039 adapters=947
 compilation: enabled
              stopped_count=0, restarted_count=0
 full_count=0

Compilation events (20 events):
Event: 8098.185 Thread 0x00000131b9c57800 22419       4       com.android.tools.r8.internal.oq::a (911 bytes)
Event: 8098.188 Thread 0x00000131b16b9800 nmethod 22475 0x000001319ce64c90 code [0x000001319ce65380, 0x000001319ce68c18]
Event: 8098.196 Thread 0x00000131b16b9800 22478       2       com.android.tools.r8.internal.u6::<init> (151 bytes)
Event: 8098.196 Thread 0x00000131b16b9800 nmethod 22478 0x000001319ce64890 code [0x000001319ce64a40, 0x000001319ce64bd8]
Event: 8098.260 Thread 0x00000131b9c57800 nmethod 22419 0x00000131a3677e10 code [0x00000131a3677fe0, 0x00000131a36791d8]
Event: 8098.260 Thread 0x00000131b9c57800 22407       4       java.util.IdentityHashMap::resize (153 bytes)
Event: 8098.281 Thread 0x00000131b9c57800 nmethod 22407 0x00000131a3868f10 code [0x00000131a38690c0, 0x00000131a3869a68]
Event: 8098.281 Thread 0x00000131b9c57800 22420       4       com.android.tools.r8.internal.xa::a (38 bytes)
Event: 8098.285 Thread 0x00000131b9c57800 nmethod 22420 0x00000131a3868910 code [0x00000131a3868ac0, 0x00000131a3868c78]
Event: 8098.285 Thread 0x00000131b9c57800 22422       4       com.android.tools.r8.internal.bX::d (38 bytes)
Event: 8098.290 Thread 0x00000131b9c57800 nmethod 22422 0x00000131a37d2610 code [0x00000131a37d27c0, 0x00000131a37d29b8]
Event: 8098.290 Thread 0x00000131b9c57800 22427       4       com.android.tools.r8.graph.w2::d (194 bytes)
Event: 8098.323 Thread 0x00000131b9c57800 nmethod 22427 0x00000131a375be90 code [0x00000131a375c080, 0x00000131a375cdf8]
Event: 8098.323 Thread 0x00000131b9c57800 22481       4       com.android.tools.r8.graph.w2::a (2391 bytes)
Event: 8098.358 Thread 0x00000131b16b9800 22484       2       com.android.tools.r8.graph.t2::<init> (36 bytes)
Event: 8098.358 Thread 0x00000131b16b9800 nmethod 22484 0x000001319daafd10 code [0x000001319daafec0, 0x000001319dab01d8]
Event: 8098.359 Thread 0x00000131b16b9800 22485       2       com.android.tools.r8.internal.Ka::a (16 bytes)
Event: 8098.359 Thread 0x00000131b16b9800 nmethod 22485 0x000001319c92fc10 code [0x000001319c92fdc0, 0x000001319c92fee8]
Event: 8098.366 Thread 0x00000131b16b9800 22488       2       com.android.tools.r8.internal.O6::k (4 bytes)
Event: 8098.366 Thread 0x00000131b16b9800 nmethod 22488 0x000001319bf55510 code [0x000001319bf556c0, 0x000001319bf55798]

GC Heap History (20 events):
Event: 5297.322 GC heap before
{Heap before GC invocations=54 (full 0):
 garbage-first heap   total 270336K, used 164841K [0x0000000080000000, 0x0000000100000000)
  region size 1024K, 27 young (27648K), 2 survivors (2048K)
 Metaspace       used 143767K, capacity 147164K, committed 147360K, reserved 1177600K
  class space    used 17800K, capacity 19134K, committed 19224K, reserved 1048576K
}
Event: 5297.353 GC heap after
{Heap after GC invocations=55 (full 0):
 garbage-first heap   total 270336K, used 143690K [0x0000000080000000, 0x0000000100000000)
  region size 1024K, 6 young (6144K), 6 survivors (6144K)
 Metaspace       used 143767K, capacity 147164K, committed 147360K, reserved 1177600K
  class space    used 17800K, capacity 19134K, committed 19224K, reserved 1048576K
}
Event: 7376.403 GC heap before
{Heap before GC invocations=56 (full 0):
 garbage-first heap   total 270336K, used 220490K [0x0000000080000000, 0x0000000100000000)
  region size 1024K, 74 young (75776K), 6 survivors (6144K)
 Metaspace       used 145807K, capacity 149250K, committed 149664K, reserved 1179648K
  class space    used 18034K, capacity 19359K, committed 19480K, reserved 1048576K
}
Event: 7376.502 GC heap after
{Heap after GC invocations=57 (full 0):
 garbage-first heap   total 270336K, used 139930K [0x0000000080000000, 0x0000000100000000)
  region size 1024K, 2 young (2048K), 2 survivors (2048K)
 Metaspace       used 145807K, capacity 149250K, committed 149664K, reserved 1179648K
  class space    used 18034K, capacity 19359K, committed 19480K, reserved 1048576K
}
Event: 8056.548 GC heap before
{Heap before GC invocations=57 (full 0):
 garbage-first heap   total 270336K, used 151194K [0x0000000080000000, 0x0000000100000000)
  region size 1024K, 13 young (13312K), 2 survivors (2048K)
 Metaspace       used 145808K, capacity 149250K, committed 149664K, reserved 1179648K
  class space    used 18034K, capacity 19359K, committed 19480K, reserved 1048576K
}
Event: 8056.657 GC heap after
{Heap after GC invocations=58 (full 0):
 garbage-first heap   total 270336K, used 138138K [0x0000000080000000, 0x0000000100000000)
  region size 1024K, 1 young (1024K), 1 survivors (1024K)
 Metaspace       used 145808K, capacity 149250K, committed 149664K, reserved 1179648K
  class space    used 18034K, capacity 19359K, committed 19480K, reserved 1048576K
}
Event: 8092.303 GC heap before
{Heap before GC invocations=58 (full 0):
 garbage-first heap   total 270336K, used 214938K [0x0000000080000000, 0x0000000100000000)
  region size 1024K, 77 young (78848K), 1 survivors (1024K)
 Metaspace       used 146357K, capacity 149869K, committed 149920K, reserved 1179648K
  class space    used 18079K, capacity 19437K, committed 19480K, reserved 1048576K
}
Event: 8092.344 GC heap after
{Heap after GC invocations=59 (full 0):
 garbage-first heap   total 270336K, used 144203K [0x0000000080000000, 0x0000000100000000)
  region size 1024K, 7 young (7168K), 7 survivors (7168K)
 Metaspace       used 146357K, capacity 149869K, committed 149920K, reserved 1179648K
  class space    used 18079K, capacity 19437K, committed 19480K, reserved 1048576K
}
Event: 8094.306 GC heap before
{Heap before GC invocations=60 (full 0):
 garbage-first heap   total 270336K, used 216854K [0x0000000080000000, 0x0000000100000000)
  region size 1024K, 80 young (81920K), 7 survivors (7168K)
 Metaspace       used 144027K, capacity 147465K, committed 149920K, reserved 1179648K
  class space    used 17770K, capacity 19079K, committed 19480K, reserved 1048576K
}
Event: 8094.335 GC heap after
{Heap after GC invocations=61 (full 0):
 garbage-first heap   total 270336K, used 143925K [0x0000000080000000, 0x0000000100000000)
  region size 1024K, 1 young (1024K), 1 survivors (1024K)
 Metaspace       used 144027K, capacity 147465K, committed 149920K, reserved 1179648K
  class space    used 17770K, capacity 19079K, committed 19480K, reserved 1048576K
}
Event: 8094.624 GC heap before
{Heap before GC invocations=61 (full 0):
 garbage-first heap   total 270336K, used 155189K [0x0000000080000000, 0x0000000100000000)
  region size 1024K, 13 young (13312K), 1 survivors (1024K)
 Metaspace       used 144058K, capacity 147493K, committed 149920K, reserved 1179648K
  class space    used 17777K, capacity 19087K, committed 19480K, reserved 1048576K
}
Event: 8094.654 GC heap after
{Heap after GC invocations=62 (full 0):
 garbage-first heap   total 270336K, used 137615K [0x0000000080000000, 0x0000000100000000)
  region size 1024K, 1 young (1024K), 1 survivors (1024K)
 Metaspace       used 144058K, capacity 147493K, committed 149920K, reserved 1179648K
  class space    used 17777K, capacity 19087K, committed 19480K, reserved 1048576K
}
Event: 8095.889 GC heap before
{Heap before GC invocations=62 (full 0):
 garbage-first heap   total 270336K, used 194959K [0x0000000080000000, 0x0000000100000000)
  region size 1024K, 58 young (59392K), 1 survivors (1024K)
 Metaspace       used 144077K, capacity 147505K, committed 149920K, reserved 1179648K
  class space    used 17779K, capacity 19090K, committed 19480K, reserved 1048576K
}
Event: 8095.896 GC heap after
{Heap after GC invocations=63 (full 0):
 garbage-first heap   total 270336K, used 137515K [0x0000000080000000, 0x0000000100000000)
  region size 1024K, 1 young (1024K), 1 survivors (1024K)
 Metaspace       used 144077K, capacity 147505K, committed 149920K, reserved 1179648K
  class space    used 17779K, capacity 19090K, committed 19480K, reserved 1048576K
}
Event: 8097.017 GC heap before
{Heap before GC invocations=64 (full 0):
 garbage-first heap   total 270336K, used 219435K [0x0000000080000000, 0x0000000100000000)
  region size 1024K, 80 young (81920K), 1 survivors (1024K)
 Metaspace       used 144251K, capacity 147660K, committed 149920K, reserved 1179648K
  class space    used 17781K, capacity 19100K, committed 19480K, reserved 1048576K
}
Event: 8097.053 GC heap after
{Heap after GC invocations=65 (full 0):
 garbage-first heap   total 270336K, used 158609K [0x0000000080000000, 0x0000000100000000)
  region size 1024K, 10 young (10240K), 10 survivors (10240K)
 Metaspace       used 144251K, capacity 147660K, committed 149920K, reserved 1179648K
  class space    used 17781K, capacity 19100K, committed 19480K, reserved 1048576K
}
Event: 8097.067 GC heap before
{Heap before GC invocations=65 (full 0):
 garbage-first heap   total 270336K, used 161681K [0x0000000080000000, 0x0000000100000000)
  region size 1024K, 13 young (13312K), 10 survivors (10240K)
 Metaspace       used 144252K, capacity 147660K, committed 149920K, reserved 1179648K
  class space    used 17781K, capacity 19100K, committed 19480K, reserved 1048576K
}
Event: 8097.117 GC heap after
{Heap after GC invocations=66 (full 0):
 garbage-first heap   total 270336K, used 150795K [0x0000000080000000, 0x0000000100000000)
  region size 1024K, 2 young (2048K), 2 survivors (2048K)
 Metaspace       used 144252K, capacity 147660K, committed 149920K, reserved 1179648K
  class space    used 17781K, capacity 19100K, committed 19480K, reserved 1048576K
}
Event: 8097.851 GC heap before
{Heap before GC invocations=66 (full 0):
 garbage-first heap   total 270336K, used 217355K [0x0000000080000000, 0x0000000100000000)
  region size 1024K, 67 young (68608K), 2 survivors (2048K)
 Metaspace       used 144639K, capacity 148023K, committed 149920K, reserved 1179648K
  class space    used 17832K, capacity 19143K, committed 19480K, reserved 1048576K
}
Event: 8097.901 GC heap after
{Heap after GC invocations=67 (full 0):
 garbage-first heap   total 270336K, used 165888K [0x0000000080000000, 0x0000000100000000)
  region size 1024K, 9 young (9216K), 9 survivors (9216K)
 Metaspace       used 144639K, capacity 148023K, committed 149920K, reserved 1179648K
  class space    used 17832K, capacity 19143K, committed 19480K, reserved 1048576K
}

Deoptimization events (20 events):
Event: 8097.434 Thread 0x00000131b9c5c000 DEOPT PACKING pc=0x00000131a3bffec4 sp=0x00000003c39f9cc0
Event: 8097.434 Thread 0x00000131b9c5c000 DEOPT UNPACKING pc=0x000001319b5fa1af sp=0x00000003c39f9b98 mode 2
Event: 8097.434 Thread 0x00000131b9c5c000 Uncommon trap: trap_request=0xffffff4d fr.pc=0x00000131a3c08f04 relative=0x00000000000000c4
Event: 8097.434 Thread 0x00000131b9c5c000 Uncommon trap: reason=unstable_if action=reinterpret pc=0x00000131a3c08f04 method=com.android.tools.r8.internal.le.a(C)Z @ 33 c2
Event: 8097.434 Thread 0x00000131b9c5c000 DEOPT PACKING pc=0x00000131a3c08f04 sp=0x00000003c39f9c70
Event: 8097.434 Thread 0x00000131b9c5c000 DEOPT UNPACKING pc=0x000001319b5fa1af sp=0x00000003c39f9b98 mode 2
Event: 8097.434 Thread 0x00000131b9c5c000 Uncommon trap: trap_request=0xffffff4d fr.pc=0x00000131a3bffa48 relative=0x00000000000000a8
Event: 8097.434 Thread 0x00000131b9c5c000 Uncommon trap: reason=unstable_if action=reinterpret pc=0x00000131a3bffa48 method=com.android.tools.r8.internal.le.a(C)Z @ 45 c2
Event: 8097.434 Thread 0x00000131b9c5c000 DEOPT PACKING pc=0x00000131a3bffa48 sp=0x00000003c39f9c00
Event: 8097.434 Thread 0x00000131b9c5c000 DEOPT UNPACKING pc=0x000001319b5fa1af sp=0x00000003c39f9b98 mode 2
Event: 8097.625 Thread 0x00000131baef6800 DEOPT PACKING pc=0x000001319bfd0e45 sp=0x00000003c44f99d0
Event: 8097.625 Thread 0x00000131baef6800 DEOPT UNPACKING pc=0x000001319b5fa95e sp=0x00000003c44f8e88 mode 0
Event: 8097.656 Thread 0x00000131b565e000 Uncommon trap: trap_request=0xffffffc6 fr.pc=0x00000131a3443d70 relative=0x0000000000001170
Event: 8097.656 Thread 0x00000131b565e000 Uncommon trap: reason=bimorphic_or_optimized_type_check action=maybe_recompile pc=0x00000131a3443d70 method=com.android.tools.r8.graph.r0.a(Lcom/android/tools/r8/internal/jV;Lcom/android/tools/r8/internal/Yb;)I @ 6 c2
Event: 8097.657 Thread 0x00000131b565e000 DEOPT PACKING pc=0x00000131a3443d70 sp=0x00000003c57fb1e0
Event: 8097.657 Thread 0x00000131b565e000 DEOPT UNPACKING pc=0x000001319b5fa1af sp=0x00000003c57fb188 mode 2
Event: 8097.943 Thread 0x00000131b9c5c000 DEOPT PACKING pc=0x000001319bfd0e45 sp=0x00000003c39f91b0
Event: 8097.943 Thread 0x00000131b9c5c000 DEOPT UNPACKING pc=0x000001319b5fa95e sp=0x00000003c39f8668 mode 0
Event: 8097.946 Thread 0x00000131b9c5c000 DEOPT PACKING pc=0x000001319c30d047 sp=0x00000003c39fa0d0
Event: 8097.946 Thread 0x00000131b9c5c000 DEOPT UNPACKING pc=0x000001319b5fa95e sp=0x00000003c39f9608 mode 0

Classes redefined (0 events):
No events

Internal exceptions (20 events):
Event: 5298.308 Thread 0x00000131b565a800 Implicit null exception at 0x00000131a37280eb to 0x00000131a372810c
Event: 5298.409 Thread 0x00000131baef4000 Exception <a 'sun/nio/fs/WindowsException'{0x000000008f419628}> (0x000000008f419628) thrown at [./src/hotspot/share/prims/jni.cpp, line 615]
Event: 5298.434 Thread 0x00000131bb361800 Exception <a 'sun/nio/fs/WindowsException'{0x000000008f4898f8}> (0x000000008f4898f8) thrown at [./src/hotspot/share/prims/jni.cpp, line 615]
Event: 5298.434 Thread 0x00000131bb361800 Exception <a 'sun/nio/fs/WindowsException'{0x000000008f489a60}> (0x000000008f489a60) thrown at [./src/hotspot/share/prims/jni.cpp, line 615]
Event: 5298.434 Thread 0x00000131bb361800 Exception <a 'sun/nio/fs/WindowsException'{0x000000008f48b6a8}> (0x000000008f48b6a8) thrown at [./src/hotspot/share/prims/jni.cpp, line 615]
Event: 5298.630 Thread 0x00000131bb35f800 Implicit null exception at 0x00000131a3803d30 to 0x00000131a38062d0
Event: 5298.630 Thread 0x00000131bb35f800 Implicit null exception at 0x00000131a37d56cc to 0x00000131a37d5729
Event: 8089.578 Thread 0x00000131b9c4f800 Exception <a 'sun/nio/fs/WindowsException'{0x000000008ebd2150}> (0x000000008ebd2150) thrown at [./src/hotspot/share/prims/jni.cpp, line 615]
Event: 8090.018 Thread 0x00000131b9c4f800 Exception <a 'java/lang/NoClassDefFoundError'{0x000000008e7375e0}: org/jetbrains/kotlin/gradle/plugin/KotlinBasePluginWrapper> (0x000000008e7375e0) thrown at [./src/hotspot/share/oops/constantPool.cpp, line 775]
Event: 8090.136 Thread 0x00000131b9c4f800 Exception <a 'sun/nio/fs/WindowsException'{0x000000008e67b6e8}> (0x000000008e67b6e8) thrown at [./src/hotspot/share/prims/jni.cpp, line 615]
Event: 8090.263 Thread 0x00000131b9c4f800 Exception <a 'sun/nio/fs/WindowsException'{0x000000008e51ef50}> (0x000000008e51ef50) thrown at [./src/hotspot/share/prims/jni.cpp, line 615]
Event: 8090.264 Thread 0x00000131b9c4f800 Exception <a 'sun/nio/fs/WindowsException'{0x000000008e5202c8}> (0x000000008e5202c8) thrown at [./src/hotspot/share/prims/jni.cpp, line 615]
Event: 8090.265 Thread 0x00000131b9c4f800 Exception <a 'sun/nio/fs/WindowsException'{0x000000008e521690}> (0x000000008e521690) thrown at [./src/hotspot/share/prims/jni.cpp, line 615]
Event: 8090.265 Thread 0x00000131b9c4f800 Exception <a 'sun/nio/fs/WindowsException'{0x000000008e522a58}> (0x000000008e522a58) thrown at [./src/hotspot/share/prims/jni.cpp, line 615]
Event: 8090.482 Thread 0x00000131b9c4f800 Exception <a 'sun/nio/fs/WindowsException'{0x000000008e187cf0}> (0x000000008e187cf0) thrown at [./src/hotspot/share/prims/jni.cpp, line 615]
Event: 8096.537 Thread 0x00000131b565e000 Exception <a 'sun/nio/fs/WindowsException'{0x000000008e622b50}> (0x000000008e622b50) thrown at [./src/hotspot/share/prims/jni.cpp, line 615]
Event: 8096.678 Thread 0x00000131b9c5c000 Exception <a 'sun/nio/fs/WindowsException'{0x000000008d5a43d8}> (0x000000008d5a43d8) thrown at [./src/hotspot/share/prims/jni.cpp, line 615]
Event: 8096.755 Thread 0x00000131baef6800 Exception <a 'sun/nio/fs/WindowsException'{0x000000008ca78490}> (0x000000008ca78490) thrown at [./src/hotspot/share/prims/jni.cpp, line 615]
Event: 8096.988 Thread 0x00000131b9c5c000 Exception <a 'java/lang/NoSuchMethodError'{0x000000008b99f378}: 'long java.lang.invoke.DirectMethodHandle$Holder.invokeStatic(java.lang.Object, java.lang.Object)'> (0x000000008b99f378) thrown at [./src/hotspot/share/interpreter/linkResolver.cpp, line 773]
Event: 8097.202 Thread 0x00000131b9c5c000 Exception <a 'java/lang/IncompatibleClassChangeError'{0x000000008fbe0ae0}: Found class java.lang.Object, but interface was expected> (0x000000008fbe0ae0) thrown at [./src/hotspot/share/interpreter/linkResolver.cpp, line 839]

Events (20 events):
Event: 8097.787 loading class com/android/tools/r8/internal/S3
Event: 8097.787 loading class com/android/tools/r8/internal/S3 done
Event: 8097.789 loading class com/android/tools/r8/internal/as
Event: 8097.789 loading class com/android/tools/r8/internal/as done
Event: 8097.793 loading class com/android/tools/r8/internal/Vr
Event: 8097.793 loading class com/android/tools/r8/internal/Vr done
Event: 8097.797 loading class com/android/tools/r8/graph/i
Event: 8097.797 loading class com/android/tools/r8/graph/i done
Event: 8097.797 loading class com/android/tools/r8/graph/e1
Event: 8097.797 loading class com/android/tools/r8/graph/e1 done
Event: 8097.797 loading class com/android/tools/r8/internal/Vr
Event: 8097.797 loading class com/android/tools/r8/internal/Vr done
Event: 8097.798 loading class com/android/tools/r8/internal/sn
Event: 8097.798 loading class com/android/tools/r8/internal/sn done
Event: 8097.799 loading class com/android/tools/r8/internal/fs
Event: 8097.799 loading class com/android/tools/r8/internal/fs done
Event: 8097.850 Executing VM operation: G1CollectForAllocation
Event: 8097.901 Executing VM operation: G1CollectForAllocation done
Event: 8098.328 Executing VM operation: CGC_Operation
Event: 8098.357 Executing VM operation: CGC_Operation done


Dynamic libraries:
0x00007ff7c3ce0000 - 0x00007ff7c3cea000 	C:\Program Files\Android\Android Studio\jre\bin\java.exe
0x00007ff978f20000 - 0x00007ff979129000 	C:\WINDOWS\SYSTEM32\ntdll.dll
0x00007ff977e80000 - 0x00007ff977f3d000 	C:\WINDOWS\System32\KERNEL32.DLL
0x00007ff976400000 - 0x00007ff976779000 	C:\WINDOWS\System32\KERNELBASE.dll
0x00007ff976800000 - 0x00007ff976911000 	C:\WINDOWS\System32\ucrtbase.dll
0x00007ff9610e0000 - 0x00007ff9610f7000 	C:\Program Files\Android\Android Studio\jre\bin\VCRUNTIME140.dll
0x00007ff95e5d0000 - 0x00007ff95e5e9000 	C:\Program Files\Android\Android Studio\jre\bin\jli.dll
0x00007ff977260000 - 0x00007ff97740c000 	C:\WINDOWS\System32\USER32.dll
0x00007ff95efb0000 - 0x00007ff95f255000 	C:\WINDOWS\WinSxS\amd64_microsoft.windows.common-controls_6595b64144ccf1df_6.0.22000.120_none_9d947278b86cc467\COMCTL32.dll
0x00007ff976d80000 - 0x00007ff976da6000 	C:\WINDOWS\System32\win32u.dll
0x00007ff977120000 - 0x00007ff9771c3000 	C:\WINDOWS\System32\msvcrt.dll
0x00007ff9770f0000 - 0x00007ff977119000 	C:\WINDOWS\System32\GDI32.dll
0x00007ff976c60000 - 0x00007ff976d72000 	C:\WINDOWS\System32\gdi32full.dll
0x00007ff976990000 - 0x00007ff976a2d000 	C:\WINDOWS\System32\msvcp_win.dll
0x00007ff977a80000 - 0x00007ff977ab1000 	C:\WINDOWS\System32\IMM32.DLL
0x00007ff954280000 - 0x00007ff95431d000 	C:\Program Files\Android\Android Studio\jre\bin\msvcp140.dll
0x00007ff92f100000 - 0x00007ff92fbe5000 	C:\Program Files\Android\Android Studio\jre\bin\server\jvm.dll
0x00007ff9779d0000 - 0x00007ff977a7e000 	C:\WINDOWS\System32\ADVAPI32.dll
0x00007ff977d70000 - 0x00007ff977e0e000 	C:\WINDOWS\System32\sechost.dll
0x00007ff976e10000 - 0x00007ff976f30000 	C:\WINDOWS\System32\RPCRT4.dll
0x00007ff976f30000 - 0x00007ff976f38000 	C:\WINDOWS\System32\PSAPI.DLL
0x00007ff9731b0000 - 0x00007ff9731b9000 	C:\WINDOWS\SYSTEM32\WSOCK32.dll
0x00007ff96e2e0000 - 0x00007ff96e313000 	C:\WINDOWS\SYSTEM32\WINMM.dll
0x00007ff977960000 - 0x00007ff9779cf000 	C:\WINDOWS\System32\WS2_32.dll
0x00007ff96d240000 - 0x00007ff96d24a000 	C:\WINDOWS\SYSTEM32\VERSION.dll
0x00007ff975500000 - 0x00007ff975518000 	C:\WINDOWS\SYSTEM32\kernel.appcore.dll
0x00007ff96d9b0000 - 0x00007ff96d9c1000 	C:\Program Files\Android\Android Studio\jre\bin\verify.dll
0x00007ff973780000 - 0x00007ff9739a1000 	C:\WINDOWS\SYSTEM32\DBGHELP.DLL
0x00007ff958170000 - 0x00007ff9581a1000 	C:\WINDOWS\SYSTEM32\dbgcore.DLL
0x00007ff976780000 - 0x00007ff9767ff000 	C:\WINDOWS\System32\bcryptPrimitives.dll
0x00007ff962930000 - 0x00007ff962959000 	C:\Program Files\Android\Android Studio\jre\bin\java.dll
0x00007ff973180000 - 0x00007ff97318b000 	C:\Program Files\Android\Android Studio\jre\bin\jimage.dll
0x00007ff96d960000 - 0x00007ff96d978000 	C:\Program Files\Android\Android Studio\jre\bin\zip.dll
0x00007ff978610000 - 0x00007ff978dc8000 	C:\WINDOWS\System32\SHELL32.dll
0x00007ff974570000 - 0x00007ff974dd7000 	C:\WINDOWS\SYSTEM32\windows.storage.dll
0x00007ff978180000 - 0x00007ff9784f9000 	C:\WINDOWS\System32\combase.dll
0x00007ff974400000 - 0x00007ff974566000 	C:\WINDOWS\SYSTEM32\wintypes.dll
0x00007ff978520000 - 0x00007ff97860a000 	C:\WINDOWS\System32\SHCORE.dll
0x00007ff977e20000 - 0x00007ff977e7d000 	C:\WINDOWS\System32\shlwapi.dll
0x00007ff976330000 - 0x00007ff976351000 	C:\WINDOWS\SYSTEM32\profapi.dll
0x00007ff962700000 - 0x00007ff96271a000 	C:\Program Files\Android\Android Studio\jre\bin\net.dll
0x00007ff96d330000 - 0x00007ff96d43c000 	C:\WINDOWS\SYSTEM32\WINHTTP.dll
0x00007ff975930000 - 0x00007ff975997000 	C:\WINDOWS\system32\mswsock.dll
0x00007ff961140000 - 0x00007ff961154000 	C:\Program Files\Android\Android Studio\jre\bin\nio.dll
0x00007ff95e330000 - 0x00007ff95e357000 	C:\Users\waeen\.gradle\native\e1d6ef7f7dcc3fd88c89a11ec53ec762bb8ba0a96d01ffa2cd45eb1d1d8dd5c5\windows-amd64\native-platform.dll
0x00007ff93e840000 - 0x00007ff93e984000 	C:\Users\waeen\.gradle\native\5664cfc778a61ccfe75a443a1ab52a65af34e5dc3c78e0209fed803814484fcb\windows-amd64\native-platform-file-events.dll
0x00007ff9726e0000 - 0x00007ff9726ea000 	C:\Program Files\Android\Android Studio\jre\bin\management.dll
0x00007ff971f80000 - 0x00007ff971f8d000 	C:\Program Files\Android\Android Studio\jre\bin\management_ext.dll
0x00007ff975b70000 - 0x00007ff975b88000 	C:\WINDOWS\SYSTEM32\CRYPTSP.dll
0x00007ff975460000 - 0x00007ff975495000 	C:\WINDOWS\system32\rsaenh.dll
0x00007ff975a20000 - 0x00007ff975a49000 	C:\WINDOWS\SYSTEM32\USERENV.dll
0x00007ff975d50000 - 0x00007ff975d77000 	C:\WINDOWS\SYSTEM32\bcrypt.dll
0x00007ff9760f0000 - 0x00007ff9760fc000 	C:\WINDOWS\SYSTEM32\CRYPTBASE.dll
0x00007ff975070000 - 0x00007ff97509d000 	C:\WINDOWS\SYSTEM32\IPHLPAPI.DLL
0x00007ff977e10000 - 0x00007ff977e19000 	C:\WINDOWS\System32\NSI.dll
0x00007ff96d2f0000 - 0x00007ff96d309000 	C:\WINDOWS\SYSTEM32\dhcpcsvc6.DLL
0x00007ff96bc00000 - 0x00007ff96bc1e000 	C:\WINDOWS\SYSTEM32\dhcpcsvc.DLL
0x00007ff9750a0000 - 0x00007ff975188000 	C:\WINDOWS\SYSTEM32\DNSAPI.dll
0x00007ff973dd0000 - 0x00007ff973e04000 	C:\WINDOWS\SYSTEM32\ntmarta.dll
0x00007ff95aa90000 - 0x00007ff95aab7000 	C:\Program Files\Android\Android Studio\jre\bin\sunec.dll

dbghelp: loaded successfully - version: 4.0.5 - missing functions: none
symbol engine: initialized successfully - sym options: 0x614 - pdb path: .;C:\Program Files\Android\Android Studio\jre\bin;C:\WINDOWS\SYSTEM32;C:\WINDOWS\WinSxS\amd64_microsoft.windows.common-controls_6595b64144ccf1df_6.0.22000.120_none_9d947278b86cc467;C:\Program Files\Android\Android Studio\jre\bin\server;C:\Users\waeen\.gradle\native\e1d6ef7f7dcc3fd88c89a11ec53ec762bb8ba0a96d01ffa2cd45eb1d1d8dd5c5\windows-amd64;C:\Users\waeen\.gradle\native\5664cfc778a61ccfe75a443a1ab52a65af34e5dc3c78e0209fed803814484fcb\windows-amd64

VM Arguments:
jvm_args: --add-opens=java.base/java.util=ALL-UNNAMED --add-opens=java.base/java.lang=ALL-UNNAMED --add-opens=java.base/java.lang.invoke=ALL-UNNAMED --add-opens=java.base/java.util=ALL-UNNAMED --add-opens=java.prefs/java.util.prefs=ALL-UNNAMED --add-opens=java.prefs/java.util.prefs=ALL-UNNAMED --add-opens=java.base/java.nio.charset=ALL-UNNAMED --add-opens=java.base/java.net=ALL-UNNAMED --add-opens=java.base/java.util.concurrent.atomic=ALL-UNNAMED -Xmx2048m -Dfile.encoding=UTF-8 -Duser.country=US -Duser.language=en -Duser.variant 
java_command: org.gradle.launcher.daemon.bootstrap.GradleDaemon 7.3.3
java_class_path (initial): C:\Users\waeen\.gradle\wrapper\dists\gradle-7.3.3-bin\6a41zxkdtcxs8rphpq6y0069z\gradle-7.3.3\lib\gradle-launcher-7.3.3.jar
Launcher Type: SUN_STANDARD

[Global flags]
     intx CICompilerCount                          = 3                                         {product} {ergonomic}
     uint ConcGCThreads                            = 1                                         {product} {ergonomic}
     uint G1ConcRefinementThreads                  = 4                                         {product} {ergonomic}
   size_t G1HeapRegionSize                         = 1048576                                   {product} {ergonomic}
    uintx GCDrainStackTargetSize                   = 64                                        {product} {ergonomic}
   size_t InitialHeapSize                          = 132120576                                 {product} {ergonomic}
   size_t MarkStackSize                            = 4194304                                   {product} {ergonomic}
   size_t MaxHeapSize                              = 2147483648                                {product} {command line}
   size_t MaxNewSize                               = 1287651328                                {product} {ergonomic}
   size_t MinHeapDeltaBytes                        = 1048576                                   {product} {ergonomic}
    uintx NonNMethodCodeHeapSize                   = 5830732                                {pd product} {ergonomic}
    uintx NonProfiledCodeHeapSize                  = 122913754                              {pd product} {ergonomic}
    uintx ProfiledCodeHeapSize                     = 122913754                              {pd product} {ergonomic}
    uintx ReservedCodeCacheSize                    = 251658240                              {pd product} {ergonomic}
     bool SegmentedCodeCache                       = true                                      {product} {ergonomic}
     bool UseCompressedClassPointers               = true                                 {lp64_product} {ergonomic}
     bool UseCompressedOops                        = true                                 {lp64_product} {ergonomic}
     bool UseG1GC                                  = true                                      {product} {ergonomic}
     bool UseLargePagesIndividualAllocation        = false                                  {pd product} {ergonomic}

Logging:
Log output configuration:
 #0: stdout all=warning uptime,level,tags
 #1: stderr all=off uptime,level,tags

Environment Variables:
PATH=C:\WINDOWS\system32;C:\WINDOWS;C:\WINDOWS\System32\Wbem;C:\WINDOWS\System32\WindowsPowerShell\v1.0\;C:\WINDOWS\System32\OpenSSH\;C:\Program Files\Git\cmd;C:\Users\waeen\AppData\Local\Programs\Python\Python310\Scripts\;C:\Users\waeen\AppData\Local\Programs\Python\Python310\;C:\Users\waeen\AppData\Local\Microsoft\WindowsApps;C:\Users\waeen\AppData\Local\Programs\Microsoft VS Code\bin;C:\Program Files\Git\bin;
USERNAME=waeen
OS=Windows_NT
PROCESSOR_IDENTIFIER=Intel64 Family 6 Model 142 Stepping 12, GenuineIntel



---------------  S Y S T E M  ---------------

OS: Windows 10 , 64 bit Build 22000 (10.0.22000.708)
OS uptime: 1 days 1:06 hours

CPU:total 4 (initial active 4) (2 cores per cpu, 2 threads per core) family 6 model 142 stepping 12 microcode 0xde, cmov, cx8, fxsr, mmx, sse, sse2, sse3, ssse3, sse4.1, sse4.2, popcnt, avx, avx2, aes, clmul, erms, 3dnowpref, lzcnt, ht, tsc, tscinvbit, bmi1, bmi2, adx, fma

Memory: 4k page, system-wide physical 7943M (807M free)
TotalPageFile size 9831M (AvailPageFile size 2M)
current process WorkingSet (physical memory assigned to process): 578M, peak: 578M
current process commit charge ("private bytes"): 728M, peak: 728M

vm_info: OpenJDK 64-Bit Server VM (11.0.12+7-b1504.28-7817840) for windows-amd64 JRE (11.0.12+7-b1504.28-7817840), built on Oct 13 2021 22:12:33 by "builder" with MS VC++ 14.0 (VS2015)

END.
