#
# There is insufficient memory for the Java Runtime Environment to continue.
# Native memory allocation (malloc) failed to allocate 1625776 bytes for Chunk::new
# Possible reasons:
#   The system is out of physical RAM or swap space
#   The process is running with CompressedOops enabled, and the Java Heap may be blocking the growth of the native heap
# Possible solutions:
#   Reduce memory load on the system
#   Increase physical memory or swap space
#   Check if swap backing store is full
#   Decrease Java heap size (-Xmx/-Xms)
#   Decrease number of Java threads
#   Decrease Java thread stack sizes (-Xss)
#   Set larger code cache with -XX:ReservedCodeCacheSize=
#   JVM is running with Unscaled Compressed Oops mode in which the Java heap is
#     placed in the first 4GB address space. The Java Heap base address is the
#     maximum limit for the native heap growth. Please use -XX:HeapBaseMinAddress
#     to set the Java Heap base and to place the Java Heap above 4GB virtual address.
# This output file may be truncated or incomplete.
#
#  Out of Memory Error (./src/hotspot/share/memory/arena.cpp:197), pid=5740, tid=8448
#
# JRE version: OpenJDK Runtime Environment (11.0.12+7) (build 11.0.12+7-b1504.28-7817840)
# Java VM: OpenJDK 64-Bit Server VM (11.0.12+7-b1504.28-7817840, mixed mode, tiered, compressed oops, g1 gc, windows-amd64)
# No core dump will be written. Minidumps are not enabled by default on client versions of Windows
#

---------------  S U M M A R Y ------------

Command Line: --add-opens=java.base/java.util=ALL-UNNAMED --add-opens=java.base/java.lang=ALL-UNNAMED --add-opens=java.base/java.lang.invoke=ALL-UNNAMED --add-opens=java.base/java.util=ALL-UNNAMED --add-opens=java.prefs/java.util.prefs=ALL-UNNAMED --add-opens=java.prefs/java.util.prefs=ALL-UNNAMED --add-opens=java.base/java.nio.charset=ALL-UNNAMED --add-opens=java.base/java.net=ALL-UNNAMED --add-opens=java.base/java.util.concurrent.atomic=ALL-UNNAMED -Xmx2048m -Dfile.encoding=UTF-8 -Duser.country=US -Duser.language=en -Duser.variant org.gradle.launcher.daemon.bootstrap.GradleDaemon 7.3.3

Host: Intel(R) Core(TM) i3-10110U CPU @ 2.10GHz, 4 cores, 7G,  Windows 10 , 64 bit Build 22000 (10.0.22000.708)
Time: Mon Aug  8 18:25:28 2022 Pakistan Standard Time elapsed time: 9198.693761 seconds (0d 2h 33m 18s)

---------------  T H R E A D  ---------------

Current thread (0x00000251a5e0b800):  JavaThread "C2 CompilerThread0" daemon [_thread_in_native, id=8448, stack(0x000000d3c9e00000,0x000000d3c9f00000)]


Current CompileTask:
C2:9198698 35754       4       org.gradle.api.internal.artifacts.ivyservice.resolveengine.result.ResolvedVariantResultSerializer::write (150 bytes)

Stack: [0x000000d3c9e00000,0x000000d3c9f00000]
Native frames: (J=compiled Java code, j=interpreted, Vv=VM code, C=native code)
V  [jvm.dll+0x5fbcea]
V  [jvm.dll+0x731905]
V  [jvm.dll+0x732f1d]
V  [jvm.dll+0x7335d3]
V  [jvm.dll+0x247bf8]
V  [jvm.dll+0xc018c]
V  [jvm.dll+0xc06cc]
V  [jvm.dll+0x35b2db]
V  [jvm.dll+0x328803]
V  [jvm.dll+0x327cfa]
V  [jvm.dll+0x200602]
V  [jvm.dll+0x1ff794]
V  [jvm.dll+0x18868c]
V  [jvm.dll+0x20e0d7]
V  [jvm.dll+0x20c901]
V  [jvm.dll+0x6f9b7f]
V  [jvm.dll+0x6f26a5]
V  [jvm.dll+0x5fabf6]
C  [ucrtbase.dll+0x26c0c]
C  [KERNEL32.DLL+0x154e0]
C  [ntdll.dll+0x485b]


---------------  P R O C E S S  ---------------

Threads class SMR info:
_java_thread_list=0x00000251ad821050, length=63, elements={
0x000002518b9be000, 0x00000251a5df1800, 0x00000251a5dfc800, 0x00000251a55e9000,
0x00000251a5e00000, 0x00000251a5e01800, 0x00000251a5e0b800, 0x00000251a5e11000,
0x00000251a5e17800, 0x00000251a5e13800, 0x00000251a5e16800, 0x00000251a5e15000,
0x00000251a5e18000, 0x00000251a81ab800, 0x00000251a81ae800, 0x00000251a81a9000,
0x00000251a81ac000, 0x00000251a81b0800, 0x00000251a81aa800, 0x00000251a81b2000,
0x00000251a81b3800, 0x00000251a81b2800, 0x00000251a81b7000, 0x00000251a81b7800,
0x00000251ab356000, 0x00000251ab35d000, 0x00000251ab6c2800, 0x00000251b3229000,
0x00000251b322a800, 0x00000251aeedf000, 0x00000251a98ab000, 0x00000251a98ac000,
0x00000251a98a9800, 0x00000251a98ac800, 0x00000251a98aa000, 0x00000251a98a7000,
0x00000251a98a7800, 0x00000251a98a8800, 0x00000251a98b4800, 0x00000251a98b2800,
0x00000251a98b0000, 0x00000251a98af000, 0x00000251a98b4000, 0x00000251a98b0800,
0x00000251b322d000, 0x00000251b322b800, 0x00000251b322c000, 0x00000251b322e000,
0x00000251b3228000, 0x00000251b322f800, 0x00000251b3231000, 0x00000251b3230800,
0x00000251b3232000, 0x00000251b3233000, 0x00000251b3233800, 0x00000251b3234800,
0x00000251b322e800, 0x00000251b3237000, 0x00000251b3235000, 0x00000251b3236000,
0x00000251ab35c000, 0x00000251ab357000, 0x00000251ab35a800
}

Java Threads: ( => current thread )
  0x000002518b9be000 JavaThread "main" [_thread_blocked, id=15980, stack(0x000000d3c9200000,0x000000d3c9300000)]
  0x00000251a5df1800 JavaThread "Reference Handler" daemon [_thread_blocked, id=1868, stack(0x000000d3c9900000,0x000000d3c9a00000)]
  0x00000251a5dfc800 JavaThread "Finalizer" daemon [_thread_blocked, id=18872, stack(0x000000d3c9a00000,0x000000d3c9b00000)]
  0x00000251a55e9000 JavaThread "Signal Dispatcher" daemon [_thread_blocked, id=7848, stack(0x000000d3c9b00000,0x000000d3c9c00000)]
  0x00000251a5e00000 JavaThread "Attach Listener" daemon [_thread_blocked, id=16672, stack(0x000000d3c9c00000,0x000000d3c9d00000)]
  0x00000251a5e01800 JavaThread "Service Thread" daemon [_thread_blocked, id=18368, stack(0x000000d3c9d00000,0x000000d3c9e00000)]
=>0x00000251a5e0b800 JavaThread "C2 CompilerThread0" daemon [_thread_in_native, id=8448, stack(0x000000d3c9e00000,0x000000d3c9f00000)]
  0x00000251a5e11000 JavaThread "C1 CompilerThread0" daemon [_thread_blocked, id=3320, stack(0x000000d3c9f00000,0x000000d3ca000000)]
  0x00000251a5e17800 JavaThread "Sweeper thread" daemon [_thread_blocked, id=17380, stack(0x000000d3ca000000,0x000000d3ca100000)]
  0x00000251a5e13800 JavaThread "Common-Cleaner" daemon [_thread_blocked, id=12744, stack(0x000000d3ca100000,0x000000d3ca200000)]
  0x00000251a5e16800 JavaThread "Daemon health stats" [_thread_blocked, id=12304, stack(0x000000d3ca600000,0x000000d3ca700000)]
  0x00000251a5e15000 JavaThread "Incoming local TCP Connector on port 62839" [_thread_in_native, id=2028, stack(0x000000d3ca700000,0x000000d3ca800000)]
  0x00000251a5e18000 JavaThread "Daemon periodic checks" [_thread_blocked, id=3720, stack(0x000000d3ca800000,0x000000d3ca900000)]
  0x00000251a81ab800 JavaThread "Cache worker for journal cache (C:\Users\waeen\.gradle\caches\journal-1)" [_thread_blocked, id=592, stack(0x000000d3cb100000,0x000000d3cb200000)]
  0x00000251a81ae800 JavaThread "File lock request listener" [_thread_in_native, id=19000, stack(0x000000d3cb200000,0x000000d3cb300000)]
  0x00000251a81a9000 JavaThread "Cache worker for file hash cache (C:\Users\waeen\.gradle\caches\7.3.3\fileHashes)" [_thread_blocked, id=19064, stack(0x000000d3cb300000,0x000000d3cb400000)]
  0x00000251a81ac000 JavaThread "File watcher server" daemon [_thread_in_native, id=15928, stack(0x000000d3cb500000,0x000000d3cb600000)]
  0x00000251a81b0800 JavaThread "File watcher consumer" daemon [_thread_blocked, id=1348, stack(0x000000d3cb600000,0x000000d3cb700000)]
  0x00000251a81aa800 JavaThread "jar transforms" [_thread_blocked, id=15904, stack(0x000000d3ca300000,0x000000d3ca400000)]
  0x00000251a81b2000 JavaThread "jar transforms Thread 2" [_thread_blocked, id=15216, stack(0x000000d3cb700000,0x000000d3cb800000)]
  0x00000251a81b3800 JavaThread "jar transforms Thread 3" [_thread_blocked, id=18552, stack(0x000000d3cb800000,0x000000d3cb900000)]
  0x00000251a81b2800 JavaThread "jar transforms Thread 4" [_thread_blocked, id=12944, stack(0x000000d3cb900000,0x000000d3cba00000)]
  0x00000251a81b7000 JavaThread "Cache worker for execution history cache (C:\Users\waeen\.gradle\caches\7.3.3\executionHistory)" [_thread_blocked, id=19212, stack(0x000000d3cbe00000,0x000000d3cbf00000)]
  0x00000251a81b7800 JavaThread "Cache worker for file content cache (C:\Users\waeen\.gradle\caches\7.3.3\fileContent)" [_thread_blocked, id=9364, stack(0x000000d3cbf00000,0x000000d3cc000000)]
  0x00000251ab356000 JavaThread "Memory manager" [_thread_blocked, id=8520, stack(0x000000d3c9000000,0x000000d3c9100000)]
  0x00000251ab35d000 JavaThread "pool-3-thread-1" [_thread_blocked, id=17428, stack(0x000000d3c9100000,0x000000d3c9200000)]
  0x00000251ab6c2800 JavaThread "pool-7-thread-1" [_thread_blocked, id=6436, stack(0x000000d3cea00000,0x000000d3ceb00000)]
  0x00000251b3229000 JavaThread "Cache worker for Java compile cache (C:\Users\waeen\.gradle\caches\7.3.3\javaCompile)" [_thread_blocked, id=15416, stack(0x000000d3cf900000,0x000000d3cfa00000)]
  0x00000251b322a800 JavaThread "ForkJoinPool.commonPool-worker-5" daemon [_thread_blocked, id=14736, stack(0x000000d3cff00000,0x000000d3d0000000)]
  0x00000251aeedf000 JavaThread "pool-12-thread-1" [_thread_blocked, id=14132, stack(0x000000d3ceb00000,0x000000d3cec00000)]
  0x00000251a98ab000 JavaThread "Daemon Thread 4" [_thread_blocked, id=7844, stack(0x000000d3c8f00000,0x000000d3c9000000)]
  0x00000251a98ac000 JavaThread "Handler for socket connection from /127.0.0.1:62839 to /127.0.0.1:65290" [_thread_in_native, id=1072, stack(0x000000d3ca900000,0x000000d3caa00000)]
  0x00000251a98a9800 JavaThread "Cancel handler" [_thread_blocked, id=14280, stack(0x000000d3caa00000,0x000000d3cab00000)]
  0x00000251a98ac800 JavaThread "Daemon worker Thread 4" [_thread_in_vm, id=9424, stack(0x000000d3cab00000,0x000000d3cac00000)]
  0x00000251a98aa000 JavaThread "Asynchronous log dispatcher for DefaultDaemonConnection: socket connection from /127.0.0.1:62839 to /127.0.0.1:65290" [_thread_blocked, id=16028, stack(0x000000d3cac00000,0x000000d3cad00000)]
  0x00000251a98a7000 JavaThread "Stdin handler" [_thread_blocked, id=10660, stack(0x000000d3cad00000,0x000000d3cae00000)]
  0x00000251a98a7800 JavaThread "Daemon client event forwarder" [_thread_blocked, id=10264, stack(0x000000d3cae00000,0x000000d3caf00000)]
  0x00000251a98a8800 JavaThread "Cache worker for file hash cache (C:\Users\waeen\AndroidStudioProjects\ULRS\.gradle\7.3.3\fileHashes)" [_thread_blocked, id=10408, stack(0x000000d3caf00000,0x000000d3cb000000)]
  0x00000251a98b4800 JavaThread "Cache worker for checksums cache (C:\Users\waeen\AndroidStudioProjects\ULRS\.gradle\7.3.3\checksums)" [_thread_blocked, id=19356, stack(0x000000d3cb400000,0x000000d3cb500000)]
  0x00000251a98b2800 JavaThread "Cache worker for cache directory md-supplier (C:\Users\waeen\.gradle\caches\7.3.3\md-supplier)" [_thread_blocked, id=12080, stack(0x000000d3cba00000,0x000000d3cbb00000)]
  0x00000251a98b0000 JavaThread "Cache worker for cache directory md-rule (C:\Users\waeen\.gradle\caches\7.3.3\md-rule)" [_thread_blocked, id=16832, stack(0x000000d3cbb00000,0x000000d3cbc00000)]
  0x00000251a98af000 JavaThread "Cache worker for dependencies-accessors (C:\Users\waeen\AndroidStudioProjects\ULRS\.gradle\7.3.3\dependencies-accessors)" [_thread_blocked, id=15680, stack(0x000000d3cbc00000,0x000000d3cbd00000)]
  0x00000251a98b4000 JavaThread "Cache worker for Build Output Cleanup Cache (C:\Users\waeen\AndroidStudioProjects\ULRS\.gradle\buildOutputCleanup)" [_thread_blocked, id=12692, stack(0x000000d3cbd00000,0x000000d3cbe00000)]
  0x00000251a98b0800 JavaThread "Unconstrained build operations" [_thread_new, id=13724, stack(0x0000000000000000,0x0000000000000000)]
  0x00000251b322d000 JavaThread "Unconstrained build operations Thread 2" [_thread_new, id=9440, stack(0x0000000000000000,0x0000000000000000)]
  0x00000251b322b800 JavaThread "Unconstrained build operations Thread 3" [_thread_new, id=6580, stack(0x0000000000000000,0x0000000000000000)]
  0x00000251b322c000 JavaThread "Unconstrained build operations Thread 4" [_thread_new, id=18440, stack(0x0000000000000000,0x0000000000000000)]
  0x00000251b322e000 JavaThread "Unconstrained build operations Thread 5" [_thread_new, id=18056, stack(0x0000000000000000,0x0000000000000000)]
  0x00000251b3228000 JavaThread "Unconstrained build operations Thread 6" [_thread_new, id=12764, stack(0x0000000000000000,0x0000000000000000)]
  0x00000251b322f800 JavaThread "Unconstrained build operations Thread 7" [_thread_new, id=13272, stack(0x0000000000000000,0x0000000000000000)]
  0x00000251b3231000 JavaThread "Unconstrained build operations Thread 8" [_thread_new, id=15632, stack(0x0000000000000000,0x0000000000000000)]
  0x00000251b3230800 JavaThread "Unconstrained build operations Thread 9" [_thread_new, id=16544, stack(0x0000000000000000,0x0000000000000000)]
  0x00000251b3232000 JavaThread "Unconstrained build operations Thread 10" [_thread_new, id=18720, stack(0x0000000000000000,0x0000000000000000)]
  0x00000251b3233000 JavaThread "Unconstrained build operations Thread 11" [_thread_new, id=5852, stack(0x0000000000000000,0x0000000000000000)]
  0x00000251b3233800 JavaThread "Unconstrained build operations Thread 12" [_thread_new, id=7652, stack(0x0000000000000000,0x0000000000000000)]
  0x00000251b3234800 JavaThread "Unconstrained build operations Thread 13" [_thread_new, id=17992, stack(0x0000000000000000,0x0000000000000000)]
  0x00000251b322e800 JavaThread "Unconstrained build operations Thread 14" [_thread_new, id=17288, stack(0x0000000000000000,0x0000000000000000)]
  0x00000251b3237000 JavaThread "Unconstrained build operations Thread 15" [_thread_new, id=5628, stack(0x0000000000000000,0x0000000000000000)]
  0x00000251b3235000 JavaThread "Unconstrained build operations Thread 16" [_thread_new, id=4656, stack(0x0000000000000000,0x0000000000000000)]
  0x00000251b3236000 JavaThread "Unconstrained build operations Thread 17" [_thread_new, id=13856, stack(0x0000000000000000,0x0000000000000000)]
  0x00000251ab35c000 JavaThread "Unconstrained build operations Thread 18" [_thread_new, id=15972, stack(0x0000000000000000,0x0000000000000000)]
  0x00000251ab357000 JavaThread "Unconstrained build operations Thread 19" [_thread_new, id=16340, stack(0x0000000000000000,0x0000000000000000)]
  0x00000251ab35a800 JavaThread "Unconstrained build operations Thread 20" [_thread_new, id=17540, stack(0x0000000000000000,0x0000000000000000)]

Other Threads:
  0x00000251a5593000 VMThread "VM Thread" [stack: 0x000000d3c9800000,0x000000d3c9900000] [id=17872] _threads_hazard_ptr=0x00000251ad821050
  0x00000251a5ff6800 WatcherThread [stack: 0x000000d3ca200000,0x000000d3ca300000] [id=18544]
  0x000002518b9d5800 GCTaskThread "GC Thread#0" [stack: 0x000000d3c9300000,0x000000d3c9400000] [id=10584]
  0x00000251a6389000 GCTaskThread "GC Thread#1" [stack: 0x000000d3ca400000,0x000000d3ca500000] [id=18244]
  0x00000251a699f800 GCTaskThread "GC Thread#2" [stack: 0x000000d3ca500000,0x000000d3ca600000] [id=19160]
  0x00000251a7d8d800 GCTaskThread "GC Thread#3" [stack: 0x000000d3cb000000,0x000000d3cb100000] [id=2872]
  0x000002518ba05000 ConcurrentGCThread "G1 Main Marker" [stack: 0x000000d3c9400000,0x000000d3c9500000] [id=6100]
  0x000002518ba06800 ConcurrentGCThread "G1 Conc#0" [stack: 0x000000d3c9500000,0x000000d3c9600000] [id=1888]
  0x000002518ba88000 ConcurrentGCThread "G1 Refine#0" [stack: 0x000000d3c9600000,0x000000d3c9700000] [id=18976]
  0x00000251a5400800 ConcurrentGCThread "G1 Young RemSet Sampling" [stack: 0x000000d3c9700000,0x000000d3c9800000] [id=13064]

Threads with active compile tasks:
C2 CompilerThread09198731 35754       4       org.gradle.api.internal.artifacts.ivyservice.resolveengine.result.ResolvedVariantResultSerializer::write (150 bytes)

VM state:synchronizing (normal execution)

VM Mutex/Monitor currently owned by a thread:  ([mutex/lock_event])
[0x000002518b9b9b10] Safepoint_lock - owner thread: 0x00000251a5593000
[0x000002518b9bb8e0] Threads_lock - owner thread: 0x00000251a5593000

Heap address: 0x0000000080000000, size: 2048 MB, Compressed Oops mode: 32-bit
Narrow klass base: 0x0000000000000000, Narrow klass shift: 3
Compressed class space size: 1073741824 Address: 0x0000000100000000

Heap:
 garbage-first heap   total 390144K, used 318532K [0x0000000080000000, 0x0000000100000000)
  region size 1024K, 23 young (23552K), 4 survivors (4096K)
 Metaspace       used 165672K, capacity 170044K, committed 170188K, reserved 1198080K
  class space    used 19819K, capacity 21414K, committed 21452K, reserved 1048576K
Heap Regions: E=young(eden), S=young(survivor), O=old, HS=humongous(starts), HC=humongous(continues), CS=collection set, F=free, A=archive, TAMS=top-at-mark-start (previous, next)
|   0|0x0000000080000000, 0x0000000080100000, 0x0000000080100000|100%| O|  |TAMS 0x0000000080100000, 0x0000000080000000| Untracked 
|   1|0x0000000080100000, 0x0000000080200000, 0x0000000080200000|100%| O|  |TAMS 0x0000000080200000, 0x0000000080100000| Untracked 
|   2|0x0000000080200000, 0x0000000080300000, 0x0000000080300000|100%| O|  |TAMS 0x0000000080300000, 0x0000000080200000| Untracked 
|   3|0x0000000080300000, 0x0000000080400000, 0x0000000080400000|100%|HS|  |TAMS 0x0000000080400000, 0x0000000080300000| Complete 
|   4|0x0000000080400000, 0x0000000080500000, 0x0000000080500000|100%|HC|  |TAMS 0x0000000080500000, 0x0000000080400000| Complete 
|   5|0x0000000080500000, 0x0000000080600000, 0x0000000080600000|100%|HC|  |TAMS 0x0000000080600000, 0x0000000080500000| Complete 
|   6|0x0000000080600000, 0x0000000080700000, 0x0000000080700000|100%| O|  |TAMS 0x0000000080700000, 0x0000000080600000| Untracked 
|   7|0x0000000080700000, 0x0000000080800000, 0x0000000080800000|100%| O|  |TAMS 0x0000000080800000, 0x0000000080700000| Untracked 
|   8|0x0000000080800000, 0x0000000080900000, 0x0000000080900000|100%| O|  |TAMS 0x0000000080900000, 0x0000000080800000| Untracked 
|   9|0x0000000080900000, 0x0000000080a00000, 0x0000000080a00000|100%| O|  |TAMS 0x0000000080a00000, 0x0000000080900000| Untracked 
|  10|0x0000000080a00000, 0x0000000080b00000, 0x0000000080b00000|100%| O|  |TAMS 0x0000000080b00000, 0x0000000080a00000| Untracked 
|  11|0x0000000080b00000, 0x0000000080c00000, 0x0000000080c00000|100%| O|  |TAMS 0x0000000080c00000, 0x0000000080b00000| Untracked 
|  12|0x0000000080c00000, 0x0000000080d00000, 0x0000000080d00000|100%| O|  |TAMS 0x0000000080d00000, 0x0000000080c00000| Untracked 
|  13|0x0000000080d00000, 0x0000000080e00000, 0x0000000080e00000|100%| O|  |TAMS 0x0000000080e00000, 0x0000000080d00000| Untracked 
|  14|0x0000000080e00000, 0x0000000080f00000, 0x0000000080f00000|100%| O|  |TAMS 0x0000000080f00000, 0x0000000080e00000| Untracked 
|  15|0x0000000080f00000, 0x0000000081000000, 0x0000000081000000|100%| O|  |TAMS 0x0000000081000000, 0x0000000080f00000| Untracked 
|  16|0x0000000081000000, 0x0000000081100000, 0x0000000081100000|100%|HS|  |TAMS 0x0000000081100000, 0x0000000081000000| Complete 
|  17|0x0000000081100000, 0x0000000081200000, 0x0000000081200000|100%|HC|  |TAMS 0x0000000081200000, 0x0000000081100000| Complete 
|  18|0x0000000081200000, 0x0000000081300000, 0x0000000081300000|100%|HS|  |TAMS 0x0000000081300000, 0x0000000081200000| Complete 
|  19|0x0000000081300000, 0x0000000081400000, 0x0000000081400000|100%|HC|  |TAMS 0x0000000081400000, 0x0000000081300000| Complete 
|  20|0x0000000081400000, 0x0000000081500000, 0x0000000081500000|100%|HC|  |TAMS 0x0000000081500000, 0x0000000081400000| Complete 
|  21|0x0000000081500000, 0x0000000081600000, 0x0000000081600000|100%|HS|  |TAMS 0x0000000081600000, 0x0000000081500000| Complete 
|  22|0x0000000081600000, 0x0000000081700000, 0x0000000081700000|100%|HS|  |TAMS 0x0000000081700000, 0x0000000081600000| Complete 
|  23|0x0000000081700000, 0x0000000081800000, 0x0000000081800000|100%|HC|  |TAMS 0x0000000081800000, 0x0000000081700000| Complete 
|  24|0x0000000081800000, 0x0000000081900000, 0x0000000081900000|100%|HC|  |TAMS 0x0000000081900000, 0x0000000081800000| Complete 
|  25|0x0000000081900000, 0x0000000081a00000, 0x0000000081a00000|100%|HC|  |TAMS 0x0000000081a00000, 0x0000000081900000| Complete 
|  26|0x0000000081a00000, 0x0000000081b00000, 0x0000000081b00000|100%| O|  |TAMS 0x0000000081b00000, 0x0000000081a00000| Untracked 
|  27|0x0000000081b00000, 0x0000000081c00000, 0x0000000081c00000|100%| O|  |TAMS 0x0000000081c00000, 0x0000000081b00000| Untracked 
|  28|0x0000000081c00000, 0x0000000081d00000, 0x0000000081d00000|100%| O|  |TAMS 0x0000000081d00000, 0x0000000081c00000| Untracked 
|  29|0x0000000081d00000, 0x0000000081e00000, 0x0000000081e00000|100%| O|  |TAMS 0x0000000081e00000, 0x0000000081d00000| Untracked 
|  30|0x0000000081e00000, 0x0000000081f00000, 0x0000000081f00000|100%| O|  |TAMS 0x0000000081e00000, 0x0000000081e00000| Untracked 
|  31|0x0000000081f00000, 0x0000000082000000, 0x0000000082000000|100%| O|  |TAMS 0x0000000082000000, 0x0000000081f00000| Untracked 
|  32|0x0000000082000000, 0x0000000082100000, 0x0000000082100000|100%| O|  |TAMS 0x0000000082100000, 0x0000000082000000| Untracked 
|  33|0x0000000082100000, 0x0000000082200000, 0x0000000082200000|100%| O|  |TAMS 0x0000000082200000, 0x0000000082100000| Untracked 
|  34|0x0000000082200000, 0x0000000082300000, 0x0000000082300000|100%| O|  |TAMS 0x0000000082300000, 0x0000000082200000| Untracked 
|  35|0x0000000082300000, 0x0000000082400000, 0x0000000082400000|100%| O|  |TAMS 0x0000000082400000, 0x0000000082300000| Untracked 
|  36|0x0000000082400000, 0x0000000082500000, 0x0000000082500000|100%| O|  |TAMS 0x0000000082500000, 0x0000000082400000| Untracked 
|  37|0x0000000082500000, 0x0000000082600000, 0x0000000082600000|100%| O|  |TAMS 0x0000000082600000, 0x0000000082500000| Untracked 
|  38|0x0000000082600000, 0x0000000082700000, 0x0000000082700000|100%| O|  |TAMS 0x0000000082700000, 0x0000000082600000| Untracked 
|  39|0x0000000082700000, 0x0000000082800000, 0x0000000082800000|100%| O|  |TAMS 0x0000000082800000, 0x0000000082700000| Untracked 
|  40|0x0000000082800000, 0x0000000082900000, 0x0000000082900000|100%| O|  |TAMS 0x0000000082900000, 0x0000000082800000| Untracked 
|  41|0x0000000082900000, 0x0000000082a00000, 0x0000000082a00000|100%| O|  |TAMS 0x0000000082a00000, 0x0000000082900000| Untracked 
|  42|0x0000000082a00000, 0x0000000082b00000, 0x0000000082b00000|100%| O|  |TAMS 0x0000000082b00000, 0x0000000082a00000| Untracked 
|  43|0x0000000082b00000, 0x0000000082c00000, 0x0000000082c00000|100%| O|  |TAMS 0x0000000082c00000, 0x0000000082b00000| Untracked 
|  44|0x0000000082c00000, 0x0000000082d00000, 0x0000000082d00000|100%| O|  |TAMS 0x0000000082d00000, 0x0000000082c00000| Untracked 
|  45|0x0000000082d00000, 0x0000000082e00000, 0x0000000082e00000|100%| O|  |TAMS 0x0000000082e00000, 0x0000000082d00000| Untracked 
|  46|0x0000000082e00000, 0x0000000082f00000, 0x0000000082f00000|100%| O|  |TAMS 0x0000000082f00000, 0x0000000082e00000| Untracked 
|  47|0x0000000082f00000, 0x0000000083000000, 0x0000000083000000|100%| O|  |TAMS 0x0000000083000000, 0x0000000082f00000| Untracked 
|  48|0x0000000083000000, 0x0000000083100000, 0x0000000083100000|100%|HS|  |TAMS 0x0000000083100000, 0x0000000083000000| Complete 
|  49|0x0000000083100000, 0x0000000083200000, 0x0000000083200000|100%|HC|  |TAMS 0x0000000083200000, 0x0000000083100000| Complete 
|  50|0x0000000083200000, 0x0000000083300000, 0x0000000083300000|100%|HC|  |TAMS 0x0000000083300000, 0x0000000083200000| Complete 
|  51|0x0000000083300000, 0x0000000083400000, 0x0000000083400000|100%|HC|  |TAMS 0x0000000083400000, 0x0000000083300000| Complete 
|  52|0x0000000083400000, 0x0000000083500000, 0x0000000083500000|100%| O|  |TAMS 0x0000000083500000, 0x0000000083400000| Untracked 
|  53|0x0000000083500000, 0x0000000083600000, 0x0000000083600000|100%| O|  |TAMS 0x0000000083600000, 0x0000000083500000| Untracked 
|  54|0x0000000083600000, 0x0000000083700000, 0x0000000083700000|100%| O|  |TAMS 0x0000000083700000, 0x0000000083600000| Untracked 
|  55|0x0000000083700000, 0x0000000083800000, 0x0000000083800000|100%| O|  |TAMS 0x0000000083800000, 0x0000000083700000| Untracked 
|  56|0x0000000083800000, 0x0000000083900000, 0x0000000083900000|100%| O|  |TAMS 0x0000000083900000, 0x0000000083800000| Untracked 
|  57|0x0000000083900000, 0x0000000083a00000, 0x0000000083a00000|100%| O|  |TAMS 0x0000000083a00000, 0x0000000083900000| Untracked 
|  58|0x0000000083a00000, 0x0000000083b00000, 0x0000000083b00000|100%|HS|  |TAMS 0x0000000083b00000, 0x0000000083a00000| Complete 
|  59|0x0000000083b00000, 0x0000000083c00000, 0x0000000083c00000|100%| O|  |TAMS 0x0000000083c00000, 0x0000000083b00000| Untracked 
|  60|0x0000000083c00000, 0x0000000083d00000, 0x0000000083d00000|100%| O|  |TAMS 0x0000000083d00000, 0x0000000083c00000| Untracked 
|  61|0x0000000083d00000, 0x0000000083e00000, 0x0000000083e00000|100%| O|  |TAMS 0x0000000083e00000, 0x0000000083d00000| Untracked 
|  62|0x0000000083e00000, 0x0000000083f00000, 0x0000000083f00000|100%| O|  |TAMS 0x0000000083f00000, 0x0000000083e00000| Untracked 
|  63|0x0000000083f00000, 0x0000000084000000, 0x0000000084000000|100%| O|  |TAMS 0x0000000083f00000, 0x0000000083f00000| Untracked 
|  64|0x0000000084000000, 0x0000000084100000, 0x0000000084100000|100%|HS|  |TAMS 0x0000000084100000, 0x0000000084000000| Complete 
|  65|0x0000000084100000, 0x0000000084200000, 0x0000000084200000|100%|HC|  |TAMS 0x0000000084200000, 0x0000000084100000| Complete 
|  66|0x0000000084200000, 0x0000000084300000, 0x0000000084300000|100%|HC|  |TAMS 0x0000000084300000, 0x0000000084200000| Complete 
|  67|0x0000000084300000, 0x0000000084400000, 0x0000000084400000|100%| O|  |TAMS 0x0000000084400000, 0x0000000084300000| Untracked 
|  68|0x0000000084400000, 0x0000000084500000, 0x0000000084500000|100%| O|  |TAMS 0x0000000084500000, 0x0000000084400000| Untracked 
|  69|0x0000000084500000, 0x0000000084600000, 0x0000000084600000|100%| O|  |TAMS 0x0000000084600000, 0x0000000084500000| Untracked 
|  70|0x0000000084600000, 0x0000000084700000, 0x0000000084700000|100%| O|  |TAMS 0x0000000084600000, 0x0000000084600000| Untracked 
|  71|0x0000000084700000, 0x0000000084800000, 0x0000000084800000|100%|HS|  |TAMS 0x0000000084800000, 0x0000000084700000| Complete 
|  72|0x0000000084800000, 0x0000000084900000, 0x0000000084900000|100%|HS|  |TAMS 0x0000000084900000, 0x0000000084800000| Complete 
|  73|0x0000000084900000, 0x0000000084a00000, 0x0000000084a00000|100%| O|  |TAMS 0x0000000084900000, 0x0000000084900000| Untracked 
|  74|0x0000000084a00000, 0x0000000084b00000, 0x0000000084b00000|100%| O|  |TAMS 0x0000000084b00000, 0x0000000084a00000| Untracked 
|  75|0x0000000084b00000, 0x0000000084c00000, 0x0000000084c00000|100%|HS|  |TAMS 0x0000000084c00000, 0x0000000084b00000| Complete 
|  76|0x0000000084c00000, 0x0000000084d00000, 0x0000000084d00000|100%|HC|  |TAMS 0x0000000084d00000, 0x0000000084c00000| Complete 
|  77|0x0000000084d00000, 0x0000000084e00000, 0x0000000084e00000|100%| O|  |TAMS 0x0000000084e00000, 0x0000000084d00000| Untracked 
|  78|0x0000000084e00000, 0x0000000084f00000, 0x0000000084f00000|100%|HS|  |TAMS 0x0000000084f00000, 0x0000000084e00000| Complete 
|  79|0x0000000084f00000, 0x0000000085000000, 0x0000000085000000|100%|HC|  |TAMS 0x0000000085000000, 0x0000000084f00000| Complete 
|  80|0x0000000085000000, 0x0000000085100000, 0x0000000085100000|100%|HS|  |TAMS 0x0000000085100000, 0x0000000085000000| Complete 
|  81|0x0000000085100000, 0x0000000085200000, 0x0000000085200000|100%|HC|  |TAMS 0x0000000085200000, 0x0000000085100000| Complete 
|  82|0x0000000085200000, 0x0000000085300000, 0x0000000085300000|100%|HC|  |TAMS 0x0000000085300000, 0x0000000085200000| Complete 
|  83|0x0000000085300000, 0x0000000085400000, 0x0000000085400000|100%|HS|  |TAMS 0x0000000085400000, 0x0000000085300000| Complete 
|  84|0x0000000085400000, 0x0000000085500000, 0x0000000085500000|100%|HS|  |TAMS 0x0000000085500000, 0x0000000085400000| Complete 
|  85|0x0000000085500000, 0x0000000085600000, 0x0000000085600000|100%|HC|  |TAMS 0x0000000085600000, 0x0000000085500000| Complete 
|  86|0x0000000085600000, 0x0000000085700000, 0x0000000085700000|100%|HC|  |TAMS 0x0000000085700000, 0x0000000085600000| Complete 
|  87|0x0000000085700000, 0x0000000085800000, 0x0000000085800000|100%|HC|  |TAMS 0x0000000085800000, 0x0000000085700000| Complete 
|  88|0x0000000085800000, 0x0000000085900000, 0x0000000085900000|100%| O|  |TAMS 0x0000000085900000, 0x0000000085800000| Untracked 
|  89|0x0000000085900000, 0x0000000085a00000, 0x0000000085a00000|100%| O|  |TAMS 0x0000000085a00000, 0x0000000085900000| Untracked 
|  90|0x0000000085a00000, 0x0000000085b00000, 0x0000000085b00000|100%| O|  |TAMS 0x0000000085b00000, 0x0000000085a00000| Untracked 
|  91|0x0000000085b00000, 0x0000000085c00000, 0x0000000085c00000|100%| O|  |TAMS 0x0000000085c00000, 0x0000000085b00000| Untracked 
|  92|0x0000000085c00000, 0x0000000085d00000, 0x0000000085d00000|100%| O|  |TAMS 0x0000000085d00000, 0x0000000085c00000| Untracked 
|  93|0x0000000085d00000, 0x0000000085e00000, 0x0000000085e00000|100%| O|  |TAMS 0x0000000085e00000, 0x0000000085d00000| Untracked 
|  94|0x0000000085e00000, 0x0000000085f00000, 0x0000000085f00000|100%| O|  |TAMS 0x0000000085f00000, 0x0000000085e00000| Untracked 
|  95|0x0000000085f00000, 0x0000000086000000, 0x0000000086000000|100%| O|  |TAMS 0x0000000086000000, 0x0000000085f00000| Untracked 
|  96|0x0000000086000000, 0x0000000086100000, 0x0000000086100000|100%| O|  |TAMS 0x0000000086100000, 0x0000000086000000| Untracked 
|  97|0x0000000086100000, 0x0000000086200000, 0x0000000086200000|100%| O|  |TAMS 0x0000000086200000, 0x0000000086100000| Untracked 
|  98|0x0000000086200000, 0x0000000086300000, 0x0000000086300000|100%| O|  |TAMS 0x0000000086300000, 0x0000000086200000| Untracked 
|  99|0x0000000086300000, 0x0000000086400000, 0x0000000086400000|100%| O|  |TAMS 0x0000000086400000, 0x0000000086300000| Untracked 
| 100|0x0000000086400000, 0x0000000086500000, 0x0000000086500000|100%| O|  |TAMS 0x0000000086500000, 0x0000000086400000| Untracked 
| 101|0x0000000086500000, 0x0000000086600000, 0x0000000086600000|100%| O|  |TAMS 0x0000000086600000, 0x0000000086500000| Untracked 
| 102|0x0000000086600000, 0x0000000086700000, 0x0000000086700000|100%| O|  |TAMS 0x0000000086700000, 0x0000000086600000| Untracked 
| 103|0x0000000086700000, 0x0000000086800000, 0x0000000086800000|100%| O|  |TAMS 0x0000000086700000, 0x0000000086700000| Untracked 
| 104|0x0000000086800000, 0x0000000086900000, 0x0000000086900000|100%| O|  |TAMS 0x0000000086800000, 0x0000000086800000| Untracked 
| 105|0x0000000086900000, 0x0000000086a00000, 0x0000000086a00000|100%| O|  |TAMS 0x0000000086a00000, 0x0000000086900000| Untracked 
| 106|0x0000000086a00000, 0x0000000086b00000, 0x0000000086b00000|100%| O|  |TAMS 0x0000000086b00000, 0x0000000086a00000| Untracked 
| 107|0x0000000086b00000, 0x0000000086c00000, 0x0000000086c00000|100%| O|  |TAMS 0x0000000086c00000, 0x0000000086b00000| Untracked 
| 108|0x0000000086c00000, 0x0000000086d00000, 0x0000000086d00000|100%| O|  |TAMS 0x0000000086d00000, 0x0000000086c00000| Untracked 
| 109|0x0000000086d00000, 0x0000000086e00000, 0x0000000086e00000|100%| O|  |TAMS 0x0000000086e00000, 0x0000000086d00000| Untracked 
| 110|0x0000000086e00000, 0x0000000086f00000, 0x0000000086f00000|100%| O|  |TAMS 0x0000000086f00000, 0x0000000086e00000| Untracked 
| 111|0x0000000086f00000, 0x0000000087000000, 0x0000000087000000|100%| O|  |TAMS 0x0000000087000000, 0x0000000086f00000| Untracked 
| 112|0x0000000087000000, 0x0000000087100000, 0x0000000087100000|100%| O|  |TAMS 0x0000000087100000, 0x0000000087000000| Untracked 
| 113|0x0000000087100000, 0x0000000087200000, 0x0000000087200000|100%| O|  |TAMS 0x0000000087200000, 0x0000000087100000| Untracked 
| 114|0x0000000087200000, 0x0000000087300000, 0x0000000087300000|100%| O|  |TAMS 0x0000000087300000, 0x0000000087200000| Untracked 
| 115|0x0000000087300000, 0x0000000087400000, 0x0000000087400000|100%| O|  |TAMS 0x0000000087400000, 0x0000000087300000| Untracked 
| 116|0x0000000087400000, 0x0000000087500000, 0x0000000087500000|100%| O|  |TAMS 0x0000000087500000, 0x0000000087400000| Untracked 
| 117|0x0000000087500000, 0x0000000087600000, 0x0000000087600000|100%| O|  |TAMS 0x0000000087600000, 0x0000000087500000| Untracked 
| 118|0x0000000087600000, 0x0000000087700000, 0x0000000087700000|100%| O|  |TAMS 0x0000000087700000, 0x0000000087600000| Untracked 
| 119|0x0000000087700000, 0x0000000087800000, 0x0000000087800000|100%| O|  |TAMS 0x0000000087800000, 0x0000000087700000| Untracked 
| 120|0x0000000087800000, 0x0000000087900000, 0x0000000087900000|100%| O|  |TAMS 0x0000000087900000, 0x0000000087800000| Untracked 
| 121|0x0000000087900000, 0x0000000087a00000, 0x0000000087a00000|100%| O|  |TAMS 0x0000000087a00000, 0x0000000087900000| Untracked 
| 122|0x0000000087a00000, 0x0000000087b00000, 0x0000000087b00000|100%| O|  |TAMS 0x0000000087b00000, 0x0000000087a00000| Untracked 
| 123|0x0000000087b00000, 0x0000000087c00000, 0x0000000087c00000|100%| O|  |TAMS 0x0000000087c00000, 0x0000000087b00000| Untracked 
| 124|0x0000000087c00000, 0x0000000087d00000, 0x0000000087d00000|100%| O|  |TAMS 0x0000000087c00000, 0x0000000087c00000| Untracked 
| 125|0x0000000087d00000, 0x0000000087e00000, 0x0000000087e00000|100%| O|  |TAMS 0x0000000087e00000, 0x0000000087d00000| Untracked 
| 126|0x0000000087e00000, 0x0000000087f00000, 0x0000000087f00000|100%| O|  |TAMS 0x0000000087f00000, 0x0000000087e00000| Untracked 
| 127|0x0000000087f00000, 0x0000000088000000, 0x0000000088000000|100%| O|  |TAMS 0x0000000088000000, 0x0000000087f00000| Untracked 
| 128|0x0000000088000000, 0x0000000088100000, 0x0000000088100000|100%| O|  |TAMS 0x0000000088100000, 0x0000000088000000| Untracked 
| 129|0x0000000088100000, 0x0000000088200000, 0x0000000088200000|100%| O|  |TAMS 0x0000000088200000, 0x0000000088100000| Untracked 
| 130|0x0000000088200000, 0x0000000088300000, 0x0000000088300000|100%| O|  |TAMS 0x0000000088300000, 0x0000000088200000| Untracked 
| 131|0x0000000088300000, 0x0000000088400000, 0x0000000088400000|100%| O|  |TAMS 0x0000000088400000, 0x0000000088300000| Untracked 
| 132|0x0000000088400000, 0x0000000088500000, 0x0000000088500000|100%| O|  |TAMS 0x0000000088500000, 0x0000000088400000| Untracked 
| 133|0x0000000088500000, 0x0000000088600000, 0x0000000088600000|100%| O|  |TAMS 0x0000000088600000, 0x0000000088500000| Untracked 
| 134|0x0000000088600000, 0x0000000088700000, 0x0000000088700000|100%| O|  |TAMS 0x0000000088700000, 0x0000000088600000| Untracked 
| 135|0x0000000088700000, 0x0000000088800000, 0x0000000088800000|100%| O|  |TAMS 0x0000000088700000, 0x0000000088700000| Untracked 
| 136|0x0000000088800000, 0x0000000088900000, 0x0000000088900000|100%| O|  |TAMS 0x0000000088900000, 0x0000000088800000| Untracked 
| 137|0x0000000088900000, 0x0000000088a00000, 0x0000000088a00000|100%| O|  |TAMS 0x0000000088a00000, 0x0000000088900000| Untracked 
| 138|0x0000000088a00000, 0x0000000088b00000, 0x0000000088b00000|100%| O|  |TAMS 0x0000000088b00000, 0x0000000088a00000| Untracked 
| 139|0x0000000088b00000, 0x0000000088c00000, 0x0000000088c00000|100%| O|  |TAMS 0x0000000088c00000, 0x0000000088b00000| Untracked 
| 140|0x0000000088c00000, 0x0000000088d00000, 0x0000000088d00000|100%| O|  |TAMS 0x0000000088d00000, 0x0000000088c00000| Untracked 
| 141|0x0000000088d00000, 0x0000000088e00000, 0x0000000088e00000|100%| O|  |TAMS 0x0000000088e00000, 0x0000000088d00000| Untracked 
| 142|0x0000000088e00000, 0x0000000088f00000, 0x0000000088f00000|100%| O|  |TAMS 0x0000000088f00000, 0x0000000088e00000| Untracked 
| 143|0x0000000088f00000, 0x0000000089000000, 0x0000000089000000|100%| O|  |TAMS 0x0000000089000000, 0x0000000088f00000| Untracked 
| 144|0x0000000089000000, 0x0000000089100000, 0x0000000089100000|100%| O|  |TAMS 0x0000000089100000, 0x0000000089000000| Untracked 
| 145|0x0000000089100000, 0x0000000089200000, 0x0000000089200000|100%| O|  |TAMS 0x0000000089200000, 0x0000000089100000| Untracked 
| 146|0x0000000089200000, 0x0000000089300000, 0x0000000089300000|100%| O|  |TAMS 0x0000000089300000, 0x0000000089200000| Untracked 
| 147|0x0000000089300000, 0x0000000089400000, 0x0000000089400000|100%| O|  |TAMS 0x0000000089400000, 0x0000000089300000| Untracked 
| 148|0x0000000089400000, 0x0000000089500000, 0x0000000089500000|100%| O|  |TAMS 0x0000000089500000, 0x0000000089400000| Untracked 
| 149|0x0000000089500000, 0x0000000089600000, 0x0000000089600000|100%| O|  |TAMS 0x0000000089600000, 0x0000000089500000| Untracked 
| 150|0x0000000089600000, 0x0000000089700000, 0x0000000089700000|100%| O|  |TAMS 0x0000000089600000, 0x0000000089600000| Untracked 
| 151|0x0000000089700000, 0x0000000089800000, 0x0000000089800000|100%| O|  |TAMS 0x0000000089800000, 0x0000000089700000| Untracked 
| 152|0x0000000089800000, 0x0000000089900000, 0x0000000089900000|100%| O|  |TAMS 0x0000000089900000, 0x0000000089800000| Untracked 
| 153|0x0000000089900000, 0x0000000089a00000, 0x0000000089a00000|100%| O|  |TAMS 0x0000000089a00000, 0x0000000089900000| Untracked 
| 154|0x0000000089a00000, 0x0000000089b00000, 0x0000000089b00000|100%| O|  |TAMS 0x0000000089b00000, 0x0000000089a00000| Untracked 
| 155|0x0000000089b00000, 0x0000000089c00000, 0x0000000089c00000|100%| O|  |TAMS 0x0000000089c00000, 0x0000000089b00000| Untracked 
| 156|0x0000000089c00000, 0x0000000089d00000, 0x0000000089d00000|100%| O|  |TAMS 0x0000000089d00000, 0x0000000089c00000| Untracked 
| 157|0x0000000089d00000, 0x0000000089e00000, 0x0000000089e00000|100%| O|  |TAMS 0x0000000089d00000, 0x0000000089d00000| Untracked 
| 158|0x0000000089e00000, 0x0000000089f00000, 0x0000000089f00000|100%| O|  |TAMS 0x0000000089f00000, 0x0000000089e00000| Untracked 
| 159|0x0000000089f00000, 0x000000008a000000, 0x000000008a000000|100%| O|  |TAMS 0x000000008a000000, 0x0000000089f00000| Untracked 
| 160|0x000000008a000000, 0x000000008a100000, 0x000000008a100000|100%| O|  |TAMS 0x000000008a100000, 0x000000008a000000| Untracked 
| 161|0x000000008a100000, 0x000000008a200000, 0x000000008a200000|100%| O|  |TAMS 0x000000008a200000, 0x000000008a100000| Untracked 
| 162|0x000000008a200000, 0x000000008a300000, 0x000000008a300000|100%| O|  |TAMS 0x000000008a200000, 0x000000008a200000| Untracked 
| 163|0x000000008a300000, 0x000000008a400000, 0x000000008a400000|100%| O|  |TAMS 0x000000008a400000, 0x000000008a300000| Untracked 
| 164|0x000000008a400000, 0x000000008a500000, 0x000000008a500000|100%| O|  |TAMS 0x000000008a500000, 0x000000008a400000| Untracked 
| 165|0x000000008a500000, 0x000000008a600000, 0x000000008a600000|100%| O|  |TAMS 0x000000008a600000, 0x000000008a500000| Untracked 
| 166|0x000000008a600000, 0x000000008a700000, 0x000000008a700000|100%| O|  |TAMS 0x000000008a700000, 0x000000008a600000| Untracked 
| 167|0x000000008a700000, 0x000000008a800000, 0x000000008a800000|100%| O|  |TAMS 0x000000008a800000, 0x000000008a700000| Untracked 
| 168|0x000000008a800000, 0x000000008a900000, 0x000000008a900000|100%| O|  |TAMS 0x000000008a900000, 0x000000008a800000| Untracked 
| 169|0x000000008a900000, 0x000000008aa00000, 0x000000008aa00000|100%| O|  |TAMS 0x000000008aa00000, 0x000000008a900000| Untracked 
| 170|0x000000008aa00000, 0x000000008ab00000, 0x000000008ab00000|100%| O|  |TAMS 0x000000008ab00000, 0x000000008aa00000| Untracked 
| 171|0x000000008ab00000, 0x000000008ac00000, 0x000000008ac00000|100%| O|  |TAMS 0x000000008ab00000, 0x000000008ab00000| Untracked 
| 172|0x000000008ac00000, 0x000000008ad00000, 0x000000008ad00000|100%| O|  |TAMS 0x000000008ad00000, 0x000000008ac00000| Untracked 
| 173|0x000000008ad00000, 0x000000008ae00000, 0x000000008ae00000|100%| O|  |TAMS 0x000000008ae00000, 0x000000008ad00000| Untracked 
| 174|0x000000008ae00000, 0x000000008af00000, 0x000000008af00000|100%| O|  |TAMS 0x000000008af00000, 0x000000008ae00000| Untracked 
| 175|0x000000008af00000, 0x000000008b000000, 0x000000008b000000|100%| O|  |TAMS 0x000000008b000000, 0x000000008af00000| Untracked 
| 176|0x000000008b000000, 0x000000008b100000, 0x000000008b100000|100%| O|  |TAMS 0x000000008b100000, 0x000000008b000000| Untracked 
| 177|0x000000008b100000, 0x000000008b200000, 0x000000008b200000|100%| O|  |TAMS 0x000000008b200000, 0x000000008b100000| Untracked 
| 178|0x000000008b200000, 0x000000008b300000, 0x000000008b300000|100%| O|  |TAMS 0x000000008b300000, 0x000000008b200000| Untracked 
| 179|0x000000008b300000, 0x000000008b400000, 0x000000008b400000|100%| O|  |TAMS 0x000000008b300000, 0x000000008b300000| Untracked 
| 180|0x000000008b400000, 0x000000008b500000, 0x000000008b500000|100%| O|  |TAMS 0x000000008b500000, 0x000000008b400000| Untracked 
| 181|0x000000008b500000, 0x000000008b600000, 0x000000008b600000|100%| O|  |TAMS 0x000000008b600000, 0x000000008b500000| Untracked 
| 182|0x000000008b600000, 0x000000008b700000, 0x000000008b700000|100%| O|  |TAMS 0x000000008b700000, 0x000000008b600000| Untracked 
| 183|0x000000008b700000, 0x000000008b800000, 0x000000008b800000|100%| O|  |TAMS 0x000000008b800000, 0x000000008b700000| Untracked 
| 184|0x000000008b800000, 0x000000008b900000, 0x000000008b900000|100%| O|  |TAMS 0x000000008b900000, 0x000000008b800000| Untracked 
| 185|0x000000008b900000, 0x000000008ba00000, 0x000000008ba00000|100%| O|  |TAMS 0x000000008b900000, 0x000000008b900000| Untracked 
| 186|0x000000008ba00000, 0x000000008bb00000, 0x000000008bb00000|100%| O|  |TAMS 0x000000008ba00000, 0x000000008ba00000| Untracked 
| 187|0x000000008bb00000, 0x000000008bc00000, 0x000000008bc00000|100%| O|  |TAMS 0x000000008bb00000, 0x000000008bb00000| Untracked 
| 188|0x000000008bc00000, 0x000000008bd00000, 0x000000008bd00000|100%| O|  |TAMS 0x000000008bc00000, 0x000000008bc00000| Untracked 
| 189|0x000000008bd00000, 0x000000008be00000, 0x000000008be00000|100%| O|  |TAMS 0x000000008bd00000, 0x000000008bd00000| Untracked 
| 190|0x000000008be00000, 0x000000008bf00000, 0x000000008bf00000|100%| O|  |TAMS 0x000000008be00000, 0x000000008be00000| Untracked 
| 191|0x000000008bf00000, 0x000000008c000000, 0x000000008c000000|100%| O|  |TAMS 0x000000008bf00000, 0x000000008bf00000| Untracked 
| 192|0x000000008c000000, 0x000000008c100000, 0x000000008c100000|100%| O|  |TAMS 0x000000008c000000, 0x000000008c000000| Untracked 
| 193|0x000000008c100000, 0x000000008c200000, 0x000000008c200000|100%|HS|  |TAMS 0x000000008c100000, 0x000000008c100000| Complete 
| 194|0x000000008c200000, 0x000000008c300000, 0x000000008c300000|100%| O|  |TAMS 0x000000008c200000, 0x000000008c200000| Untracked 
| 195|0x000000008c300000, 0x000000008c400000, 0x000000008c400000|100%| O|  |TAMS 0x000000008c300000, 0x000000008c300000| Untracked 
| 196|0x000000008c400000, 0x000000008c500000, 0x000000008c500000|100%| O|  |TAMS 0x000000008c400000, 0x000000008c400000| Untracked 
| 197|0x000000008c500000, 0x000000008c600000, 0x000000008c600000|100%| O|  |TAMS 0x000000008c500000, 0x000000008c500000| Untracked 
| 198|0x000000008c600000, 0x000000008c700000, 0x000000008c700000|100%| O|  |TAMS 0x000000008c600000, 0x000000008c600000| Untracked 
| 199|0x000000008c700000, 0x000000008c800000, 0x000000008c800000|100%| O|  |TAMS 0x000000008c700000, 0x000000008c700000| Untracked 
| 200|0x000000008c800000, 0x000000008c900000, 0x000000008c900000|100%| O|  |TAMS 0x000000008c800000, 0x000000008c800000| Untracked 
| 201|0x000000008c900000, 0x000000008ca00000, 0x000000008ca00000|100%| O|  |TAMS 0x000000008c900000, 0x000000008c900000| Untracked 
| 202|0x000000008ca00000, 0x000000008cb00000, 0x000000008cb00000|100%| O|  |TAMS 0x000000008ca00000, 0x000000008ca00000| Untracked 
| 203|0x000000008cb00000, 0x000000008cc00000, 0x000000008cc00000|100%| O|  |TAMS 0x000000008cb00000, 0x000000008cb00000| Untracked 
| 204|0x000000008cc00000, 0x000000008cd00000, 0x000000008cd00000|100%| O|  |TAMS 0x000000008cc00000, 0x000000008cc00000| Untracked 
| 205|0x000000008cd00000, 0x000000008ce00000, 0x000000008ce00000|100%| O|  |TAMS 0x000000008cd00000, 0x000000008cd00000| Untracked 
| 206|0x000000008ce00000, 0x000000008cf00000, 0x000000008cf00000|100%| O|  |TAMS 0x000000008ce00000, 0x000000008ce00000| Untracked 
| 207|0x000000008cf00000, 0x000000008d000000, 0x000000008d000000|100%| O|  |TAMS 0x000000008cf00000, 0x000000008cf00000| Untracked 
| 208|0x000000008d000000, 0x000000008d100000, 0x000000008d100000|100%| O|  |TAMS 0x000000008d000000, 0x000000008d000000| Untracked 
| 209|0x000000008d100000, 0x000000008d200000, 0x000000008d200000|100%| O|  |TAMS 0x000000008d100000, 0x000000008d100000| Untracked 
| 210|0x000000008d200000, 0x000000008d300000, 0x000000008d300000|100%| O|  |TAMS 0x000000008d200000, 0x000000008d200000| Untracked 
| 211|0x000000008d300000, 0x000000008d400000, 0x000000008d400000|100%| O|  |TAMS 0x000000008d300000, 0x000000008d300000| Untracked 
| 212|0x000000008d400000, 0x000000008d500000, 0x000000008d500000|100%|HS|  |TAMS 0x000000008d400000, 0x000000008d400000| Complete 
| 213|0x000000008d500000, 0x000000008d600000, 0x000000008d600000|100%|HC|  |TAMS 0x000000008d500000, 0x000000008d500000| Complete 
| 214|0x000000008d600000, 0x000000008d700000, 0x000000008d700000|100%|HS|  |TAMS 0x000000008d600000, 0x000000008d600000| Complete 
| 215|0x000000008d700000, 0x000000008d800000, 0x000000008d800000|100%|HS|  |TAMS 0x000000008d700000, 0x000000008d700000| Complete 
| 216|0x000000008d800000, 0x000000008d900000, 0x000000008d900000|100%|HS|  |TAMS 0x000000008d800000, 0x000000008d800000| Complete 
| 217|0x000000008d900000, 0x000000008da00000, 0x000000008da00000|100%| O|  |TAMS 0x000000008d900000, 0x000000008d900000| Untracked 
| 218|0x000000008da00000, 0x000000008db00000, 0x000000008db00000|100%| O|  |TAMS 0x000000008da00000, 0x000000008da00000| Untracked 
| 219|0x000000008db00000, 0x000000008dc00000, 0x000000008dc00000|100%| O|  |TAMS 0x000000008db00000, 0x000000008db00000| Untracked 
| 220|0x000000008dc00000, 0x000000008dd00000, 0x000000008dd00000|100%| O|  |TAMS 0x000000008dc00000, 0x000000008dc00000| Untracked 
| 221|0x000000008dd00000, 0x000000008de00000, 0x000000008de00000|100%| O|  |TAMS 0x000000008dd00000, 0x000000008dd00000| Untracked 
| 222|0x000000008de00000, 0x000000008df00000, 0x000000008df00000|100%|HS|  |TAMS 0x000000008de00000, 0x000000008de00000| Complete 
| 223|0x000000008df00000, 0x000000008e000000, 0x000000008e000000|100%| O|  |TAMS 0x000000008df00000, 0x000000008df00000| Untracked 
| 224|0x000000008e000000, 0x000000008e100000, 0x000000008e100000|100%| O|  |TAMS 0x000000008e000000, 0x000000008e000000| Untracked 
| 225|0x000000008e100000, 0x000000008e200000, 0x000000008e200000|100%| O|  |TAMS 0x000000008e100000, 0x000000008e100000| Untracked 
| 226|0x000000008e200000, 0x000000008e300000, 0x000000008e300000|100%| O|  |TAMS 0x000000008e200000, 0x000000008e200000| Untracked 
| 227|0x000000008e300000, 0x000000008e400000, 0x000000008e400000|100%| O|  |TAMS 0x000000008e300000, 0x000000008e300000| Untracked 
| 228|0x000000008e400000, 0x000000008e500000, 0x000000008e500000|100%| O|  |TAMS 0x000000008e400000, 0x000000008e400000| Untracked 
| 229|0x000000008e500000, 0x000000008e600000, 0x000000008e600000|100%| O|  |TAMS 0x000000008e500000, 0x000000008e500000| Untracked 
| 230|0x000000008e600000, 0x000000008e700000, 0x000000008e700000|100%| O|  |TAMS 0x000000008e600000, 0x000000008e600000| Untracked 
| 231|0x000000008e700000, 0x000000008e800000, 0x000000008e800000|100%| O|  |TAMS 0x000000008e700000, 0x000000008e700000| Untracked 
| 232|0x000000008e800000, 0x000000008e900000, 0x000000008e900000|100%| O|  |TAMS 0x000000008e800000, 0x000000008e800000| Untracked 
| 233|0x000000008e900000, 0x000000008ea00000, 0x000000008ea00000|100%| O|  |TAMS 0x000000008e900000, 0x000000008e900000| Untracked 
| 234|0x000000008ea00000, 0x000000008eb00000, 0x000000008eb00000|100%| O|  |TAMS 0x000000008ea00000, 0x000000008ea00000| Untracked 
| 235|0x000000008eb00000, 0x000000008ec00000, 0x000000008ec00000|100%| O|  |TAMS 0x000000008eb00000, 0x000000008eb00000| Untracked 
| 236|0x000000008ec00000, 0x000000008ed00000, 0x000000008ed00000|100%| O|  |TAMS 0x000000008ec00000, 0x000000008ec00000| Untracked 
| 237|0x000000008ed00000, 0x000000008ee00000, 0x000000008ee00000|100%| O|  |TAMS 0x000000008ed00000, 0x000000008ed00000| Untracked 
| 238|0x000000008ee00000, 0x000000008ef00000, 0x000000008ef00000|100%| O|  |TAMS 0x000000008ee00000, 0x000000008ee00000| Untracked 
| 239|0x000000008ef00000, 0x000000008f000000, 0x000000008f000000|100%| O|  |TAMS 0x000000008ef00000, 0x000000008ef00000| Untracked 
| 240|0x000000008f000000, 0x000000008f100000, 0x000000008f100000|100%| O|  |TAMS 0x000000008f000000, 0x000000008f000000| Untracked 
| 241|0x000000008f100000, 0x000000008f200000, 0x000000008f200000|100%| O|  |TAMS 0x000000008f100000, 0x000000008f100000| Untracked 
| 242|0x000000008f200000, 0x000000008f300000, 0x000000008f300000|100%| O|  |TAMS 0x000000008f200000, 0x000000008f200000| Untracked 
| 243|0x000000008f300000, 0x000000008f400000, 0x000000008f400000|100%| O|  |TAMS 0x000000008f300000, 0x000000008f300000| Untracked 
| 244|0x000000008f400000, 0x000000008f500000, 0x000000008f500000|100%| O|  |TAMS 0x000000008f400000, 0x000000008f400000| Untracked 
| 245|0x000000008f500000, 0x000000008f600000, 0x000000008f600000|100%| O|  |TAMS 0x000000008f500000, 0x000000008f500000| Untracked 
| 246|0x000000008f600000, 0x000000008f700000, 0x000000008f700000|100%| O|  |TAMS 0x000000008f600000, 0x000000008f600000| Untracked 
| 247|0x000000008f700000, 0x000000008f800000, 0x000000008f800000|100%| O|  |TAMS 0x000000008f700000, 0x000000008f700000| Untracked 
| 248|0x000000008f800000, 0x000000008f900000, 0x000000008f900000|100%| O|  |TAMS 0x000000008f800000, 0x000000008f800000| Untracked 
| 249|0x000000008f900000, 0x000000008fa00000, 0x000000008fa00000|100%| O|  |TAMS 0x000000008f900000, 0x000000008f900000| Untracked 
| 250|0x000000008fa00000, 0x000000008fb00000, 0x000000008fb00000|100%| O|  |TAMS 0x000000008fa00000, 0x000000008fa00000| Untracked 
| 251|0x000000008fb00000, 0x000000008fc00000, 0x000000008fc00000|100%| O|  |TAMS 0x000000008fb00000, 0x000000008fb00000| Untracked 
| 252|0x000000008fc00000, 0x000000008fd00000, 0x000000008fd00000|100%| O|  |TAMS 0x000000008fc00000, 0x000000008fc00000| Untracked 
| 253|0x000000008fd00000, 0x000000008fe00000, 0x000000008fe00000|100%| O|  |TAMS 0x000000008fd00000, 0x000000008fd00000| Untracked 
| 254|0x000000008fe00000, 0x000000008ff00000, 0x000000008ff00000|100%| O|  |TAMS 0x000000008fe00000, 0x000000008fe00000| Untracked 
| 255|0x000000008ff00000, 0x0000000090000000, 0x0000000090000000|100%| O|  |TAMS 0x000000008ff00000, 0x000000008ff00000| Untracked 
| 256|0x0000000090000000, 0x0000000090100000, 0x0000000090100000|100%| O|  |TAMS 0x0000000090000000, 0x0000000090000000| Untracked 
| 257|0x0000000090100000, 0x0000000090200000, 0x0000000090200000|100%|HS|  |TAMS 0x0000000090100000, 0x0000000090100000| Complete 
| 258|0x0000000090200000, 0x0000000090300000, 0x0000000090300000|100%| O|  |TAMS 0x0000000090200000, 0x0000000090200000| Untracked 
| 259|0x0000000090300000, 0x0000000090400000, 0x0000000090400000|100%| O|  |TAMS 0x0000000090300000, 0x0000000090300000| Untracked 
| 260|0x0000000090400000, 0x0000000090500000, 0x0000000090500000|100%| O|  |TAMS 0x0000000090400000, 0x0000000090400000| Untracked 
| 261|0x0000000090500000, 0x0000000090600000, 0x0000000090600000|100%| O|  |TAMS 0x0000000090500000, 0x0000000090500000| Untracked 
| 262|0x0000000090600000, 0x0000000090700000, 0x0000000090700000|100%| O|  |TAMS 0x0000000090600000, 0x0000000090600000| Untracked 
| 263|0x0000000090700000, 0x0000000090800000, 0x0000000090800000|100%| O|  |TAMS 0x0000000090700000, 0x0000000090700000| Untracked 
| 264|0x0000000090800000, 0x0000000090900000, 0x0000000090900000|100%| O|  |TAMS 0x0000000090800000, 0x0000000090800000| Untracked 
| 265|0x0000000090900000, 0x0000000090a00000, 0x0000000090a00000|100%| O|  |TAMS 0x0000000090900000, 0x0000000090900000| Untracked 
| 266|0x0000000090a00000, 0x0000000090b00000, 0x0000000090b00000|100%| O|  |TAMS 0x0000000090a00000, 0x0000000090a00000| Untracked 
| 267|0x0000000090b00000, 0x0000000090c00000, 0x0000000090c00000|100%|HS|  |TAMS 0x0000000090b00000, 0x0000000090b00000| Complete 
| 268|0x0000000090c00000, 0x0000000090d00000, 0x0000000090d00000|100%|HC|  |TAMS 0x0000000090c00000, 0x0000000090c00000| Complete 
| 269|0x0000000090d00000, 0x0000000090e00000, 0x0000000090e00000|100%| O|  |TAMS 0x0000000090d00000, 0x0000000090d00000| Untracked 
| 270|0x0000000090e00000, 0x0000000090f00000, 0x0000000090f00000|100%| O|  |TAMS 0x0000000090e00000, 0x0000000090e00000| Untracked 
| 271|0x0000000090f00000, 0x0000000091000000, 0x0000000091000000|100%| O|  |TAMS 0x0000000090f00000, 0x0000000090f00000| Untracked 
| 272|0x0000000091000000, 0x0000000091100000, 0x0000000091100000|100%| O|  |TAMS 0x0000000091000000, 0x0000000091000000| Untracked 
| 273|0x0000000091100000, 0x0000000091200000, 0x0000000091200000|100%| O|  |TAMS 0x0000000091100000, 0x0000000091100000| Untracked 
| 274|0x0000000091200000, 0x0000000091300000, 0x0000000091300000|100%| O|  |TAMS 0x0000000091200000, 0x0000000091200000| Untracked 
| 275|0x0000000091300000, 0x0000000091400000, 0x0000000091400000|100%| O|  |TAMS 0x0000000091300000, 0x0000000091300000| Untracked 
| 276|0x0000000091400000, 0x0000000091500000, 0x0000000091500000|100%| O|  |TAMS 0x0000000091400000, 0x0000000091400000| Untracked 
| 277|0x0000000091500000, 0x0000000091600000, 0x0000000091600000|100%| O|  |TAMS 0x0000000091500000, 0x0000000091500000| Untracked 
| 278|0x0000000091600000, 0x0000000091700000, 0x0000000091700000|100%| O|  |TAMS 0x0000000091600000, 0x0000000091600000| Untracked 
| 279|0x0000000091700000, 0x0000000091800000, 0x0000000091800000|100%| O|  |TAMS 0x0000000091700000, 0x0000000091700000| Untracked 
| 280|0x0000000091800000, 0x0000000091900000, 0x0000000091900000|100%| O|  |TAMS 0x0000000091800000, 0x0000000091800000| Untracked 
| 281|0x0000000091900000, 0x0000000091a00000, 0x0000000091a00000|100%| O|  |TAMS 0x0000000091900000, 0x0000000091900000| Untracked 
| 282|0x0000000091a00000, 0x0000000091b00000, 0x0000000091b00000|100%| O|  |TAMS 0x0000000091a00000, 0x0000000091a00000| Untracked 
| 283|0x0000000091b00000, 0x0000000091c00000, 0x0000000091c00000|100%| O|  |TAMS 0x0000000091b00000, 0x0000000091b00000| Untracked 
| 284|0x0000000091c00000, 0x0000000091d00000, 0x0000000091d00000|100%| O|  |TAMS 0x0000000091c00000, 0x0000000091c00000| Untracked 
| 285|0x0000000091d00000, 0x0000000091e00000, 0x0000000091e00000|100%| O|  |TAMS 0x0000000091d00000, 0x0000000091d00000| Untracked 
| 286|0x0000000091e00000, 0x0000000091f00000, 0x0000000091f00000|100%| O|  |TAMS 0x0000000091e00000, 0x0000000091e00000| Untracked 
| 287|0x0000000091f00000, 0x0000000092000000, 0x0000000092000000|100%| O|  |TAMS 0x0000000091f00000, 0x0000000091f00000| Untracked 
| 288|0x0000000092000000, 0x0000000092100000, 0x0000000092100000|100%| O|  |TAMS 0x0000000092000000, 0x0000000092000000| Untracked 
| 289|0x0000000092100000, 0x0000000092150200, 0x0000000092200000| 31%| O|  |TAMS 0x0000000092100000, 0x0000000092100000| Untracked 
| 290|0x0000000092200000, 0x0000000092200000, 0x0000000092300000|  0%| F|  |TAMS 0x0000000092200000, 0x0000000092200000| Untracked 
| 291|0x0000000092300000, 0x0000000092300000, 0x0000000092400000|  0%| F|  |TAMS 0x0000000092300000, 0x0000000092300000| Untracked 
| 292|0x0000000092400000, 0x0000000092400000, 0x0000000092500000|  0%| F|  |TAMS 0x0000000092400000, 0x0000000092400000| Untracked 
| 293|0x0000000092500000, 0x0000000092500000, 0x0000000092600000|  0%| F|  |TAMS 0x0000000092500000, 0x0000000092500000| Untracked 
| 294|0x0000000092600000, 0x0000000092600000, 0x0000000092700000|  0%| F|  |TAMS 0x0000000092600000, 0x0000000092600000| Untracked 
| 295|0x0000000092700000, 0x0000000092700000, 0x0000000092800000|  0%| F|  |TAMS 0x0000000092700000, 0x0000000092700000| Untracked 
| 296|0x0000000092800000, 0x0000000092800000, 0x0000000092900000|  0%| F|  |TAMS 0x0000000092800000, 0x0000000092800000| Untracked 
| 297|0x0000000092900000, 0x0000000092900000, 0x0000000092a00000|  0%| F|  |TAMS 0x0000000092900000, 0x0000000092900000| Untracked 
| 298|0x0000000092a00000, 0x0000000092a00000, 0x0000000092b00000|  0%| F|  |TAMS 0x0000000092a00000, 0x0000000092a00000| Untracked 
| 299|0x0000000092b00000, 0x0000000092b00000, 0x0000000092c00000|  0%| F|  |TAMS 0x0000000092b00000, 0x0000000092b00000| Untracked 
| 300|0x0000000092c00000, 0x0000000092c00000, 0x0000000092d00000|  0%| F|  |TAMS 0x0000000092c00000, 0x0000000092c00000| Untracked 
| 301|0x0000000092d00000, 0x0000000092d00000, 0x0000000092e00000|  0%| F|  |TAMS 0x0000000092d00000, 0x0000000092d00000| Untracked 
| 302|0x0000000092e00000, 0x0000000092e00000, 0x0000000092f00000|  0%| F|  |TAMS 0x0000000092e00000, 0x0000000092e00000| Untracked 
| 303|0x0000000092f00000, 0x0000000092f00000, 0x0000000093000000|  0%| F|  |TAMS 0x0000000092f00000, 0x0000000092f00000| Untracked 
| 304|0x0000000093000000, 0x0000000093000000, 0x0000000093100000|  0%| F|  |TAMS 0x0000000093000000, 0x0000000093000000| Untracked 
| 305|0x0000000093100000, 0x0000000093100000, 0x0000000093200000|  0%| F|  |TAMS 0x0000000093100000, 0x0000000093100000| Untracked 
| 306|0x0000000093200000, 0x0000000093200000, 0x0000000093300000|  0%| F|  |TAMS 0x0000000093200000, 0x0000000093200000| Untracked 
| 307|0x0000000093300000, 0x0000000093300000, 0x0000000093400000|  0%| F|  |TAMS 0x0000000093300000, 0x0000000093300000| Untracked 
| 308|0x0000000093400000, 0x0000000093400000, 0x0000000093500000|  0%| F|  |TAMS 0x0000000093400000, 0x0000000093400000| Untracked 
| 309|0x0000000093500000, 0x0000000093500000, 0x0000000093600000|  0%| F|  |TAMS 0x0000000093500000, 0x0000000093500000| Untracked 
| 310|0x0000000093600000, 0x0000000093600000, 0x0000000093700000|  0%| F|  |TAMS 0x0000000093600000, 0x0000000093600000| Untracked 
| 311|0x0000000093700000, 0x0000000093700000, 0x0000000093800000|  0%| F|  |TAMS 0x0000000093700000, 0x0000000093700000| Untracked 
| 312|0x0000000093800000, 0x0000000093800000, 0x0000000093900000|  0%| F|  |TAMS 0x0000000093800000, 0x0000000093800000| Untracked 
| 313|0x0000000093900000, 0x0000000093900000, 0x0000000093a00000|  0%| F|  |TAMS 0x0000000093900000, 0x0000000093900000| Untracked 
| 314|0x0000000093a00000, 0x0000000093a00000, 0x0000000093b00000|  0%| F|  |TAMS 0x0000000093a00000, 0x0000000093a00000| Untracked 
| 315|0x0000000093b00000, 0x0000000093b00000, 0x0000000093c00000|  0%| F|  |TAMS 0x0000000093b00000, 0x0000000093b00000| Untracked 
| 316|0x0000000093c00000, 0x0000000093c00000, 0x0000000093d00000|  0%| F|  |TAMS 0x0000000093c00000, 0x0000000093c00000| Untracked 
| 317|0x0000000093d00000, 0x0000000093d00000, 0x0000000093e00000|  0%| F|  |TAMS 0x0000000093d00000, 0x0000000093d00000| Untracked 
| 318|0x0000000093e00000, 0x0000000093e00000, 0x0000000093f00000|  0%| F|  |TAMS 0x0000000093e00000, 0x0000000093e00000| Untracked 
| 319|0x0000000093f00000, 0x0000000093f00000, 0x0000000094000000|  0%| F|  |TAMS 0x0000000093f00000, 0x0000000093f00000| Untracked 
| 320|0x0000000094000000, 0x0000000094000000, 0x0000000094100000|  0%| F|  |TAMS 0x0000000094000000, 0x0000000094000000| Untracked 
| 321|0x0000000094100000, 0x0000000094100000, 0x0000000094200000|  0%| F|  |TAMS 0x0000000094100000, 0x0000000094100000| Untracked 
| 322|0x0000000094200000, 0x0000000094200000, 0x0000000094300000|  0%| F|  |TAMS 0x0000000094200000, 0x0000000094200000| Untracked 
| 323|0x0000000094300000, 0x0000000094300000, 0x0000000094400000|  0%| F|  |TAMS 0x0000000094300000, 0x0000000094300000| Untracked 
| 324|0x0000000094400000, 0x0000000094400000, 0x0000000094500000|  0%| F|  |TAMS 0x0000000094400000, 0x0000000094400000| Untracked 
| 325|0x0000000094500000, 0x0000000094500000, 0x0000000094600000|  0%| F|  |TAMS 0x0000000094500000, 0x0000000094500000| Untracked 
| 326|0x0000000094600000, 0x0000000094600000, 0x0000000094700000|  0%| F|  |TAMS 0x0000000094600000, 0x0000000094600000| Untracked 
| 327|0x0000000094700000, 0x0000000094700000, 0x0000000094800000|  0%| F|  |TAMS 0x0000000094700000, 0x0000000094700000| Untracked 
| 328|0x0000000094800000, 0x0000000094800000, 0x0000000094900000|  0%| F|  |TAMS 0x0000000094800000, 0x0000000094800000| Untracked 
| 329|0x0000000094900000, 0x0000000094900000, 0x0000000094a00000|  0%| F|  |TAMS 0x0000000094900000, 0x0000000094900000| Untracked 
| 330|0x0000000094a00000, 0x0000000094a00000, 0x0000000094b00000|  0%| F|  |TAMS 0x0000000094a00000, 0x0000000094a00000| Untracked 
| 331|0x0000000094b00000, 0x0000000094b00000, 0x0000000094c00000|  0%| F|  |TAMS 0x0000000094b00000, 0x0000000094b00000| Untracked 
| 332|0x0000000094c00000, 0x0000000094c00000, 0x0000000094d00000|  0%| F|  |TAMS 0x0000000094c00000, 0x0000000094c00000| Untracked 
| 333|0x0000000094d00000, 0x0000000094d00000, 0x0000000094e00000|  0%| F|  |TAMS 0x0000000094d00000, 0x0000000094d00000| Untracked 
| 334|0x0000000094e00000, 0x0000000094ec0fa0, 0x0000000094f00000| 75%| S|CS|TAMS 0x0000000094e00000, 0x0000000094e00000| Complete 
| 335|0x0000000094f00000, 0x0000000095000000, 0x0000000095000000|100%| S|CS|TAMS 0x0000000094f00000, 0x0000000094f00000| Complete 
| 336|0x0000000095000000, 0x0000000095100000, 0x0000000095100000|100%| S|CS|TAMS 0x0000000095000000, 0x0000000095000000| Complete 
| 337|0x0000000095100000, 0x0000000095200000, 0x0000000095200000|100%| S|CS|TAMS 0x0000000095100000, 0x0000000095100000| Complete 
| 338|0x0000000095200000, 0x0000000095200000, 0x0000000095300000|  0%| F|  |TAMS 0x0000000095200000, 0x0000000095200000| Untracked 
| 339|0x0000000095300000, 0x0000000095300000, 0x0000000095400000|  0%| F|  |TAMS 0x0000000095300000, 0x0000000095300000| Untracked 
| 340|0x0000000095400000, 0x0000000095400000, 0x0000000095500000|  0%| F|  |TAMS 0x0000000095400000, 0x0000000095400000| Untracked 
| 341|0x0000000095500000, 0x0000000095500000, 0x0000000095600000|  0%| F|  |TAMS 0x0000000095500000, 0x0000000095500000| Untracked 
| 342|0x0000000095600000, 0x0000000095600000, 0x0000000095700000|  0%| F|  |TAMS 0x0000000095600000, 0x0000000095600000| Untracked 
| 343|0x0000000095700000, 0x0000000095700000, 0x0000000095800000|  0%| F|  |TAMS 0x0000000095700000, 0x0000000095700000| Untracked 
| 344|0x0000000095800000, 0x0000000095800000, 0x0000000095900000|  0%| F|  |TAMS 0x0000000095800000, 0x0000000095800000| Untracked 
| 345|0x0000000095900000, 0x0000000095900000, 0x0000000095a00000|  0%| F|  |TAMS 0x0000000095900000, 0x0000000095900000| Untracked 
| 346|0x0000000095a00000, 0x0000000095a00000, 0x0000000095b00000|  0%| F|  |TAMS 0x0000000095a00000, 0x0000000095a00000| Untracked 
| 347|0x0000000095b00000, 0x0000000095b00000, 0x0000000095c00000|  0%| F|  |TAMS 0x0000000095b00000, 0x0000000095b00000| Untracked 
| 348|0x0000000095c00000, 0x0000000095c00000, 0x0000000095d00000|  0%| F|  |TAMS 0x0000000095c00000, 0x0000000095c00000| Untracked 
| 349|0x0000000095d00000, 0x0000000095d00000, 0x0000000095e00000|  0%| F|  |TAMS 0x0000000095d00000, 0x0000000095d00000| Untracked 
| 350|0x0000000095e00000, 0x0000000095e00000, 0x0000000095f00000|  0%| F|  |TAMS 0x0000000095e00000, 0x0000000095e00000| Untracked 
| 351|0x0000000095f00000, 0x0000000095f00000, 0x0000000096000000|  0%| F|  |TAMS 0x0000000095f00000, 0x0000000095f00000| Untracked 
| 352|0x0000000096000000, 0x0000000096000000, 0x0000000096100000|  0%| F|  |TAMS 0x0000000096000000, 0x0000000096000000| Untracked 
| 353|0x0000000096100000, 0x0000000096100000, 0x0000000096200000|  0%| F|  |TAMS 0x0000000096100000, 0x0000000096100000| Untracked 
| 354|0x0000000096200000, 0x0000000096200000, 0x0000000096300000|  0%| F|  |TAMS 0x0000000096200000, 0x0000000096200000| Untracked 
| 355|0x0000000096300000, 0x0000000096300000, 0x0000000096400000|  0%| F|  |TAMS 0x0000000096300000, 0x0000000096300000| Untracked 
| 356|0x0000000096400000, 0x0000000096400000, 0x0000000096500000|  0%| F|  |TAMS 0x0000000096400000, 0x0000000096400000| Untracked 
| 357|0x0000000096500000, 0x0000000096500000, 0x0000000096600000|  0%| F|  |TAMS 0x0000000096500000, 0x0000000096500000| Untracked 
| 358|0x0000000096600000, 0x0000000096600000, 0x0000000096700000|  0%| F|  |TAMS 0x0000000096600000, 0x0000000096600000| Untracked 
| 359|0x0000000096700000, 0x0000000096700000, 0x0000000096800000|  0%| F|  |TAMS 0x0000000096700000, 0x0000000096700000| Untracked 
| 360|0x0000000096800000, 0x0000000096800000, 0x0000000096900000|  0%| F|  |TAMS 0x0000000096800000, 0x0000000096800000| Untracked 
| 361|0x0000000096900000, 0x0000000096900000, 0x0000000096a00000|  0%| F|  |TAMS 0x0000000096900000, 0x0000000096900000| Untracked 
| 362|0x0000000096a00000, 0x0000000096a7fd98, 0x0000000096b00000| 49%| E|  |TAMS 0x0000000096a00000, 0x0000000096a00000| Complete 
| 363|0x0000000096b00000, 0x0000000096c00000, 0x0000000096c00000|100%| E|CS|TAMS 0x0000000096b00000, 0x0000000096b00000| Complete 
| 364|0x0000000096c00000, 0x0000000096d00000, 0x0000000096d00000|100%| E|CS|TAMS 0x0000000096c00000, 0x0000000096c00000| Complete 
| 365|0x0000000096d00000, 0x0000000096e00000, 0x0000000096e00000|100%| E|CS|TAMS 0x0000000096d00000, 0x0000000096d00000| Complete 
| 366|0x0000000096e00000, 0x0000000096f00000, 0x0000000096f00000|100%| E|CS|TAMS 0x0000000096e00000, 0x0000000096e00000| Complete 
| 367|0x0000000096f00000, 0x0000000097000000, 0x0000000097000000|100%| E|CS|TAMS 0x0000000096f00000, 0x0000000096f00000| Complete 
| 368|0x0000000097000000, 0x0000000097100000, 0x0000000097100000|100%| E|CS|TAMS 0x0000000097000000, 0x0000000097000000| Complete 
| 369|0x0000000097100000, 0x0000000097200000, 0x0000000097200000|100%| E|CS|TAMS 0x0000000097100000, 0x0000000097100000| Complete 
| 370|0x0000000097200000, 0x0000000097300000, 0x0000000097300000|100%| E|CS|TAMS 0x0000000097200000, 0x0000000097200000| Complete 
| 371|0x0000000097300000, 0x0000000097400000, 0x0000000097400000|100%| E|CS|TAMS 0x0000000097300000, 0x0000000097300000| Complete 
| 372|0x0000000097400000, 0x0000000097500000, 0x0000000097500000|100%| E|CS|TAMS 0x0000000097400000, 0x0000000097400000| Complete 
| 373|0x0000000097500000, 0x0000000097600000, 0x0000000097600000|100%| E|CS|TAMS 0x0000000097500000, 0x0000000097500000| Complete 
| 374|0x0000000097600000, 0x0000000097700000, 0x0000000097700000|100%| E|CS|TAMS 0x0000000097600000, 0x0000000097600000| Complete 
| 375|0x0000000097700000, 0x0000000097800000, 0x0000000097800000|100%| E|CS|TAMS 0x0000000097700000, 0x0000000097700000| Complete 
| 376|0x0000000097800000, 0x0000000097900000, 0x0000000097900000|100%| E|CS|TAMS 0x0000000097800000, 0x0000000097800000| Complete 
| 377|0x0000000097900000, 0x0000000097a00000, 0x0000000097a00000|100%| E|CS|TAMS 0x0000000097900000, 0x0000000097900000| Complete 
| 378|0x0000000097a00000, 0x0000000097b00000, 0x0000000097b00000|100%| E|CS|TAMS 0x0000000097a00000, 0x0000000097a00000| Complete 
| 379|0x0000000097b00000, 0x0000000097c00000, 0x0000000097c00000|100%| E|CS|TAMS 0x0000000097b00000, 0x0000000097b00000| Complete 
| 380|0x0000000097c00000, 0x0000000097d00000, 0x0000000097d00000|100%| E|CS|TAMS 0x0000000097c00000, 0x0000000097c00000| Complete 

Card table byte_map: [0x000002519e8c0000,0x000002519ecc0000] _byte_map_base: 0x000002519e4c0000

Marking Bits (Prev, Next): (CMBitMap*) 0x000002518b9fc6a8, (CMBitMap*) 0x000002518b9fc6e0
 Prev Bits: [0x000002519f0c0000, 0x00000251a10c0000)
 Next Bits: [0x00000251a10c0000, 0x00000251a30c0000)

Polling page: 0x00000251897e0000

Metaspace:

Usage:
  Non-class:    145.15 MB capacity,   142.43 MB ( 98%) used,     2.18 MB (  2%) free+waste,   546.50 KB ( <1%) overhead. 
      Class:     20.91 MB capacity,    19.36 MB ( 93%) used,     1.33 MB (  6%) free+waste,   231.75 KB (  1%) overhead. 
       Both:    166.06 MB capacity,   161.79 MB ( 97%) used,     3.51 MB (  2%) free+waste,   778.25 KB ( <1%) overhead. 

Virtual space:
  Non-class space:      146.00 MB reserved,     145.25 MB (>99%) committed 
      Class space:        1.00 GB reserved,      20.95 MB (  2%) committed 
             Both:        1.14 GB reserved,     166.20 MB ( 14%) committed 

Chunk freelists:
   Non-Class:  2.00 KB
       Class:  0 bytes
        Both:  2.00 KB

MaxMetaspaceSize: 17179869184.00 GB
CompressedClassSpaceSize: 1.00 GB
Initial GC threshold: 20.80 MB
Current GC threshold: 249.50 MB
CDS: off

CodeHeap 'non-profiled nmethods': size=120064Kb used=27347Kb max_used=27347Kb free=92716Kb
 bounds [0x0000025196f80000, 0x0000025198a40000, 0x000002519e4c0000]
CodeHeap 'profiled nmethods': size=120000Kb used=60723Kb max_used=60723Kb free=59276Kb
 bounds [0x000002518fa50000, 0x00000251935b0000, 0x0000025196f80000]
CodeHeap 'non-nmethods': size=5696Kb used=2538Kb max_used=2597Kb free=3158Kb
 bounds [0x000002518f4c0000, 0x000002518f760000, 0x000002518fa50000]
 total_blobs=29139 nmethods=28060 adapters=990
 compilation: enabled
              stopped_count=0, restarted_count=0
 full_count=0

Compilation events (20 events):
Event: 9198.000 Thread 0x00000251a5e0b800 nmethod 35746 0x0000025198a2fd90 code [0x0000025198a2ff40, 0x0000025198a30098]
Event: 9198.177 Thread 0x00000251a5e0b800 35747   !   4       org.gradle.launcher.daemon.server.exec.LogToClient$AsynchronousLogDispatcher::run (62 bytes)
Event: 9198.201 Thread 0x00000251a5e0b800 nmethod 35747 0x0000025198a30210 code [0x0000025198a30400, 0x0000025198a30c30]
Event: 9198.394 Thread 0x00000251a5e0b800 35748       4       org.gradle.api.internal.artifacts.ivyservice.resolveengine.result.DefaultComponentSelectionDescriptor::equals (82 bytes)
Event: 9198.395 Thread 0x00000251a5e0b800 nmethod 35748 0x0000025198a31010 code [0x0000025198a311a0, 0x0000025198a31278]
Event: 9198.401 Thread 0x00000251a5e11000 35749       1       org.gradle.internal.component.external.model.AbstractVariantBackedConfigurationMetadata::getVariant (5 bytes)
Event: 9198.401 Thread 0x00000251a5e11000 nmethod 35749 0x0000025198a31390 code [0x0000025198a31540, 0x0000025198a315f8]
Event: 9198.403 Thread 0x00000251a5e0b800 35750       4       org.gradle.api.internal.attributes.DefaultImmutableAttributesFactory::concat (126 bytes)
Event: 9198.496 Thread 0x00000251a5e11000 35753       3       com.google.common.collect.ImmutableList::copyOf (32 bytes)
Event: 9198.497 Thread 0x00000251a5e11000 nmethod 35753 0x00000251935a7990 code [0x00000251935a7ba0, 0x00000251935a8158]
Event: 9198.500 Thread 0x00000251a5e11000 35756       3       org.gradle.api.internal.initialization.DefaultScriptClassPathResolver::lambda$resolveClassPath$0 (37 bytes)
Event: 9198.501 Thread 0x00000251a5e11000 nmethod 35756 0x00000251935a8310 code [0x00000251935a8500, 0x00000251935a8a88]
Event: 9198.501 Thread 0x00000251a5e11000 35757       3       org.gradle.api.internal.artifacts.ivyservice.resolveengine.artifact.ParallelResolveArtifactSet::wrap (21 bytes)
Event: 9198.501 Thread 0x00000251a5e11000 nmethod 35757 0x00000251935a8b90 code [0x00000251935a8d60, 0x00000251935a90d8]
Event: 9198.503 Thread 0x00000251a5e0b800 nmethod 35750 0x0000025198a31690 code [0x0000025198a31940, 0x0000025198a33388]
Event: 9198.503 Thread 0x00000251a5e0b800 35752       4       java.util.ArrayDeque::toArray (99 bytes)
Event: 9198.509 Thread 0x00000251a5e11000 35760   !   3       java.util.concurrent.ThreadPoolExecutor::addWorker (289 bytes)
Event: 9198.512 Thread 0x00000251a5e11000 nmethod 35760 0x00000251935a9210 code [0x00000251935a95e0, 0x00000251935ab5b8]
Event: 9198.520 Thread 0x00000251a5e0b800 nmethod 35752 0x0000025198a34210 code [0x0000025198a343c0, 0x0000025198a349d8]
Event: 9198.520 Thread 0x00000251a5e0b800 35754       4       org.gradle.api.internal.artifacts.ivyservice.resolveengine.result.ResolvedVariantResultSerializer::write (150 bytes)

GC Heap History (20 events):
Event: 1968.115 GC heap before
{Heap before GC invocations=182 (full 0):
 garbage-first heap   total 390144K, used 337530K [0x0000000080000000, 0x0000000100000000)
  region size 1024K, 59 young (60416K), 8 survivors (8192K)
 Metaspace       used 163228K, capacity 167413K, committed 167500K, reserved 1196032K
  class space    used 19523K, capacity 21044K, committed 21068K, reserved 1048576K
}
Event: 1968.135 GC heap after
{Heap after GC invocations=183 (full 0):
 garbage-first heap   total 390144K, used 286636K [0x0000000080000000, 0x0000000100000000)
  region size 1024K, 3 young (3072K), 3 survivors (3072K)
 Metaspace       used 163228K, capacity 167413K, committed 167500K, reserved 1196032K
  class space    used 19523K, capacity 21044K, committed 21068K, reserved 1048576K
}
Event: 1970.221 GC heap before
{Heap before GC invocations=183 (full 0):
 garbage-first heap   total 390144K, used 337836K [0x0000000080000000, 0x0000000100000000)
  region size 1024K, 54 young (55296K), 3 survivors (3072K)
 Metaspace       used 163241K, capacity 167419K, committed 167500K, reserved 1196032K
  class space    used 19524K, capacity 21045K, committed 21068K, reserved 1048576K
}
Event: 1970.231 GC heap after
{Heap after GC invocations=184 (full 0):
 garbage-first heap   total 390144K, used 287839K [0x0000000080000000, 0x0000000100000000)
  region size 1024K, 5 young (5120K), 5 survivors (5120K)
 Metaspace       used 163241K, capacity 167419K, committed 167500K, reserved 1196032K
  class space    used 19524K, capacity 21045K, committed 21068K, reserved 1048576K
}
Event: 1972.021 GC heap before
{Heap before GC invocations=184 (full 0):
 garbage-first heap   total 390144K, used 338015K [0x0000000080000000, 0x0000000100000000)
  region size 1024K, 55 young (56320K), 5 survivors (5120K)
 Metaspace       used 163241K, capacity 167419K, committed 167500K, reserved 1196032K
  class space    used 19524K, capacity 21045K, committed 21068K, reserved 1048576K
}
Event: 1972.032 GC heap after
{Heap after GC invocations=185 (full 0):
 garbage-first heap   total 390144K, used 288281K [0x0000000080000000, 0x0000000100000000)
  region size 1024K, 4 young (4096K), 4 survivors (4096K)
 Metaspace       used 163241K, capacity 167419K, committed 167500K, reserved 1196032K
  class space    used 19524K, capacity 21045K, committed 21068K, reserved 1048576K
}
Event: 1973.169 GC heap before
{Heap before GC invocations=185 (full 0):
 garbage-first heap   total 390144K, used 340505K [0x0000000080000000, 0x0000000100000000)
  region size 1024K, 54 young (55296K), 4 survivors (4096K)
 Metaspace       used 163623K, capacity 167830K, committed 168140K, reserved 1196032K
  class space    used 19573K, capacity 21131K, committed 21196K, reserved 1048576K
}
Event: 1973.184 GC heap after
{Heap after GC invocations=186 (full 0):
 garbage-first heap   total 390144K, used 293835K [0x0000000080000000, 0x0000000100000000)
  region size 1024K, 7 young (7168K), 7 survivors (7168K)
 Metaspace       used 163623K, capacity 167830K, committed 168140K, reserved 1196032K
  class space    used 19573K, capacity 21131K, committed 21196K, reserved 1048576K
}
Event: 1975.836 GC heap before
{Heap before GC invocations=186 (full 0):
 garbage-first heap   total 390144K, used 339915K [0x0000000080000000, 0x0000000100000000)
  region size 1024K, 51 young (52224K), 7 survivors (7168K)
 Metaspace       used 164082K, capacity 168383K, committed 168524K, reserved 1196032K
  class space    used 19630K, capacity 21223K, committed 21324K, reserved 1048576K
}
Event: 1975.849 GC heap after
{Heap after GC invocations=187 (full 0):
 garbage-first heap   total 390144K, used 292198K [0x0000000080000000, 0x0000000100000000)
  region size 1024K, 1 young (1024K), 1 survivors (1024K)
 Metaspace       used 164082K, capacity 168383K, committed 168524K, reserved 1196032K
  class space    used 19630K, capacity 21223K, committed 21324K, reserved 1048576K
}
Event: 3459.736 GC heap before
{Heap before GC invocations=187 (full 0):
 garbage-first heap   total 390144K, used 352614K [0x0000000080000000, 0x0000000100000000)
  region size 1024K, 46 young (47104K), 1 survivors (1024K)
 Metaspace       used 164951K, capacity 169254K, committed 169420K, reserved 1198080K
  class space    used 19746K, capacity 21321K, committed 21452K, reserved 1048576K
}
Event: 3459.763 GC heap after
{Heap after GC invocations=188 (full 0):
 garbage-first heap   total 390144K, used 291938K [0x0000000080000000, 0x0000000100000000)
  region size 1024K, 1 young (1024K), 1 survivors (1024K)
 Metaspace       used 164951K, capacity 169254K, committed 169420K, reserved 1198080K
  class space    used 19746K, capacity 21321K, committed 21452K, reserved 1048576K
}
Event: 6394.907 GC heap before
{Heap before GC invocations=188 (full 0):
 garbage-first heap   total 390144K, used 340066K [0x0000000080000000, 0x0000000100000000)
  region size 1024K, 48 young (49152K), 1 survivors (1024K)
 Metaspace       used 164971K, capacity 169318K, committed 169676K, reserved 1198080K
  class space    used 19746K, capacity 21321K, committed 21452K, reserved 1048576K
}
Event: 6394.921 GC heap after
{Heap after GC invocations=189 (full 0):
 garbage-first heap   total 390144K, used 291778K [0x0000000080000000, 0x0000000100000000)
  region size 1024K, 1 young (1024K), 1 survivors (1024K)
 Metaspace       used 164971K, capacity 169318K, committed 169676K, reserved 1198080K
  class space    used 19746K, capacity 21321K, committed 21452K, reserved 1048576K
}
Event: 8831.564 GC heap before
{Heap before GC invocations=189 (full 0):
 garbage-first heap   total 390144K, used 339906K [0x0000000080000000, 0x0000000100000000)
  region size 1024K, 48 young (49152K), 1 survivors (1024K)
 Metaspace       used 164971K, capacity 169318K, committed 169676K, reserved 1198080K
  class space    used 19746K, capacity 21321K, committed 21452K, reserved 1048576K
}
Event: 8831.568 GC heap after
{Heap after GC invocations=190 (full 0):
 garbage-first heap   total 390144K, used 291731K [0x0000000080000000, 0x0000000100000000)
  region size 1024K, 1 young (1024K), 1 survivors (1024K)
 Metaspace       used 164971K, capacity 169318K, committed 169676K, reserved 1198080K
  class space    used 19746K, capacity 21321K, committed 21452K, reserved 1048576K
}
Event: 9123.758 GC heap before
{Heap before GC invocations=190 (full 0):
 garbage-first heap   total 390144K, used 339859K [0x0000000080000000, 0x0000000100000000)
  region size 1024K, 49 young (50176K), 1 survivors (1024K)
 Metaspace       used 165486K, capacity 169843K, committed 169932K, reserved 1198080K
  class space    used 19806K, capacity 21398K, committed 21452K, reserved 1048576K
}
Event: 9123.814 GC heap after
{Heap after GC invocations=191 (full 0):
 garbage-first heap   total 390144K, used 296389K [0x0000000080000000, 0x0000000100000000)
  region size 1024K, 6 young (6144K), 6 survivors (6144K)
 Metaspace       used 165486K, capacity 169843K, committed 169932K, reserved 1198080K
  class space    used 19806K, capacity 21398K, committed 21452K, reserved 1048576K
}
Event: 9127.615 GC heap before
{Heap before GC invocations=191 (full 0):
 garbage-first heap   total 390144K, used 339397K [0x0000000080000000, 0x0000000100000000)
  region size 1024K, 49 young (50176K), 6 survivors (6144K)
 Metaspace       used 165577K, capacity 169986K, committed 170188K, reserved 1198080K
  class space    used 19813K, capacity 21402K, committed 21452K, reserved 1048576K
}
Event: 9127.654 GC heap after
{Heap after GC invocations=192 (full 0):
 garbage-first heap   total 390144K, used 300100K [0x0000000080000000, 0x0000000100000000)
  region size 1024K, 4 young (4096K), 4 survivors (4096K)
 Metaspace       used 165577K, capacity 169986K, committed 170188K, reserved 1198080K
  class space    used 19813K, capacity 21402K, committed 21452K, reserved 1048576K
}

Deoptimization events (20 events):
Event: 9127.813 Thread 0x00000251a98ac800 DEOPT PACKING pc=0x000002519717c1a8 sp=0x000000d3cf2fed90
Event: 9127.813 Thread 0x00000251a98ac800 DEOPT UNPACKING pc=0x000002518f50a1af sp=0x000000d3cf2fed60 mode 2
Event: 9127.827 Thread 0x00000251b3231000 Uncommon trap: trap_request=0xffffffc6 fr.pc=0x00000251979d76f8 relative=0x0000000000000778
Event: 9127.828 Thread 0x00000251b3231000 Uncommon trap: reason=bimorphic_or_optimized_type_check action=maybe_recompile pc=0x00000251979d76f8 method=java.util.stream.MatchOps$MatchOp.evaluateSequential(Ljava/util/stream/PipelineHelper;Ljava/util/Spliterator;)Ljava/lang/Boolean; @ 14 c2
Event: 9127.828 Thread 0x00000251b3231000 DEOPT PACKING pc=0x00000251979d76f8 sp=0x000000d3cabfc090
Event: 9127.828 Thread 0x00000251b3231000 DEOPT UNPACKING pc=0x000002518f50a1af sp=0x000000d3cabfbfc8 mode 2
Event: 9127.890 Thread 0x00000251b322c000 Uncommon trap: trap_request=0xffffff4d fr.pc=0x00000251972b0490 relative=0x00000000000001d0
Event: 9127.893 Thread 0x00000251b322c000 Uncommon trap: reason=unstable_if action=reinterpret pc=0x00000251972b0490 method=com.esotericsoftware.kryo.io.Input.require(I)I @ 180 c2
Event: 9127.893 Thread 0x00000251b322c000 DEOPT PACKING pc=0x00000251972b0490 sp=0x000000d3ca9feb50
Event: 9127.893 Thread 0x00000251b322c000 DEOPT UNPACKING pc=0x000002518f50a1af sp=0x000000d3ca9feb08 mode 2
Event: 9192.587 Thread 0x00000251a98ac800 Uncommon trap: trap_request=0xffffffc6 fr.pc=0x00000251979d76f8 relative=0x0000000000000778
Event: 9192.587 Thread 0x00000251a98ac800 Uncommon trap: reason=bimorphic_or_optimized_type_check action=maybe_recompile pc=0x00000251979d76f8 method=java.util.stream.MatchOps$MatchOp.evaluateSequential(Ljava/util/stream/PipelineHelper;Ljava/util/Spliterator;)Ljava/lang/Boolean; @ 14 c2
Event: 9192.587 Thread 0x00000251a98ac800 DEOPT PACKING pc=0x00000251979d76f8 sp=0x000000d3cabfbb60
Event: 9192.587 Thread 0x00000251a98ac800 DEOPT UNPACKING pc=0x000002518f50a1af sp=0x000000d3cabfba98 mode 2
Event: 9195.128 Thread 0x00000251a98ac800 Uncommon trap: trap_request=0xffffffde fr.pc=0x000002519735af48 relative=0x0000000000000608
Event: 9195.128 Thread 0x00000251a98ac800 Uncommon trap: reason=class_check action=maybe_recompile pc=0x000002519735af48 method=org.gradle.cache.internal.LockOnDemandCrossProcessCacheAccess.incrementLockCount()V @ 97 c2
Event: 9195.128 Thread 0x00000251a98ac800 DEOPT PACKING pc=0x000002519735af48 sp=0x000000d3cabf7b90
Event: 9195.129 Thread 0x00000251a98ac800 DEOPT UNPACKING pc=0x000002518f50a1af sp=0x000000d3cabf7b40 mode 2
Event: 9198.177 Thread 0x00000251a98aa000 DEOPT PACKING pc=0x000002519170f444 sp=0x000000d3cacff100
Event: 9198.177 Thread 0x00000251a98aa000 DEOPT UNPACKING pc=0x000002518f50a95e sp=0x000000d3cacfe610 mode 0

Classes redefined (0 events):
No events

Internal exceptions (20 events):
Event: 1976.877 Thread 0x00000251b3232000 Exception <a 'sun/nio/fs/WindowsException'{0x0000000097442428}> (0x0000000097442428) thrown at [./src/hotspot/share/prims/jni.cpp, line 615]
Event: 1976.884 Thread 0x00000251ab6c0000 Exception <a 'sun/nio/fs/WindowsException'{0x0000000097450400}> (0x0000000097450400) thrown at [./src/hotspot/share/prims/jni.cpp, line 615]
Event: 1976.884 Thread 0x00000251ab6c0000 Exception <a 'sun/nio/fs/WindowsException'{0x0000000097450568}> (0x0000000097450568) thrown at [./src/hotspot/share/prims/jni.cpp, line 615]
Event: 1976.884 Thread 0x00000251ab6c0000 Exception <a 'sun/nio/fs/WindowsException'{0x00000000974523b8}> (0x00000000974523b8) thrown at [./src/hotspot/share/prims/jni.cpp, line 615]
Event: 9122.447 Thread 0x00000251b3231000 Exception <a 'sun/nio/fs/WindowsException'{0x0000000095e5c2c0}> (0x0000000095e5c2c0) thrown at [./src/hotspot/share/prims/jni.cpp, line 615]
Event: 9122.695 Thread 0x00000251b3231000 Exception <a 'java/lang/NoClassDefFoundError'{0x0000000095bb9ea8}: org/jetbrains/kotlin/gradle/plugin/KotlinBasePluginWrapper> (0x0000000095bb9ea8) thrown at [./src/hotspot/share/oops/constantPool.cpp, line 775]
Event: 9122.785 Thread 0x00000251b3231000 Exception <a 'sun/nio/fs/WindowsException'{0x0000000095af4010}> (0x0000000095af4010) thrown at [./src/hotspot/share/prims/jni.cpp, line 615]
Event: 9122.878 Thread 0x00000251b3231000 Exception <a 'sun/nio/fs/WindowsException'{0x000000009599b7f0}> (0x000000009599b7f0) thrown at [./src/hotspot/share/prims/jni.cpp, line 615]
Event: 9122.879 Thread 0x00000251b3231000 Exception <a 'sun/nio/fs/WindowsException'{0x000000009599cb50}> (0x000000009599cb50) thrown at [./src/hotspot/share/prims/jni.cpp, line 615]
Event: 9122.879 Thread 0x00000251b3231000 Exception <a 'sun/nio/fs/WindowsException'{0x000000009599df00}> (0x000000009599df00) thrown at [./src/hotspot/share/prims/jni.cpp, line 615]
Event: 9122.879 Thread 0x00000251b3231000 Exception <a 'sun/nio/fs/WindowsException'{0x000000009599f2b0}> (0x000000009599f2b0) thrown at [./src/hotspot/share/prims/jni.cpp, line 615]
Event: 9123.153 Thread 0x00000251b3231000 Exception <a 'sun/nio/fs/WindowsException'{0x0000000095408000}> (0x0000000095408000) thrown at [./src/hotspot/share/prims/jni.cpp, line 615]
Event: 9123.261 Thread 0x00000251b3231000 Exception <a 'java/lang/NoSuchMethodError'{0x000000009520f0b0}: 'int java.lang.invoke.DirectMethodHandle$Holder.invokeStaticInit(java.lang.Object, java.lang.Object, java.lang.Object, java.lang.Object, java.lang.Object)'> (0x000000009520f0b0) thrown at [./src/hotspot/share/interpreter/linkResolver.cpp, line 773]
Event: 9127.515 Thread 0x00000251aeee3000 Exception <a 'sun/nio/fs/WindowsException'{0x0000000095eea9a8}> (0x0000000095eea9a8) thrown at [./src/hotspot/share/prims/jni.cpp, line 615]
Event: 9127.515 Thread 0x00000251aeee3000 Exception <a 'sun/nio/fs/WindowsException'{0x0000000095eeaa48}> (0x0000000095eeaa48) thrown at [./src/hotspot/share/prims/jni.cpp, line 615]
Event: 9127.515 Thread 0x00000251aeee3000 Exception <a 'sun/nio/fs/WindowsException'{0x0000000095eeab30}> (0x0000000095eeab30) thrown at [./src/hotspot/share/prims/jni.cpp, line 615]
Event: 9127.800 Thread 0x00000251a98ab000 Exception <a 'sun/nio/fs/WindowsException'{0x00000000979b4970}> (0x00000000979b4970) thrown at [./src/hotspot/share/prims/jni.cpp, line 615]
Event: 9127.802 Thread 0x00000251b3231000 Exception <a 'sun/nio/fs/WindowsException'{0x0000000097985fa8}> (0x0000000097985fa8) thrown at [./src/hotspot/share/prims/jni.cpp, line 615]
Event: 9127.803 Thread 0x00000251b3231000 Exception <a 'sun/nio/fs/WindowsException'{0x0000000097986028}> (0x0000000097986028) thrown at [./src/hotspot/share/prims/jni.cpp, line 615]
Event: 9127.803 Thread 0x00000251b3231000 Exception <a 'sun/nio/fs/WindowsException'{0x0000000097987988}> (0x0000000097987988) thrown at [./src/hotspot/share/prims/jni.cpp, line 615]

Events (20 events):
Event: 9198.502 Thread 0x00000251a98b0800 Thread added: 0x00000251a98b0800
Event: 9198.502 Thread 0x00000251b322d000 Thread added: 0x00000251b322d000
Event: 9198.502 Thread 0x00000251b322b800 Thread added: 0x00000251b322b800
Event: 9198.502 Thread 0x00000251b322c000 Thread added: 0x00000251b322c000
Event: 9198.502 Thread 0x00000251b322e000 Thread added: 0x00000251b322e000
Event: 9198.502 Thread 0x00000251b3228000 Thread added: 0x00000251b3228000
Event: 9198.503 Thread 0x00000251b322f800 Thread added: 0x00000251b322f800
Event: 9198.503 Thread 0x00000251b3231000 Thread added: 0x00000251b3231000
Event: 9198.504 Thread 0x00000251b3230800 Thread added: 0x00000251b3230800
Event: 9198.505 Thread 0x00000251b3232000 Thread added: 0x00000251b3232000
Event: 9198.509 Thread 0x00000251b3233000 Thread added: 0x00000251b3233000
Event: 9198.513 Thread 0x00000251b3233800 Thread added: 0x00000251b3233800
Event: 9198.514 Thread 0x00000251b3234800 Thread added: 0x00000251b3234800
Event: 9198.520 Thread 0x00000251b322e800 Thread added: 0x00000251b322e800
Event: 9198.536 Thread 0x00000251b3237000 Thread added: 0x00000251b3237000
Event: 9198.536 Thread 0x00000251b3235000 Thread added: 0x00000251b3235000
Event: 9198.538 Thread 0x00000251b3236000 Thread added: 0x00000251b3236000
Event: 9198.538 Thread 0x00000251ab35c000 Thread added: 0x00000251ab35c000
Event: 9198.538 Thread 0x00000251ab357000 Thread added: 0x00000251ab357000
Event: 9198.538 Thread 0x00000251ab35a800 Thread added: 0x00000251ab35a800


Dynamic libraries:
0x00007ff6c12b0000 - 0x00007ff6c12ba000 	C:\Program Files\Android\Android Studio\jre\bin\java.exe
0x00007fff0a980000 - 0x00007fff0ab89000 	C:\WINDOWS\SYSTEM32\ntdll.dll
0x00007fff08810000 - 0x00007fff088cd000 	C:\WINDOWS\System32\KERNEL32.DLL
0x00007fff08250000 - 0x00007fff085c9000 	C:\WINDOWS\System32\KERNELBASE.dll
0x00007fff01da0000 - 0x00007fff01e31000 	C:\WINDOWS\SYSTEM32\apphelp.dll
0x00007fff08130000 - 0x00007fff08241000 	C:\WINDOWS\System32\ucrtbase.dll
0x00007ffef3d70000 - 0x00007ffef3d87000 	C:\Program Files\Android\Android Studio\jre\bin\VCRUNTIME140.dll
0x00007ffeef900000 - 0x00007ffeef919000 	C:\Program Files\Android\Android Studio\jre\bin\jli.dll
0x00007fff09600000 - 0x00007fff097ac000 	C:\WINDOWS\System32\USER32.dll
0x00007fff087e0000 - 0x00007fff08806000 	C:\WINDOWS\System32\win32u.dll
0x00007ffef9c80000 - 0x00007ffef9f25000 	C:\WINDOWS\WinSxS\amd64_microsoft.windows.common-controls_6595b64144ccf1df_6.0.22000.120_none_9d947278b86cc467\COMCTL32.dll
0x00007fff097b0000 - 0x00007fff097d9000 	C:\WINDOWS\System32\GDI32.dll
0x00007fff088d0000 - 0x00007fff08973000 	C:\WINDOWS\System32\msvcrt.dll
0x00007fff07f20000 - 0x00007fff08032000 	C:\WINDOWS\System32\gdi32full.dll
0x00007fff08740000 - 0x00007fff087dd000 	C:\WINDOWS\System32\msvcp_win.dll
0x00007fff095c0000 - 0x00007fff095f1000 	C:\WINDOWS\System32\IMM32.DLL
0x00007ffedc5f0000 - 0x00007ffedc68d000 	C:\Program Files\Android\Android Studio\jre\bin\msvcp140.dll
0x00007ffeba270000 - 0x00007ffebad55000 	C:\Program Files\Android\Android Studio\jre\bin\server\jvm.dll
0x00007fff0a730000 - 0x00007fff0a7de000 	C:\WINDOWS\System32\ADVAPI32.dll
0x00007fff08d10000 - 0x00007fff08dae000 	C:\WINDOWS\System32\sechost.dll
0x00007fff08b40000 - 0x00007fff08c60000 	C:\WINDOWS\System32\RPCRT4.dll
0x00007fff098d0000 - 0x00007fff098d8000 	C:\WINDOWS\System32\PSAPI.DLL
0x00007ffeff630000 - 0x00007ffeff663000 	C:\WINDOWS\SYSTEM32\WINMM.dll
0x00007fff00bf0000 - 0x00007fff00bf9000 	C:\WINDOWS\SYSTEM32\WSOCK32.dll
0x00007ffefe390000 - 0x00007ffefe39a000 	C:\WINDOWS\SYSTEM32\VERSION.dll
0x00007fff0a0a0000 - 0x00007fff0a10f000 	C:\WINDOWS\System32\WS2_32.dll
0x00007fff06fd0000 - 0x00007fff06fe8000 	C:\WINDOWS\SYSTEM32\kernel.appcore.dll
0x00007fff00b00000 - 0x00007fff00b11000 	C:\Program Files\Android\Android Studio\jre\bin\verify.dll
0x00007fff05580000 - 0x00007fff057a1000 	C:\WINDOWS\SYSTEM32\DBGHELP.DLL
0x00007ffeefa70000 - 0x00007ffeefaa1000 	C:\WINDOWS\SYSTEM32\dbgcore.DLL
0x00007fff08040000 - 0x00007fff080bf000 	C:\WINDOWS\System32\bcryptPrimitives.dll
0x00007ffeff740000 - 0x00007ffeff769000 	C:\Program Files\Android\Android Studio\jre\bin\java.dll
0x00007ffeffdd0000 - 0x00007ffeffddb000 	C:\Program Files\Android\Android Studio\jre\bin\jimage.dll
0x00007ffeff5b0000 - 0x00007ffeff5c8000 	C:\Program Files\Android\Android Studio\jre\bin\zip.dll
0x00007fff098e0000 - 0x00007fff0a098000 	C:\WINDOWS\System32\SHELL32.dll
0x00007fff05fd0000 - 0x00007fff06837000 	C:\WINDOWS\SYSTEM32\windows.storage.dll
0x00007fff0a110000 - 0x00007fff0a489000 	C:\WINDOWS\System32\combase.dll
0x00007fff05e60000 - 0x00007fff05fc6000 	C:\WINDOWS\SYSTEM32\wintypes.dll
0x00007fff0a7e0000 - 0x00007fff0a8ca000 	C:\WINDOWS\System32\SHCORE.dll
0x00007fff08db0000 - 0x00007fff08e0d000 	C:\WINDOWS\System32\shlwapi.dll
0x00007fff07d90000 - 0x00007fff07db1000 	C:\WINDOWS\SYSTEM32\profapi.dll
0x00007ffef3e80000 - 0x00007ffef3e9a000 	C:\Program Files\Android\Android Studio\jre\bin\net.dll
0x00007ffefe4d0000 - 0x00007ffefe5dc000 	C:\WINDOWS\SYSTEM32\WINHTTP.dll
0x00007fff07400000 - 0x00007fff07467000 	C:\WINDOWS\system32\mswsock.dll
0x00007ffef3e40000 - 0x00007ffef3e54000 	C:\Program Files\Android\Android Studio\jre\bin\nio.dll
0x00007ffef3c90000 - 0x00007ffef3cb7000 	C:\Users\waeen\.gradle\native\e1d6ef7f7dcc3fd88c89a11ec53ec762bb8ba0a96d01ffa2cd45eb1d1d8dd5c5\windows-amd64\native-platform.dll
0x00007ffecb4e0000 - 0x00007ffecb624000 	C:\Users\waeen\.gradle\native\5664cfc778a61ccfe75a443a1ab52a65af34e5dc3c78e0209fed803814484fcb\windows-amd64\native-platform-file-events.dll
0x00007ffeffca0000 - 0x00007ffeffcaa000 	C:\Program Files\Android\Android Studio\jre\bin\management.dll
0x00007ffeff550000 - 0x00007ffeff55d000 	C:\Program Files\Android\Android Studio\jre\bin\management_ext.dll
0x00007fff07640000 - 0x00007fff07658000 	C:\WINDOWS\SYSTEM32\CRYPTSP.dll
0x00007fff06f30000 - 0x00007fff06f65000 	C:\WINDOWS\system32\rsaenh.dll
0x00007fff074f0000 - 0x00007fff07519000 	C:\WINDOWS\SYSTEM32\USERENV.dll
0x00007fff077c0000 - 0x00007fff077e7000 	C:\WINDOWS\SYSTEM32\bcrypt.dll
0x00007fff07660000 - 0x00007fff0766c000 	C:\WINDOWS\SYSTEM32\CRYPTBASE.dll
0x00007fff06b00000 - 0x00007fff06b2d000 	C:\WINDOWS\SYSTEM32\IPHLPAPI.DLL
0x00007fff09140000 - 0x00007fff09149000 	C:\WINDOWS\System32\NSI.dll
0x00007ffefe410000 - 0x00007ffefe429000 	C:\WINDOWS\SYSTEM32\dhcpcsvc6.DLL
0x00007ffefef80000 - 0x00007ffefef9e000 	C:\WINDOWS\SYSTEM32\dhcpcsvc.DLL
0x00007fff06b70000 - 0x00007fff06c58000 	C:\WINDOWS\SYSTEM32\DNSAPI.dll
0x00007ffef2980000 - 0x00007ffef29a7000 	C:\Program Files\Android\Android Studio\jre\bin\sunec.dll
0x00007ffef4410000 - 0x00007ffef441a000 	C:\Windows\System32\rasadhlp.dll
0x00007ffefb380000 - 0x00007ffefb401000 	C:\WINDOWS\System32\fwpuclnt.dll
0x00007fff053b0000 - 0x00007fff053e4000 	C:\WINDOWS\SYSTEM32\ntmarta.dll

dbghelp: loaded successfully - version: 4.0.5 - missing functions: none
symbol engine: initialized successfully - sym options: 0x614 - pdb path: .;C:\Program Files\Android\Android Studio\jre\bin;C:\WINDOWS\SYSTEM32;C:\WINDOWS\WinSxS\amd64_microsoft.windows.common-controls_6595b64144ccf1df_6.0.22000.120_none_9d947278b86cc467;C:\Program Files\Android\Android Studio\jre\bin\server;C:\Users\waeen\.gradle\native\e1d6ef7f7dcc3fd88c89a11ec53ec762bb8ba0a96d01ffa2cd45eb1d1d8dd5c5\windows-amd64;C:\Users\waeen\.gradle\native\5664cfc778a61ccfe75a443a1ab52a65af34e5dc3c78e0209fed803814484fcb\windows-amd64

VM Arguments:
jvm_args: --add-opens=java.base/java.util=ALL-UNNAMED --add-opens=java.base/java.lang=ALL-UNNAMED --add-opens=java.base/java.lang.invoke=ALL-UNNAMED --add-opens=java.base/java.util=ALL-UNNAMED --add-opens=java.prefs/java.util.prefs=ALL-UNNAMED --add-opens=java.prefs/java.util.prefs=ALL-UNNAMED --add-opens=java.base/java.nio.charset=ALL-UNNAMED --add-opens=java.base/java.net=ALL-UNNAMED --add-opens=java.base/java.util.concurrent.atomic=ALL-UNNAMED -Xmx2048m -Dfile.encoding=UTF-8 -Duser.country=US -Duser.language=en -Duser.variant 
java_command: org.gradle.launcher.daemon.bootstrap.GradleDaemon 7.3.3
java_class_path (initial): C:\Users\waeen\.gradle\wrapper\dists\gradle-7.3.3-bin\6a41zxkdtcxs8rphpq6y0069z\gradle-7.3.3\lib\gradle-launcher-7.3.3.jar
Launcher Type: SUN_STANDARD

[Global flags]
     intx CICompilerCount                          = 3                                         {product} {ergonomic}
     uint ConcGCThreads                            = 1                                         {product} {ergonomic}
     uint G1ConcRefinementThreads                  = 4                                         {product} {ergonomic}
   size_t G1HeapRegionSize                         = 1048576                                   {product} {ergonomic}
    uintx GCDrainStackTargetSize                   = 64                                        {product} {ergonomic}
   size_t InitialHeapSize                          = 132120576                                 {product} {ergonomic}
   size_t MarkStackSize                            = 4194304                                   {product} {ergonomic}
   size_t MaxHeapSize                              = 2147483648                                {product} {command line}
   size_t MaxNewSize                               = 1287651328                                {product} {ergonomic}
   size_t MinHeapDeltaBytes                        = 1048576                                   {product} {ergonomic}
    uintx NonNMethodCodeHeapSize                   = 5830732                                {pd product} {ergonomic}
    uintx NonProfiledCodeHeapSize                  = 122913754                              {pd product} {ergonomic}
    uintx ProfiledCodeHeapSize                     = 122913754                              {pd product} {ergonomic}
    uintx ReservedCodeCacheSize                    = 251658240                              {pd product} {ergonomic}
     bool SegmentedCodeCache                       = true                                      {product} {ergonomic}
     bool UseCompressedClassPointers               = true                                 {lp64_product} {ergonomic}
     bool UseCompressedOops                        = true                                 {lp64_product} {ergonomic}
     bool UseG1GC                                  = true                                      {product} {ergonomic}
     bool UseLargePagesIndividualAllocation        = false                                  {pd product} {ergonomic}

Logging:
Log output configuration:
 #0: stdout all=warning uptime,level,tags
 #1: stderr all=off uptime,level,tags

Environment Variables:
PATH=C:\WINDOWS\system32;C:\WINDOWS;C:\WINDOWS\System32\Wbem;C:\WINDOWS\System32\WindowsPowerShell\v1.0\;C:\WINDOWS\System32\OpenSSH\;C:\Program Files\Git\cmd;C:\Users\waeen\AppData\Local\Programs\Python\Python310\Scripts\;C:\Users\waeen\AppData\Local\Programs\Python\Python310\;C:\Users\waeen\AppData\Local\Microsoft\WindowsApps;C:\Users\waeen\AppData\Local\Programs\Microsoft VS Code\bin;C:\Program Files\Git\bin;
USERNAME=waeen
OS=Windows_NT
PROCESSOR_IDENTIFIER=Intel64 Family 6 Model 142 Stepping 12, GenuineIntel



---------------  S Y S T E M  ---------------

OS: Windows 10 , 64 bit Build 22000 (10.0.22000.708)
OS uptime: 3 days 20:40 hours

CPU:total 4 (initial active 4) (2 cores per cpu, 2 threads per core) family 6 model 142 stepping 12 microcode 0xde, cmov, cx8, fxsr, mmx, sse, sse2, sse3, ssse3, sse4.1, sse4.2, popcnt, avx, avx2, aes, clmul, erms, 3dnowpref, lzcnt, ht, tsc, tscinvbit, bmi1, bmi2, adx, fma

Memory: 4k page, system-wide physical 7943M (349M free)
TotalPageFile size 9831M (AvailPageFile size 15M)
current process WorkingSet (physical memory assigned to process): 340M, peak: 794M
current process commit charge ("private bytes"): 844M, peak: 912M

vm_info: OpenJDK 64-Bit Server VM (11.0.12+7-b1504.28-7817840) for windows-amd64 JRE (11.0.12+7-b1504.28-7817840), built on Oct 13 2021 22:12:33 by "builder" with MS VC++ 14.0 (VS2015)

END.
