#
# There is insufficient memory for the Java Runtime Environment to continue.
# Native memory allocation (malloc) failed to allocate 1037056 bytes for Chunk::new
# Possible reasons:
#   The system is out of physical RAM or swap space
#   The process is running with CompressedOops enabled, and the Java Heap may be blocking the growth of the native heap
# Possible solutions:
#   Reduce memory load on the system
#   Increase physical memory or swap space
#   Check if swap backing store is full
#   Decrease Java heap size (-Xmx/-Xms)
#   Decrease number of Java threads
#   Decrease Java thread stack sizes (-Xss)
#   Set larger code cache with -XX:ReservedCodeCacheSize=
#   JVM is running with Unscaled Compressed Oops mode in which the Java heap is
#     placed in the first 4GB address space. The Java Heap base address is the
#     maximum limit for the native heap growth. Please use -XX:HeapBaseMinAddress
#     to set the Java Heap base and to place the Java Heap above 4GB virtual address.
# This output file may be truncated or incomplete.
#
#  Out of Memory Error (./src/hotspot/share/memory/arena.cpp:197), pid=8156, tid=4304
#
# JRE version: OpenJDK Runtime Environment (11.0.12+7) (build 11.0.12+7-b1504.28-7817840)
# Java VM: OpenJDK 64-Bit Server VM (11.0.12+7-b1504.28-7817840, mixed mode, tiered, compressed oops, g1 gc, windows-amd64)
# No core dump will be written. Minidumps are not enabled by default on client versions of Windows
#

---------------  S U M M A R Y ------------

Command Line: --add-opens=java.base/java.util=ALL-UNNAMED --add-opens=java.base/java.lang=ALL-UNNAMED --add-opens=java.base/java.lang.invoke=ALL-UNNAMED --add-opens=java.base/java.util=ALL-UNNAMED --add-opens=java.prefs/java.util.prefs=ALL-UNNAMED --add-opens=java.prefs/java.util.prefs=ALL-UNNAMED --add-opens=java.base/java.nio.charset=ALL-UNNAMED --add-opens=java.base/java.net=ALL-UNNAMED --add-opens=java.base/java.util.concurrent.atomic=ALL-UNNAMED -Xmx2048m -Dfile.encoding=UTF-8 -Duser.country=US -Duser.language=en -Duser.variant org.gradle.launcher.daemon.bootstrap.GradleDaemon 7.3.3

Host: Intel(R) Core(TM) i3-10110U CPU @ 2.10GHz, 4 cores, 7G,  Windows 10 , 64 bit Build 22000 (10.0.22000.708)
Time: Mon Aug 15 01:30:29 2022 Pakistan Standard Time elapsed time: 16.876976 seconds (0d 0h 0m 16s)

---------------  T H R E A D  ---------------

Current thread (0x000001e57eec7800):  JavaThread "C2 CompilerThread0" daemon [_thread_in_native, id=4304, stack(0x0000000af5f00000,0x0000000af6000000)]


Current CompileTask:
C2:  16877 6903 %     4       org.gradle.internal.instantiation.generator.AbstractClassGenerator::inspectType @ 107 (560 bytes)

Stack: [0x0000000af5f00000,0x0000000af6000000]
Native frames: (J=compiled Java code, j=interpreted, Vv=VM code, C=native code)
V  [jvm.dll+0x5fbcea]
V  [jvm.dll+0x731905]
V  [jvm.dll+0x732f1d]
V  [jvm.dll+0x7335d3]
V  [jvm.dll+0x247bf8]
V  [jvm.dll+0xc018c]
V  [jvm.dll+0xc06cc]
V  [jvm.dll+0x2bcc04]
V  [jvm.dll+0x5113a8]
V  [jvm.dll+0x201b42]
V  [jvm.dll+0x1ff71f]
V  [jvm.dll+0x18868c]
V  [jvm.dll+0x20e0d7]
V  [jvm.dll+0x20c901]
V  [jvm.dll+0x6f9b7f]
V  [jvm.dll+0x6f26a5]
V  [jvm.dll+0x5fabf6]
C  [ucrtbase.dll+0x26c0c]
C  [KERNEL32.DLL+0x154e0]
C  [ntdll.dll+0x485b]


---------------  P R O C E S S  ---------------

Threads class SMR info:
_java_thread_list=0x000001e50af0d9f0, length=79, elements={
0x000001e56933c000, 0x000001e57eea0800, 0x000001e57eea4800, 0x000001e57f832800,
0x000001e57f833000, 0x000001e57eec4000, 0x000001e57eec7800, 0x000001e57eecd000,
0x000001e57eed7800, 0x000001e57f968800, 0x000001e506eb4800, 0x000001e50655d800,
0x000001e506a3e000, 0x000001e507456000, 0x000001e5069f2800, 0x000001e5072a5000,
0x000001e5070f4000, 0x000001e506f3c800, 0x000001e50778e800, 0x000001e5076d9800,
0x000001e5076dc000, 0x000001e5076da800, 0x000001e5076db000, 0x000001e507798000,
0x000001e508470800, 0x000001e507797800, 0x000001e50779d000, 0x000001e50779c000,
0x000001e50779a000, 0x000001e507799000, 0x000001e50779e000, 0x000001e5077a0800,
0x000001e50779a800, 0x000001e5077a3800, 0x000001e5077a4800, 0x000001e5077a5000,
0x000001e5077a2000, 0x000001e5077a3000, 0x000001e5077a6000, 0x000001e508a3a800,
0x000001e508a3d000, 0x000001e508a39800, 0x000001e508a3b000, 0x000001e508a3c000,
0x000001e508a37000, 0x000001e508a3d800, 0x000001e508a38000, 0x000001e508a3e800,
0x000001e508a38800, 0x000001e508a42800, 0x000001e508a44000, 0x000001e508a43800,
0x000001e508a45000, 0x000001e508a3f800, 0x000001e508a41800, 0x000001e508a46000,
0x000001e508a40000, 0x000001e508a41000, 0x000001e508fef000, 0x000001e508feb800,
0x000001e508fee000, 0x000001e508fe9800, 0x000001e508ff0000, 0x000001e508fea000,
0x000001e508ff0800, 0x000001e508feb000, 0x000001e508ff1800, 0x000001e508ff2800,
0x000001e508fec800, 0x000001e508ff3000, 0x000001e508fed800, 0x000001e508ff4000,
0x000001e508ff5800, 0x000001e508ff6800, 0x000001e508ff7000, 0x000001e508ff4800,
0x000001e508ff8000, 0x000001e50625a000, 0x000001e506259000
}

Java Threads: ( => current thread )
  0x000001e56933c000 JavaThread "main" [_thread_blocked, id=11276, stack(0x0000000af5300000,0x0000000af5400000)]
  0x000001e57eea0800 JavaThread "Reference Handler" daemon [_thread_blocked, id=7368, stack(0x0000000af5a00000,0x0000000af5b00000)]
  0x000001e57eea4800 JavaThread "Finalizer" daemon [_thread_blocked, id=14408, stack(0x0000000af5b00000,0x0000000af5c00000)]
  0x000001e57f832800 JavaThread "Signal Dispatcher" daemon [_thread_blocked, id=15080, stack(0x0000000af5c00000,0x0000000af5d00000)]
  0x000001e57f833000 JavaThread "Attach Listener" daemon [_thread_blocked, id=1804, stack(0x0000000af5d00000,0x0000000af5e00000)]
  0x000001e57eec4000 JavaThread "Service Thread" daemon [_thread_blocked, id=13940, stack(0x0000000af5e00000,0x0000000af5f00000)]
=>0x000001e57eec7800 JavaThread "C2 CompilerThread0" daemon [_thread_in_native, id=4304, stack(0x0000000af5f00000,0x0000000af6000000)]
  0x000001e57eecd000 JavaThread "C1 CompilerThread0" daemon [_thread_blocked, id=7440, stack(0x0000000af6000000,0x0000000af6100000)]
  0x000001e57eed7800 JavaThread "Sweeper thread" daemon [_thread_blocked, id=5096, stack(0x0000000af6100000,0x0000000af6200000)]
  0x000001e57f968800 JavaThread "Common-Cleaner" daemon [_thread_blocked, id=972, stack(0x0000000af6200000,0x0000000af6300000)]
  0x000001e506eb4800 JavaThread "Daemon health stats" [_thread_blocked, id=15024, stack(0x0000000af6700000,0x0000000af6800000)]
  0x000001e50655d800 JavaThread "Incoming local TCP Connector on port 53868" [_thread_in_native, id=13172, stack(0x0000000af6400000,0x0000000af6500000)]
  0x000001e506a3e000 JavaThread "Daemon periodic checks" [_thread_blocked, id=13824, stack(0x0000000af6800000,0x0000000af6900000)]
  0x000001e507456000 JavaThread "Daemon" [_thread_blocked, id=14784, stack(0x0000000af6900000,0x0000000af6a00000)]
  0x000001e5069f2800 JavaThread "Handler for socket connection from /127.0.0.1:53868 to /127.0.0.1:53869" [_thread_in_native, id=13800, stack(0x0000000af6a00000,0x0000000af6b00000)]
  0x000001e5072a5000 JavaThread "Cancel handler" [_thread_blocked, id=976, stack(0x0000000af6b00000,0x0000000af6c00000)]
  0x000001e5070f4000 JavaThread "Daemon worker" [_thread_blocked, id=7536, stack(0x0000000af6c00000,0x0000000af6d00000)]
  0x000001e506f3c800 JavaThread "Asynchronous log dispatcher for DefaultDaemonConnection: socket connection from /127.0.0.1:53868 to /127.0.0.1:53869" [_thread_blocked, id=14572, stack(0x0000000af6d00000,0x0000000af6e00000)]
  0x000001e50778e800 JavaThread "Stdin handler" [_thread_blocked, id=1100, stack(0x0000000af6e00000,0x0000000af6f00000)]
  0x000001e5076d9800 JavaThread "Daemon client event forwarder" [_thread_blocked, id=8712, stack(0x0000000af6f00000,0x0000000af7000000)]
  0x000001e5076dc000 JavaThread "Cache worker for journal cache (C:\Users\waeen\.gradle\caches\journal-1)" [_thread_blocked, id=5936, stack(0x0000000af7100000,0x0000000af7200000)]
  0x000001e5076da800 JavaThread "File lock request listener" [_thread_in_native, id=5372, stack(0x0000000af7200000,0x0000000af7300000)]
  0x000001e5076db000 JavaThread "Cache worker for file hash cache (C:\Users\waeen\.gradle\caches\7.3.3\fileHashes)" [_thread_blocked, id=7528, stack(0x0000000af7300000,0x0000000af7400000)]
  0x000001e507798000 JavaThread "Cache worker for file hash cache (C:\Users\waeen\AndroidStudioProjects\ULRS\.gradle\7.3.3\fileHashes)" [_thread_blocked, id=10360, stack(0x0000000af7400000,0x0000000af7500000)]
  0x000001e508470800 JavaThread "C2 CompilerThread1" daemon [_thread_blocked, id=1084, stack(0x0000000af7500000,0x0000000af7600000)]
  0x000001e507797800 JavaThread "File watcher server" daemon [_thread_in_native, id=11388, stack(0x0000000af7600000,0x0000000af7700000)]
  0x000001e50779d000 JavaThread "File watcher consumer" daemon [_thread_blocked, id=13016, stack(0x0000000af7700000,0x0000000af7800000)]
  0x000001e50779c000 JavaThread "Cache worker for checksums cache (C:\Users\waeen\AndroidStudioProjects\ULRS\.gradle\7.3.3\checksums)" [_thread_blocked, id=11496, stack(0x0000000af7800000,0x0000000af7900000)]
  0x000001e50779a000 JavaThread "Cache worker for cache directory md-supplier (C:\Users\waeen\.gradle\caches\7.3.3\md-supplier)" [_thread_blocked, id=14632, stack(0x0000000af7900000,0x0000000af7a00000)]
  0x000001e507799000 JavaThread "Cache worker for cache directory md-rule (C:\Users\waeen\.gradle\caches\7.3.3\md-rule)" [_thread_blocked, id=10544, stack(0x0000000af7a00000,0x0000000af7b00000)]
  0x000001e50779e000 JavaThread "Cache worker for execution history cache (C:\Users\waeen\.gradle\caches\7.3.3\executionHistory)" [_thread_blocked, id=13836, stack(0x0000000af7b00000,0x0000000af7c00000)]
  0x000001e5077a0800 JavaThread "jar transforms" [_thread_blocked, id=10792, stack(0x0000000af7c00000,0x0000000af7d00000)]
  0x000001e50779a800 JavaThread "Cache worker for file content cache (C:\Users\waeen\.gradle\caches\7.3.3\fileContent)" [_thread_blocked, id=616, stack(0x0000000af7d00000,0x0000000af7e00000)]
  0x000001e5077a3800 JavaThread "jar transforms Thread 2" [_thread_blocked, id=1436, stack(0x0000000af7e00000,0x0000000af7f00000)]
  0x000001e5077a4800 JavaThread "Cache worker for dependencies-accessors (C:\Users\waeen\AndroidStudioProjects\ULRS\.gradle\7.3.3\dependencies-accessors)" [_thread_blocked, id=9212, stack(0x0000000af7f00000,0x0000000af8000000)]
  0x000001e5077a5000 JavaThread "jar transforms Thread 3" [_thread_blocked, id=13748, stack(0x0000000af8000000,0x0000000af8100000)]
  0x000001e5077a2000 JavaThread "Cache worker for Build Output Cleanup Cache (C:\Users\waeen\AndroidStudioProjects\ULRS\.gradle\buildOutputCleanup)" [_thread_blocked, id=13208, stack(0x0000000af8100000,0x0000000af8200000)]
  0x000001e5077a3000 JavaThread "Unconstrained build operations" [_thread_blocked, id=4032, stack(0x0000000af8200000,0x0000000af8300000)]
  0x000001e5077a6000 JavaThread "Unconstrained build operations Thread 2" [_thread_blocked, id=3260, stack(0x0000000af8300000,0x0000000af8400000)]
  0x000001e508a3a800 JavaThread "Unconstrained build operations Thread 3" [_thread_blocked, id=11984, stack(0x0000000af8400000,0x0000000af8500000)]
  0x000001e508a3d000 JavaThread "Unconstrained build operations Thread 4" [_thread_blocked, id=8368, stack(0x0000000af8500000,0x0000000af8600000)]
  0x000001e508a39800 JavaThread "Unconstrained build operations Thread 5" [_thread_blocked, id=12808, stack(0x0000000af8600000,0x0000000af8700000)]
  0x000001e508a3b000 JavaThread "Unconstrained build operations Thread 6" [_thread_blocked, id=8932, stack(0x0000000af8700000,0x0000000af8800000)]
  0x000001e508a3c000 JavaThread "Unconstrained build operations Thread 7" [_thread_blocked, id=9056, stack(0x0000000af8800000,0x0000000af8900000)]
  0x000001e508a37000 JavaThread "Unconstrained build operations Thread 8" [_thread_blocked, id=10580, stack(0x0000000af8900000,0x0000000af8a00000)]
  0x000001e508a3d800 JavaThread "Unconstrained build operations Thread 9" [_thread_blocked, id=7248, stack(0x0000000af8a00000,0x0000000af8b00000)]
  0x000001e508a38000 JavaThread "Unconstrained build operations Thread 10" [_thread_blocked, id=9068, stack(0x0000000af8b00000,0x0000000af8c00000)]
  0x000001e508a3e800 JavaThread "Unconstrained build operations Thread 11" [_thread_blocked, id=4760, stack(0x0000000af8c00000,0x0000000af8d00000)]
  0x000001e508a38800 JavaThread "Unconstrained build operations Thread 12" [_thread_blocked, id=3908, stack(0x0000000af8d00000,0x0000000af8e00000)]
  0x000001e508a42800 JavaThread "Unconstrained build operations Thread 13" [_thread_blocked, id=14044, stack(0x0000000af8e00000,0x0000000af8f00000)]
  0x000001e508a44000 JavaThread "Unconstrained build operations Thread 14" [_thread_blocked, id=1068, stack(0x0000000af8f00000,0x0000000af9000000)]
  0x000001e508a43800 JavaThread "Unconstrained build operations Thread 15" [_thread_blocked, id=11740, stack(0x0000000af9000000,0x0000000af9100000)]
  0x000001e508a45000 JavaThread "Unconstrained build operations Thread 16" [_thread_blocked, id=14384, stack(0x0000000af9100000,0x0000000af9200000)]
  0x000001e508a3f800 JavaThread "Unconstrained build operations Thread 17" [_thread_blocked, id=15112, stack(0x0000000af9200000,0x0000000af9300000)]
  0x000001e508a41800 JavaThread "Unconstrained build operations Thread 18" [_thread_blocked, id=8608, stack(0x0000000af9300000,0x0000000af9400000)]
  0x000001e508a46000 JavaThread "Unconstrained build operations Thread 19" [_thread_blocked, id=13400, stack(0x0000000af9400000,0x0000000af9500000)]
  0x000001e508a40000 JavaThread "Unconstrained build operations Thread 20" [_thread_blocked, id=9196, stack(0x0000000af9500000,0x0000000af9600000)]
  0x000001e508a41000 JavaThread "Unconstrained build operations Thread 21" [_thread_blocked, id=7540, stack(0x0000000af9600000,0x0000000af9700000)]
  0x000001e508fef000 JavaThread "Unconstrained build operations Thread 22" [_thread_blocked, id=13228, stack(0x0000000af9700000,0x0000000af9800000)]
  0x000001e508feb800 JavaThread "Unconstrained build operations Thread 23" [_thread_blocked, id=12396, stack(0x0000000af9800000,0x0000000af9900000)]
  0x000001e508fee000 JavaThread "Unconstrained build operations Thread 24" [_thread_blocked, id=10004, stack(0x0000000af9900000,0x0000000af9a00000)]
  0x000001e508fe9800 JavaThread "Unconstrained build operations Thread 25" [_thread_blocked, id=12392, stack(0x0000000af9a00000,0x0000000af9b00000)]
  0x000001e508ff0000 JavaThread "Unconstrained build operations Thread 26" [_thread_blocked, id=10944, stack(0x0000000af9b00000,0x0000000af9c00000)]
  0x000001e508fea000 JavaThread "Unconstrained build operations Thread 27" [_thread_blocked, id=6432, stack(0x0000000af9c00000,0x0000000af9d00000)]
  0x000001e508ff0800 JavaThread "Unconstrained build operations Thread 28" [_thread_blocked, id=14312, stack(0x0000000af9d00000,0x0000000af9e00000)]
  0x000001e508feb000 JavaThread "Unconstrained build operations Thread 29" [_thread_blocked, id=13284, stack(0x0000000af9e00000,0x0000000af9f00000)]
  0x000001e508ff1800 JavaThread "Unconstrained build operations Thread 30" [_thread_blocked, id=4524, stack(0x0000000af9f00000,0x0000000afa000000)]
  0x000001e508ff2800 JavaThread "Unconstrained build operations Thread 31" [_thread_blocked, id=8000, stack(0x0000000afa000000,0x0000000afa100000)]
  0x000001e508fec800 JavaThread "Unconstrained build operations Thread 32" [_thread_blocked, id=1776, stack(0x0000000afa100000,0x0000000afa200000)]
  0x000001e508ff3000 JavaThread "Unconstrained build operations Thread 33" [_thread_blocked, id=8740, stack(0x0000000afa200000,0x0000000afa300000)]
  0x000001e508fed800 JavaThread "Unconstrained build operations Thread 34" [_thread_blocked, id=2032, stack(0x0000000afa300000,0x0000000afa400000)]
  0x000001e508ff4000 JavaThread "Unconstrained build operations Thread 35" [_thread_blocked, id=14208, stack(0x0000000afa400000,0x0000000afa500000)]
  0x000001e508ff5800 JavaThread "Unconstrained build operations Thread 36" [_thread_blocked, id=7072, stack(0x0000000afa500000,0x0000000afa600000)]
  0x000001e508ff6800 JavaThread "Unconstrained build operations Thread 37" [_thread_blocked, id=4728, stack(0x0000000afa600000,0x0000000afa700000)]
  0x000001e508ff7000 JavaThread "Unconstrained build operations Thread 38" [_thread_blocked, id=1408, stack(0x0000000afa700000,0x0000000afa800000)]
  0x000001e508ff4800 JavaThread "Unconstrained build operations Thread 39" [_thread_blocked, id=12364, stack(0x0000000afa800000,0x0000000afa900000)]
  0x000001e508ff8000 JavaThread "Unconstrained build operations Thread 40" [_thread_blocked, id=7588, stack(0x0000000afa900000,0x0000000afaa00000)]
  0x000001e50625a000 JavaThread "jar transforms Thread 4" [_thread_blocked, id=2876, stack(0x0000000afaa00000,0x0000000afab00000)]
  0x000001e506259000 JavaThread "Memory manager" [_thread_blocked, id=8392, stack(0x0000000afab00000,0x0000000afac00000)]

Other Threads:
  0x000001e57ee9c800 VMThread "VM Thread" [stack: 0x0000000af5900000,0x0000000af5a00000] [id=3984]
  0x000001e57f982000 WatcherThread [stack: 0x0000000af6300000,0x0000000af6400000] [id=5028]
  0x000001e569357000 GCTaskThread "GC Thread#0" [stack: 0x0000000af5400000,0x0000000af5500000] [id=7292]
  0x000001e506915000 GCTaskThread "GC Thread#1" [stack: 0x0000000af6500000,0x0000000af6600000] [id=1456]
  0x000001e506915800 GCTaskThread "GC Thread#2" [stack: 0x0000000af6600000,0x0000000af6700000] [id=2148]
  0x000001e508f27000 GCTaskThread "GC Thread#3" [stack: 0x0000000af7000000,0x0000000af7100000] [id=11392]
  0x000001e569386800 ConcurrentGCThread "G1 Main Marker" [stack: 0x0000000af5500000,0x0000000af5600000] [id=1548]
  0x000001e56938a000 ConcurrentGCThread "G1 Conc#0" [stack: 0x0000000af5600000,0x0000000af5700000] [id=572]
  0x000001e569419000 ConcurrentGCThread "G1 Refine#0" [stack: 0x0000000af5700000,0x0000000af5800000] [id=7892]
  0x000001e56941a000 ConcurrentGCThread "G1 Young RemSet Sampling" [stack: 0x0000000af5800000,0x0000000af5900000] [id=11368]

Threads with active compile tasks:
C2 CompilerThread0  16906 6903 %     4       org.gradle.internal.instantiation.generator.AbstractClassGenerator::inspectType @ 107 (560 bytes)

VM state:at safepoint (normal execution)

VM Mutex/Monitor currently owned by a thread:  ([mutex/lock_event])
[0x000001e569337a00] Threads_lock - owner thread: 0x000001e57ee9c800
[0x000001e569337a90] Heap_lock - owner thread: 0x000001e5070f4000

Heap address: 0x0000000080000000, size: 2048 MB, Compressed Oops mode: 32-bit
Narrow klass base: 0x0000000000000000, Narrow klass shift: 3
Compressed class space size: 1073741824 Address: 0x0000000100000000

Heap:
 garbage-first heap   total 187392K, used 58897K [0x0000000080000000, 0x0000000100000000)
  region size 1024K, 7 young (7168K), 7 survivors (7168K)
 Metaspace       used 72695K, capacity 74578K, committed 74624K, reserved 1124352K
  class space    used 9418K, capacity 10102K, committed 10112K, reserved 1048576K
Heap Regions: E=young(eden), S=young(survivor), O=old, HS=humongous(starts), HC=humongous(continues), CS=collection set, F=free, A=archive, TAMS=top-at-mark-start (previous, next)
|   0|0x0000000080000000, 0x0000000080100000, 0x0000000080100000|100%| O|  |TAMS 0x0000000080100000, 0x0000000080100000| Untracked 
|   1|0x0000000080100000, 0x0000000080200000, 0x0000000080200000|100%| O|  |TAMS 0x0000000080200000, 0x0000000080200000| Untracked 
|   2|0x0000000080200000, 0x0000000080300000, 0x0000000080300000|100%| O|  |TAMS 0x0000000080300000, 0x0000000080300000| Untracked 
|   3|0x0000000080300000, 0x0000000080400000, 0x0000000080400000|100%|HS|  |TAMS 0x0000000080400000, 0x0000000080400000| Complete 
|   4|0x0000000080400000, 0x0000000080500000, 0x0000000080500000|100%|HC|  |TAMS 0x0000000080500000, 0x0000000080500000| Complete 
|   5|0x0000000080500000, 0x0000000080600000, 0x0000000080600000|100%|HC|  |TAMS 0x0000000080600000, 0x0000000080600000| Complete 
|   6|0x0000000080600000, 0x0000000080700000, 0x0000000080700000|100%| O|  |TAMS 0x0000000080700000, 0x0000000080700000| Untracked 
|   7|0x0000000080700000, 0x0000000080800000, 0x0000000080800000|100%| O|  |TAMS 0x0000000080800000, 0x0000000080800000| Untracked 
|   8|0x0000000080800000, 0x0000000080900000, 0x0000000080900000|100%| O|  |TAMS 0x0000000080900000, 0x0000000080900000| Untracked 
|   9|0x0000000080900000, 0x0000000080a00000, 0x0000000080a00000|100%| O|  |TAMS 0x0000000080a00000, 0x0000000080a00000| Untracked 
|  10|0x0000000080a00000, 0x0000000080b00000, 0x0000000080b00000|100%| O|  |TAMS 0x0000000080b00000, 0x0000000080b00000| Untracked 
|  11|0x0000000080b00000, 0x0000000080c00000, 0x0000000080c00000|100%| O|  |TAMS 0x0000000080c00000, 0x0000000080c00000| Untracked 
|  12|0x0000000080c00000, 0x0000000080d00000, 0x0000000080d00000|100%| O|  |TAMS 0x0000000080d00000, 0x0000000080d00000| Untracked 
|  13|0x0000000080d00000, 0x0000000080e00000, 0x0000000080e00000|100%| O|  |TAMS 0x0000000080e00000, 0x0000000080e00000| Untracked 
|  14|0x0000000080e00000, 0x0000000080f00000, 0x0000000080f00000|100%| O|  |TAMS 0x0000000080f00000, 0x0000000080f00000| Untracked 
|  15|0x0000000080f00000, 0x0000000081000000, 0x0000000081000000|100%| O|  |TAMS 0x0000000081000000, 0x0000000081000000| Untracked 
|  16|0x0000000081000000, 0x0000000081100000, 0x0000000081100000|100%|HS|  |TAMS 0x0000000081100000, 0x0000000081100000| Complete 
|  17|0x0000000081100000, 0x0000000081200000, 0x0000000081200000|100%| O|  |TAMS 0x0000000081200000, 0x0000000081200000| Untracked 
|  18|0x0000000081200000, 0x0000000081300000, 0x0000000081300000|100%| O|  |TAMS 0x0000000081300000, 0x0000000081300000| Untracked 
|  19|0x0000000081300000, 0x0000000081400000, 0x0000000081400000|100%| O|  |TAMS 0x0000000081400000, 0x0000000081400000| Untracked 
|  20|0x0000000081400000, 0x0000000081500000, 0x0000000081500000|100%| O|  |TAMS 0x0000000081500000, 0x0000000081500000| Untracked 
|  21|0x0000000081500000, 0x0000000081600000, 0x0000000081600000|100%| O|  |TAMS 0x0000000081600000, 0x0000000081600000| Untracked 
|  22|0x0000000081600000, 0x0000000081700000, 0x0000000081700000|100%| O|  |TAMS 0x0000000081700000, 0x0000000081700000| Untracked 
|  23|0x0000000081700000, 0x0000000081800000, 0x0000000081800000|100%|HS|  |TAMS 0x0000000081800000, 0x0000000081800000| Complete 
|  24|0x0000000081800000, 0x0000000081900000, 0x0000000081900000|100%|HS|  |TAMS 0x0000000081900000, 0x0000000081900000| Complete 
|  25|0x0000000081900000, 0x0000000081a00000, 0x0000000081a00000|100%|HC|  |TAMS 0x0000000081a00000, 0x0000000081a00000| Complete 
|  26|0x0000000081a00000, 0x0000000081b00000, 0x0000000081b00000|100%| O|  |TAMS 0x0000000081b00000, 0x0000000081b00000| Untracked 
|  27|0x0000000081b00000, 0x0000000081c00000, 0x0000000081c00000|100%| O|  |TAMS 0x0000000081c00000, 0x0000000081c00000| Untracked 
|  28|0x0000000081c00000, 0x0000000081d00000, 0x0000000081d00000|100%| O|  |TAMS 0x0000000081d00000, 0x0000000081d00000| Untracked 
|  29|0x0000000081d00000, 0x0000000081e00000, 0x0000000081e00000|100%| O|  |TAMS 0x0000000081e00000, 0x0000000081e00000| Untracked 
|  30|0x0000000081e00000, 0x0000000081f00000, 0x0000000081f00000|100%| O|  |TAMS 0x0000000081f00000, 0x0000000081f00000| Untracked 
|  31|0x0000000081f00000, 0x0000000082000000, 0x0000000082000000|100%| O|  |TAMS 0x0000000082000000, 0x0000000082000000| Untracked 
|  32|0x0000000082000000, 0x0000000082100000, 0x0000000082100000|100%| O|  |TAMS 0x0000000082100000, 0x0000000082100000| Untracked 
|  33|0x0000000082100000, 0x0000000082200000, 0x0000000082200000|100%| O|  |TAMS 0x0000000082200000, 0x0000000082200000| Untracked 
|  34|0x0000000082200000, 0x0000000082300000, 0x0000000082300000|100%| O|  |TAMS 0x0000000082300000, 0x0000000082300000| Untracked 
|  35|0x0000000082300000, 0x0000000082400000, 0x0000000082400000|100%| O|  |TAMS 0x0000000082400000, 0x0000000082400000| Untracked 
|  36|0x0000000082400000, 0x0000000082500000, 0x0000000082500000|100%| O|  |TAMS 0x0000000082500000, 0x0000000082500000| Untracked 
|  37|0x0000000082500000, 0x0000000082600000, 0x0000000082600000|100%| O|  |TAMS 0x0000000082600000, 0x0000000082600000| Untracked 
|  38|0x0000000082600000, 0x0000000082700000, 0x0000000082700000|100%| O|  |TAMS 0x0000000082700000, 0x0000000082700000| Untracked 
|  39|0x0000000082700000, 0x0000000082800000, 0x0000000082800000|100%| O|  |TAMS 0x0000000082800000, 0x0000000082800000| Untracked 
|  40|0x0000000082800000, 0x0000000082900000, 0x0000000082900000|100%| O|  |TAMS 0x0000000082900000, 0x0000000082900000| Untracked 
|  41|0x0000000082900000, 0x0000000082a00000, 0x0000000082a00000|100%| O|  |TAMS 0x0000000082a00000, 0x0000000082a00000| Untracked 
|  42|0x0000000082a00000, 0x0000000082b00000, 0x0000000082b00000|100%| O|  |TAMS 0x0000000082b00000, 0x0000000082b00000| Untracked 
|  43|0x0000000082b00000, 0x0000000082c00000, 0x0000000082c00000|100%| O|  |TAMS 0x0000000082bc7400, 0x0000000082c00000| Untracked 
|  44|0x0000000082c00000, 0x0000000082c00000, 0x0000000082d00000|  0%| F|  |TAMS 0x0000000082c00000, 0x0000000082c00000| Untracked 
|  45|0x0000000082d00000, 0x0000000082e00000, 0x0000000082e00000|100%| O|  |TAMS 0x0000000082d00000, 0x0000000082e00000| Untracked 
|  46|0x0000000082e00000, 0x0000000082f00000, 0x0000000082f00000|100%| O|  |TAMS 0x0000000082e00000, 0x0000000082f00000| Untracked 
|  47|0x0000000082f00000, 0x0000000083000000, 0x0000000083000000|100%| O|  |TAMS 0x0000000082f00000, 0x0000000083000000| Untracked 
|  48|0x0000000083000000, 0x0000000083100000, 0x0000000083100000|100%| O|  |TAMS 0x0000000083000000, 0x0000000083100000| Untracked 
|  49|0x0000000083100000, 0x0000000083200000, 0x0000000083200000|100%| O|  |TAMS 0x0000000083100000, 0x0000000083200000| Untracked 
|  50|0x0000000083200000, 0x0000000083300000, 0x0000000083300000|100%| O|  |TAMS 0x0000000083200000, 0x0000000083300000| Untracked 
|  51|0x0000000083300000, 0x000000008338b000, 0x0000000083400000| 54%| O|  |TAMS 0x0000000083300000, 0x000000008338b000| Untracked 
|  52|0x0000000083400000, 0x0000000083400000, 0x0000000083500000|  0%| F|  |TAMS 0x0000000083400000, 0x0000000083400000| Untracked 
|  53|0x0000000083500000, 0x0000000083500000, 0x0000000083600000|  0%| F|  |TAMS 0x0000000083500000, 0x0000000083500000| Untracked 
|  54|0x0000000083600000, 0x0000000083600000, 0x0000000083700000|  0%| F|  |TAMS 0x0000000083600000, 0x0000000083600000| Untracked 
|  55|0x0000000083700000, 0x0000000083700000, 0x0000000083800000|  0%| F|  |TAMS 0x0000000083700000, 0x0000000083700000| Untracked 
|  56|0x0000000083800000, 0x0000000083800000, 0x0000000083900000|  0%| F|  |TAMS 0x0000000083800000, 0x0000000083800000| Untracked 
|  57|0x0000000083900000, 0x0000000083900000, 0x0000000083a00000|  0%| F|  |TAMS 0x0000000083900000, 0x0000000083900000| Untracked 
|  58|0x0000000083a00000, 0x0000000083a00000, 0x0000000083b00000|  0%| F|  |TAMS 0x0000000083a00000, 0x0000000083a00000| Untracked 
|  59|0x0000000083b00000, 0x0000000083b00000, 0x0000000083c00000|  0%| F|  |TAMS 0x0000000083b00000, 0x0000000083b00000| Untracked 
|  60|0x0000000083c00000, 0x0000000083c00000, 0x0000000083d00000|  0%| F|  |TAMS 0x0000000083c00000, 0x0000000083c00000| Untracked 
|  61|0x0000000083d00000, 0x0000000083d00000, 0x0000000083e00000|  0%| F|  |TAMS 0x0000000083d00000, 0x0000000083d00000| Untracked 
|  62|0x0000000083e00000, 0x0000000083e00000, 0x0000000083f00000|  0%| F|  |TAMS 0x0000000083e00000, 0x0000000083e00000| Untracked 
|  63|0x0000000083f00000, 0x0000000083f00000, 0x0000000084000000|  0%| F|  |TAMS 0x0000000083f00000, 0x0000000083f00000| Untracked 
|  64|0x0000000084000000, 0x0000000084000000, 0x0000000084100000|  0%| F|  |TAMS 0x0000000084000000, 0x0000000084000000| Untracked 
|  65|0x0000000084100000, 0x0000000084100000, 0x0000000084200000|  0%| F|  |TAMS 0x0000000084100000, 0x0000000084100000| Untracked 
|  66|0x0000000084200000, 0x0000000084200000, 0x0000000084300000|  0%| F|  |TAMS 0x0000000084200000, 0x0000000084200000| Untracked 
|  67|0x0000000084300000, 0x0000000084300000, 0x0000000084400000|  0%| F|  |TAMS 0x0000000084300000, 0x0000000084300000| Untracked 
|  68|0x0000000084400000, 0x0000000084400000, 0x0000000084500000|  0%| F|  |TAMS 0x0000000084400000, 0x0000000084400000| Untracked 
|  69|0x0000000084500000, 0x0000000084500000, 0x0000000084600000|  0%| F|  |TAMS 0x0000000084500000, 0x0000000084500000| Untracked 
|  70|0x0000000084600000, 0x0000000084600000, 0x0000000084700000|  0%| F|  |TAMS 0x0000000084600000, 0x0000000084600000| Untracked 
|  71|0x0000000084700000, 0x0000000084700000, 0x0000000084800000|  0%| F|  |TAMS 0x0000000084700000, 0x0000000084700000| Untracked 
|  72|0x0000000084800000, 0x0000000084800000, 0x0000000084900000|  0%| F|  |TAMS 0x0000000084800000, 0x0000000084800000| Untracked 
|  73|0x0000000084900000, 0x0000000084900000, 0x0000000084a00000|  0%| F|  |TAMS 0x0000000084900000, 0x0000000084900000| Untracked 
|  74|0x0000000084a00000, 0x0000000084a00000, 0x0000000084b00000|  0%| F|  |TAMS 0x0000000084a00000, 0x0000000084a00000| Untracked 
|  75|0x0000000084b00000, 0x0000000084b00000, 0x0000000084c00000|  0%| F|  |TAMS 0x0000000084b00000, 0x0000000084b00000| Untracked 
|  76|0x0000000084c00000, 0x0000000084c00000, 0x0000000084d00000|  0%| F|  |TAMS 0x0000000084c00000, 0x0000000084c00000| Untracked 
|  77|0x0000000084d00000, 0x0000000084d00000, 0x0000000084e00000|  0%| F|  |TAMS 0x0000000084d00000, 0x0000000084d00000| Untracked 
|  78|0x0000000084e00000, 0x0000000084e00000, 0x0000000084f00000|  0%| F|  |TAMS 0x0000000084e00000, 0x0000000084e00000| Untracked 
|  79|0x0000000084f00000, 0x0000000084f00000, 0x0000000085000000|  0%| F|  |TAMS 0x0000000084f00000, 0x0000000084f00000| Untracked 
|  80|0x0000000085000000, 0x0000000085000000, 0x0000000085100000|  0%| F|  |TAMS 0x0000000085000000, 0x0000000085000000| Untracked 
|  81|0x0000000085100000, 0x0000000085100000, 0x0000000085200000|  0%| F|  |TAMS 0x0000000085100000, 0x0000000085100000| Untracked 
|  82|0x0000000085200000, 0x0000000085200000, 0x0000000085300000|  0%| F|  |TAMS 0x0000000085200000, 0x0000000085200000| Untracked 
|  83|0x0000000085300000, 0x0000000085300000, 0x0000000085400000|  0%| F|  |TAMS 0x0000000085300000, 0x0000000085300000| Untracked 
|  84|0x0000000085400000, 0x0000000085400000, 0x0000000085500000|  0%| F|  |TAMS 0x0000000085400000, 0x0000000085400000| Untracked 
|  85|0x0000000085500000, 0x0000000085500000, 0x0000000085600000|  0%| F|  |TAMS 0x0000000085500000, 0x0000000085500000| Untracked 
|  86|0x0000000085600000, 0x0000000085600000, 0x0000000085700000|  0%| F|  |TAMS 0x0000000085600000, 0x0000000085600000| Untracked 
|  87|0x0000000085700000, 0x0000000085700000, 0x0000000085800000|  0%| F|  |TAMS 0x0000000085700000, 0x0000000085700000| Untracked 
|  88|0x0000000085800000, 0x0000000085800000, 0x0000000085900000|  0%| F|  |TAMS 0x0000000085800000, 0x0000000085800000| Untracked 
|  89|0x0000000085900000, 0x0000000085900000, 0x0000000085a00000|  0%| F|  |TAMS 0x0000000085900000, 0x0000000085900000| Untracked 
|  90|0x0000000085a00000, 0x0000000085a00000, 0x0000000085b00000|  0%| F|  |TAMS 0x0000000085a00000, 0x0000000085a00000| Untracked 
|  91|0x0000000085b00000, 0x0000000085b00000, 0x0000000085c00000|  0%| F|  |TAMS 0x0000000085b00000, 0x0000000085b00000| Untracked 
|  92|0x0000000085c00000, 0x0000000085c00000, 0x0000000085d00000|  0%| F|  |TAMS 0x0000000085c00000, 0x0000000085c00000| Untracked 
|  93|0x0000000085d00000, 0x0000000085d00000, 0x0000000085e00000|  0%| F|  |TAMS 0x0000000085d00000, 0x0000000085d00000| Untracked 
|  94|0x0000000085e00000, 0x0000000085e00000, 0x0000000085f00000|  0%| F|  |TAMS 0x0000000085e00000, 0x0000000085e00000| Untracked 
|  95|0x0000000085f00000, 0x0000000085f00000, 0x0000000086000000|  0%| F|  |TAMS 0x0000000085f00000, 0x0000000085f00000| Untracked 
|  96|0x0000000086000000, 0x0000000086000000, 0x0000000086100000|  0%| F|  |TAMS 0x0000000086000000, 0x0000000086000000| Untracked 
|  97|0x0000000086100000, 0x0000000086100000, 0x0000000086200000|  0%| F|  |TAMS 0x0000000086100000, 0x0000000086100000| Untracked 
|  98|0x0000000086200000, 0x0000000086200000, 0x0000000086300000|  0%| F|  |TAMS 0x0000000086200000, 0x0000000086200000| Untracked 
|  99|0x0000000086300000, 0x0000000086300000, 0x0000000086400000|  0%| F|  |TAMS 0x0000000086300000, 0x0000000086300000| Untracked 
| 100|0x0000000086400000, 0x0000000086400000, 0x0000000086500000|  0%| F|  |TAMS 0x0000000086400000, 0x0000000086400000| Untracked 
| 101|0x0000000086500000, 0x0000000086500000, 0x0000000086600000|  0%| F|  |TAMS 0x0000000086500000, 0x0000000086500000| Untracked 
| 102|0x0000000086600000, 0x0000000086600000, 0x0000000086700000|  0%| F|  |TAMS 0x0000000086600000, 0x0000000086600000| Untracked 
| 103|0x0000000086700000, 0x0000000086700000, 0x0000000086800000|  0%| F|  |TAMS 0x0000000086700000, 0x0000000086700000| Untracked 
| 104|0x0000000086800000, 0x0000000086800000, 0x0000000086900000|  0%| F|  |TAMS 0x0000000086800000, 0x0000000086800000| Untracked 
| 105|0x0000000086900000, 0x0000000086900000, 0x0000000086a00000|  0%| F|  |TAMS 0x0000000086900000, 0x0000000086900000| Untracked 
| 106|0x0000000086a00000, 0x0000000086a00000, 0x0000000086b00000|  0%| F|  |TAMS 0x0000000086a00000, 0x0000000086a00000| Untracked 
| 107|0x0000000086b00000, 0x0000000086b00000, 0x0000000086c00000|  0%| F|  |TAMS 0x0000000086b00000, 0x0000000086b00000| Untracked 
| 108|0x0000000086c00000, 0x0000000086c00000, 0x0000000086d00000|  0%| F|  |TAMS 0x0000000086c00000, 0x0000000086c00000| Untracked 
| 109|0x0000000086d00000, 0x0000000086d00000, 0x0000000086e00000|  0%| F|  |TAMS 0x0000000086d00000, 0x0000000086d00000| Untracked 
| 110|0x0000000086e00000, 0x0000000086e00000, 0x0000000086f00000|  0%| F|  |TAMS 0x0000000086e00000, 0x0000000086e00000| Untracked 
| 111|0x0000000086f00000, 0x0000000086f00000, 0x0000000087000000|  0%| F|  |TAMS 0x0000000086f00000, 0x0000000086f00000| Untracked 
| 112|0x0000000087000000, 0x0000000087000000, 0x0000000087100000|  0%| F|  |TAMS 0x0000000087000000, 0x0000000087000000| Untracked 
| 113|0x0000000087100000, 0x0000000087100000, 0x0000000087200000|  0%| F|  |TAMS 0x0000000087100000, 0x0000000087100000| Untracked 
| 114|0x0000000087200000, 0x0000000087200000, 0x0000000087300000|  0%| F|  |TAMS 0x0000000087200000, 0x0000000087200000| Untracked 
| 115|0x0000000087300000, 0x0000000087300000, 0x0000000087400000|  0%| F|  |TAMS 0x0000000087300000, 0x0000000087300000| Untracked 
| 116|0x0000000087400000, 0x0000000087400000, 0x0000000087500000|  0%| F|  |TAMS 0x0000000087400000, 0x0000000087400000| Untracked 
| 117|0x0000000087500000, 0x0000000087500000, 0x0000000087600000|  0%| F|  |TAMS 0x0000000087500000, 0x0000000087500000| Untracked 
| 118|0x0000000087600000, 0x0000000087600000, 0x0000000087700000|  0%| F|  |TAMS 0x0000000087600000, 0x0000000087600000| Untracked 
| 119|0x0000000087700000, 0x0000000087700000, 0x0000000087800000|  0%| F|  |TAMS 0x0000000087700000, 0x0000000087700000| Untracked 
| 120|0x0000000087800000, 0x0000000087800000, 0x0000000087900000|  0%| F|  |TAMS 0x0000000087800000, 0x0000000087800000| Untracked 
| 121|0x0000000087900000, 0x0000000087900000, 0x0000000087a00000|  0%| F|  |TAMS 0x0000000087900000, 0x0000000087900000| Untracked 
| 122|0x0000000087a00000, 0x0000000087a00000, 0x0000000087b00000|  0%| F|  |TAMS 0x0000000087a00000, 0x0000000087a00000| Untracked 
| 123|0x0000000087b00000, 0x0000000087b00000, 0x0000000087c00000|  0%| F|  |TAMS 0x0000000087b00000, 0x0000000087b00000| Untracked 
| 124|0x0000000087c00000, 0x0000000087c00000, 0x0000000087d00000|  0%| F|  |TAMS 0x0000000087c00000, 0x0000000087c00000| Untracked 
| 125|0x0000000087d00000, 0x0000000087d00000, 0x0000000087e00000|  0%| F|  |TAMS 0x0000000087d00000, 0x0000000087d00000| Untracked 
| 126|0x0000000087e00000, 0x0000000087e00000, 0x0000000087f00000|  0%| F|  |TAMS 0x0000000087e00000, 0x0000000087e00000| Untracked 
| 127|0x0000000087f00000, 0x0000000087f00000, 0x0000000088000000|  0%| F|  |TAMS 0x0000000087f00000, 0x0000000087f00000| Untracked 
| 128|0x0000000088000000, 0x0000000088000000, 0x0000000088100000|  0%| F|  |TAMS 0x0000000088000000, 0x0000000088000000| Untracked 
| 129|0x0000000088100000, 0x0000000088100000, 0x0000000088200000|  0%| F|  |TAMS 0x0000000088100000, 0x0000000088100000| Untracked 
| 130|0x0000000088200000, 0x0000000088200000, 0x0000000088300000|  0%| F|  |TAMS 0x0000000088200000, 0x0000000088200000| Untracked 
| 131|0x0000000088300000, 0x0000000088300000, 0x0000000088400000|  0%| F|  |TAMS 0x0000000088300000, 0x0000000088300000| Untracked 
| 132|0x0000000088400000, 0x0000000088400000, 0x0000000088500000|  0%| F|  |TAMS 0x0000000088400000, 0x0000000088400000| Untracked 
| 133|0x0000000088500000, 0x0000000088500000, 0x0000000088600000|  0%| F|  |TAMS 0x0000000088500000, 0x0000000088500000| Untracked 
| 134|0x0000000088600000, 0x0000000088600000, 0x0000000088700000|  0%| F|  |TAMS 0x0000000088600000, 0x0000000088600000| Untracked 
| 135|0x0000000088700000, 0x0000000088700000, 0x0000000088800000|  0%| F|  |TAMS 0x0000000088700000, 0x0000000088700000| Untracked 
| 136|0x0000000088800000, 0x0000000088800000, 0x0000000088900000|  0%| F|  |TAMS 0x0000000088800000, 0x0000000088800000| Untracked 
| 137|0x0000000088900000, 0x0000000088900000, 0x0000000088a00000|  0%| F|  |TAMS 0x0000000088900000, 0x0000000088900000| Untracked 
| 138|0x0000000088a00000, 0x0000000088a00000, 0x0000000088b00000|  0%| F|  |TAMS 0x0000000088a00000, 0x0000000088a00000| Untracked 
| 139|0x0000000088b00000, 0x0000000088b00000, 0x0000000088c00000|  0%| F|  |TAMS 0x0000000088b00000, 0x0000000088b00000| Untracked 
| 140|0x0000000088c00000, 0x0000000088c00000, 0x0000000088d00000|  0%| F|  |TAMS 0x0000000088c00000, 0x0000000088c00000| Untracked 
| 141|0x0000000088d00000, 0x0000000088d00000, 0x0000000088e00000|  0%| F|  |TAMS 0x0000000088d00000, 0x0000000088d00000| Untracked 
| 142|0x0000000088e00000, 0x0000000088e00000, 0x0000000088f00000|  0%| F|  |TAMS 0x0000000088e00000, 0x0000000088e00000| Untracked 
| 143|0x0000000088f00000, 0x0000000088f00000, 0x0000000089000000|  0%| F|  |TAMS 0x0000000088f00000, 0x0000000088f00000| Untracked 
| 144|0x0000000089000000, 0x0000000089000000, 0x0000000089100000|  0%| F|  |TAMS 0x0000000089000000, 0x0000000089000000| Untracked 
| 145|0x0000000089100000, 0x0000000089100000, 0x0000000089200000|  0%| F|  |TAMS 0x0000000089100000, 0x0000000089100000| Untracked 
| 146|0x0000000089200000, 0x0000000089200000, 0x0000000089300000|  0%| F|  |TAMS 0x0000000089200000, 0x0000000089200000| Untracked 
| 147|0x0000000089300000, 0x0000000089300000, 0x0000000089400000|  0%| F|  |TAMS 0x0000000089300000, 0x0000000089300000| Untracked 
| 148|0x0000000089400000, 0x0000000089400000, 0x0000000089500000|  0%| F|  |TAMS 0x0000000089400000, 0x0000000089400000| Untracked 
| 149|0x0000000089500000, 0x0000000089500000, 0x0000000089600000|  0%| F|  |TAMS 0x0000000089500000, 0x0000000089500000| Untracked 
| 150|0x0000000089600000, 0x0000000089600000, 0x0000000089700000|  0%| F|  |TAMS 0x0000000089600000, 0x0000000089600000| Untracked 
| 151|0x0000000089700000, 0x0000000089700000, 0x0000000089800000|  0%| F|  |TAMS 0x0000000089700000, 0x0000000089700000| Untracked 
| 152|0x0000000089800000, 0x0000000089800000, 0x0000000089900000|  0%| F|  |TAMS 0x0000000089800000, 0x0000000089800000| Untracked 
| 153|0x0000000089900000, 0x00000000899f94e0, 0x0000000089a00000| 97%| S|CS|TAMS 0x0000000089900000, 0x0000000089900000| Complete 
| 154|0x0000000089a00000, 0x0000000089b00000, 0x0000000089b00000|100%| S|CS|TAMS 0x0000000089a00000, 0x0000000089a00000| Complete 
| 155|0x0000000089b00000, 0x0000000089c00000, 0x0000000089c00000|100%| S|CS|TAMS 0x0000000089b00000, 0x0000000089b00000| Complete 
| 156|0x0000000089c00000, 0x0000000089d00000, 0x0000000089d00000|100%| S|CS|TAMS 0x0000000089c00000, 0x0000000089c00000| Complete 
| 157|0x0000000089d00000, 0x0000000089e00000, 0x0000000089e00000|100%| S|CS|TAMS 0x0000000089d00000, 0x0000000089d00000| Complete 
| 158|0x0000000089e00000, 0x0000000089f00000, 0x0000000089f00000|100%| S|CS|TAMS 0x0000000089e00000, 0x0000000089e00000| Complete 
| 159|0x0000000089f00000, 0x000000008a000000, 0x000000008a000000|100%| S|CS|TAMS 0x0000000089f00000, 0x0000000089f00000| Complete 
| 160|0x000000008a000000, 0x000000008a000000, 0x000000008a100000|  0%| F|  |TAMS 0x000000008a000000, 0x000000008a000000| Untracked 
| 161|0x000000008a100000, 0x000000008a100000, 0x000000008a200000|  0%| F|  |TAMS 0x000000008a100000, 0x000000008a100000| Untracked 
| 162|0x000000008a200000, 0x000000008a200000, 0x000000008a300000|  0%| F|  |TAMS 0x000000008a200000, 0x000000008a200000| Untracked 
| 163|0x000000008a300000, 0x000000008a300000, 0x000000008a400000|  0%| F|  |TAMS 0x000000008a300000, 0x000000008a300000| Untracked 
| 164|0x000000008a400000, 0x000000008a400000, 0x000000008a500000|  0%| F|  |TAMS 0x000000008a400000, 0x000000008a400000| Untracked 
| 165|0x000000008a500000, 0x000000008a500000, 0x000000008a600000|  0%| F|  |TAMS 0x000000008a500000, 0x000000008a500000| Untracked 
| 166|0x000000008a600000, 0x000000008a600000, 0x000000008a700000|  0%| F|  |TAMS 0x000000008a600000, 0x000000008a600000| Untracked 
| 167|0x000000008a700000, 0x000000008a700000, 0x000000008a800000|  0%| F|  |TAMS 0x000000008a700000, 0x000000008a700000| Untracked 
| 168|0x000000008a800000, 0x000000008a800000, 0x000000008a900000|  0%| F|  |TAMS 0x000000008a800000, 0x000000008a800000| Untracked 
| 169|0x000000008a900000, 0x000000008a900000, 0x000000008aa00000|  0%| F|  |TAMS 0x000000008a900000, 0x000000008a900000| Untracked 
| 170|0x000000008aa00000, 0x000000008aa00000, 0x000000008ab00000|  0%| F|  |TAMS 0x000000008aa00000, 0x000000008aa00000| Untracked 
| 171|0x000000008ab00000, 0x000000008ab00000, 0x000000008ac00000|  0%| F|  |TAMS 0x000000008ab00000, 0x000000008ab00000| Untracked 
| 172|0x000000008ac00000, 0x000000008ac00000, 0x000000008ad00000|  0%| F|  |TAMS 0x000000008ac00000, 0x000000008ac00000| Untracked 
| 173|0x000000008ad00000, 0x000000008ad00000, 0x000000008ae00000|  0%| F|  |TAMS 0x000000008ad00000, 0x000000008ad00000| Untracked 
| 174|0x000000008ae00000, 0x000000008ae00000, 0x000000008af00000|  0%| F|  |TAMS 0x000000008ae00000, 0x000000008ae00000| Untracked 
| 175|0x000000008af00000, 0x000000008af00000, 0x000000008b000000|  0%| F|  |TAMS 0x000000008af00000, 0x000000008af00000| Untracked 
| 176|0x000000008b000000, 0x000000008b000000, 0x000000008b100000|  0%| F|  |TAMS 0x000000008b000000, 0x000000008b000000| Untracked 
| 177|0x000000008b100000, 0x000000008b100000, 0x000000008b200000|  0%| F|  |TAMS 0x000000008b100000, 0x000000008b100000| Untracked 
| 178|0x000000008b200000, 0x000000008b200000, 0x000000008b300000|  0%| F|  |TAMS 0x000000008b200000, 0x000000008b200000| Untracked 
| 179|0x000000008b300000, 0x000000008b300000, 0x000000008b400000|  0%| F|  |TAMS 0x000000008b300000, 0x000000008b300000| Untracked 
| 180|0x000000008b400000, 0x000000008b400000, 0x000000008b500000|  0%| F|  |TAMS 0x000000008b400000, 0x000000008b400000| Untracked 
| 181|0x000000008b500000, 0x000000008b500000, 0x000000008b600000|  0%| F|  |TAMS 0x000000008b500000, 0x000000008b500000| Untracked 
| 182|0x000000008b600000, 0x000000008b600000, 0x000000008b700000|  0%| F|  |TAMS 0x000000008b600000, 0x000000008b600000| Untracked 

Card table byte_map: [0x000001e57e060000,0x000001e57e460000] _byte_map_base: 0x000001e57dc60000

Marking Bits (Prev, Next): (CMBitMap*) 0x000001e56937da28, (CMBitMap*) 0x000001e56937da60
 Prev Bits: [0x000001e500000000, 0x000001e502000000)
 Next Bits: [0x000001e502000000, 0x000001e504000000)

Polling page: 0x000001e569420000

Metaspace:

Usage:
  Non-class:     62.96 MB capacity,    61.79 MB ( 98%) used,  1020.63 KB (  2%) free+waste,   177.75 KB ( <1%) overhead. 
      Class:      9.87 MB capacity,     9.20 MB ( 93%) used,   600.80 KB (  6%) free+waste,    82.88 KB ( <1%) overhead. 
       Both:     72.83 MB capacity,    70.99 MB ( 97%) used,     1.58 MB (  2%) free+waste,   260.63 KB ( <1%) overhead. 

Virtual space:
  Non-class space:       74.00 MB reserved,      63.00 MB ( 85%) committed 
      Class space:        1.00 GB reserved,       9.88 MB ( <1%) committed 
             Both:        1.07 GB reserved,      72.88 MB (  7%) committed 

Chunk freelists:
   Non-Class:  36.00 KB
       Class:  10.00 KB
        Both:  46.00 KB

MaxMetaspaceSize: 17179869184.00 GB
CompressedClassSpaceSize: 1.00 GB
Initial GC threshold: 20.80 MB
Current GC threshold: 110.95 MB
CDS: off

CodeHeap 'non-profiled nmethods': size=120064Kb used=4125Kb max_used=4125Kb free=115938Kb
 bounds [0x000001e576100000, 0x000001e576510000, 0x000001e57d640000]
CodeHeap 'profiled nmethods': size=120000Kb used=14915Kb max_used=14915Kb free=105084Kb
 bounds [0x000001e56ebd0000, 0x000001e56fa70000, 0x000001e576100000]
CodeHeap 'non-nmethods': size=5696Kb used=2354Kb max_used=2396Kb free=3341Kb
 bounds [0x000001e56e640000, 0x000001e56e8b0000, 0x000001e56ebd0000]
 total_blobs=7837 nmethods=6974 adapters=775
 compilation: enabled
              stopped_count=0, restarted_count=0
 full_count=0

Compilation events (20 events):
Event: 16.846 Thread 0x000001e57eecd000 nmethod 6994 0x000001e576505e10 code [0x000001e576505fc0, 0x000001e576506058]
Event: 16.846 Thread 0x000001e57eecd000 6996       3       org.gradle.api.internal.artifacts.result.DefaultResolutionResult::eachElement (92 bytes)
Event: 16.847 Thread 0x000001e508470800 nmethod 6985 0x000001e576506110 code [0x000001e5765062a0, 0x000001e576506358]
Event: 16.847 Thread 0x000001e508470800 6999       4       org.gradle.internal.Actions$NullAction::execute (1 bytes)
Event: 16.847 Thread 0x000001e57eecd000 nmethod 6996 0x000001e56fa5c790 code [0x000001e56fa5ca80, 0x000001e56fa5dcd8]
Event: 16.847 Thread 0x000001e57eecd000 6995       1       com.android.build.gradle.internal.utils.DependencyInfo::getDependencyGroup (5 bytes)
Event: 16.847 Thread 0x000001e508470800 nmethod 6999 0x000001e576506410 code [0x000001e5765065a0, 0x000001e5765065f8]
Event: 16.847 Thread 0x000001e508470800 6975       4       com.google.common.collect.ImmutableList$Builder::add (34 bytes)
Event: 16.847 Thread 0x000001e57eecd000 nmethod 6995 0x000001e576506710 code [0x000001e5765068c0, 0x000001e576506978]
Event: 16.847 Thread 0x000001e57eecd000 6998       3       org.gradle.api.internal.artifacts.result.DefaultResolvedComponentResult::getDependencies (8 bytes)
Event: 16.847 Thread 0x000001e57eecd000 nmethod 6998 0x000001e56fa5e290 code [0x000001e56fa5e480, 0x000001e56fa5e8a8]
Event: 16.847 Thread 0x000001e57eecd000 6997       3       com.android.build.gradle.internal.utils.ViolatingPluginDetector$detect$violatingPlugins$1::invoke (9 bytes)
Event: 16.848 Thread 0x000001e57eecd000 nmethod 6997 0x000001e56fa5ea90 code [0x000001e56fa5ec60, 0x000001e56fa5ee88]
Event: 16.848 Thread 0x000001e57eecd000 7000       3       com.android.build.gradle.internal.utils.ViolatingPluginDetector$detect$violatingPlugins$1::invoke (94 bytes)
Event: 16.849 Thread 0x000001e57eecd000 nmethod 7000 0x000001e56fa5ef90 code [0x000001e56fa5f280, 0x000001e56fa60238]
Event: 16.856 Thread 0x000001e508470800 nmethod 6975 0x000001e576506a10 code [0x000001e576506bc0, 0x000001e5765070f8]
Event: 16.856 Thread 0x000001e508470800 7001       4       java.util.HashMap::afterNodeRemoval (1 bytes)
Event: 16.856 Thread 0x000001e508470800 nmethod 7001 0x000001e576507310 code [0x000001e5765074a0, 0x000001e5765074f8]
Event: 16.861 Thread 0x000001e57eecd000 7002       3       java.util.TreeSet::add (22 bytes)
Event: 16.861 Thread 0x000001e57eecd000 nmethod 7002 0x000001e56fa60890 code [0x000001e56fa60a60, 0x000001e56fa60c88]

GC Heap History (20 events):
Event: 3.980 GC heap after
{Heap after GC invocations=4 (full 0):
 garbage-first heap   total 129024K, used 16456K [0x0000000080000000, 0x0000000100000000)
  region size 1024K, 6 young (6144K), 6 survivors (6144K)
 Metaspace       used 17653K, capacity 17971K, committed 18176K, reserved 1064960K
  class space    used 2085K, capacity 2209K, committed 2304K, reserved 1048576K
}
Event: 4.449 GC heap before
{Heap before GC invocations=4 (full 0):
 garbage-first heap   total 129024K, used 44104K [0x0000000080000000, 0x0000000100000000)
  region size 1024K, 34 young (34816K), 6 survivors (6144K)
 Metaspace       used 20745K, capacity 21138K, committed 21248K, reserved 1067008K
  class space    used 2549K, capacity 2711K, committed 2816K, reserved 1048576K
}
Event: 4.458 GC heap after
{Heap after GC invocations=5 (full 0):
 garbage-first heap   total 129024K, used 17688K [0x0000000080000000, 0x0000000100000000)
  region size 1024K, 7 young (7168K), 7 survivors (7168K)
 Metaspace       used 20745K, capacity 21138K, committed 21248K, reserved 1067008K
  class space    used 2549K, capacity 2711K, committed 2816K, reserved 1048576K
}
Event: 5.708 GC heap before
{Heap before GC invocations=6 (full 0):
 garbage-first heap   total 129024K, used 69912K [0x0000000080000000, 0x0000000100000000)
  region size 1024K, 58 young (59392K), 7 survivors (7168K)
 Metaspace       used 26170K, capacity 26689K, committed 27008K, reserved 1073152K
  class space    used 3393K, capacity 3588K, committed 3712K, reserved 1048576K
}
Event: 5.718 GC heap after
{Heap after GC invocations=7 (full 0):
 garbage-first heap   total 129024K, used 19452K [0x0000000080000000, 0x0000000100000000)
  region size 1024K, 3 young (3072K), 3 survivors (3072K)
 Metaspace       used 26170K, capacity 26689K, committed 27008K, reserved 1073152K
  class space    used 3393K, capacity 3588K, committed 3712K, reserved 1048576K
}
Event: 7.112 GC heap before
{Heap before GC invocations=7 (full 0):
 garbage-first heap   total 129024K, used 80892K [0x0000000080000000, 0x0000000100000000)
  region size 1024K, 64 young (65536K), 3 survivors (3072K)
 Metaspace       used 34905K, capacity 35722K, committed 35840K, reserved 1081344K
  class space    used 4532K, capacity 4839K, committed 4864K, reserved 1048576K
}
Event: 7.136 GC heap after
{Heap after GC invocations=8 (full 0):
 garbage-first heap   total 155648K, used 22524K [0x0000000080000000, 0x0000000100000000)
  region size 1024K, 6 young (6144K), 6 survivors (6144K)
 Metaspace       used 34905K, capacity 35722K, committed 35840K, reserved 1081344K
  class space    used 4532K, capacity 4839K, committed 4864K, reserved 1048576K
}
Event: 8.559 GC heap before
{Heap before GC invocations=9 (full 0):
 garbage-first heap   total 155648K, used 96252K [0x0000000080000000, 0x0000000100000000)
  region size 1024K, 76 young (77824K), 6 survivors (6144K)
 Metaspace       used 40186K, capacity 41146K, committed 41344K, reserved 1085440K
  class space    used 5137K, capacity 5471K, committed 5504K, reserved 1048576K
}
Event: 8.579 GC heap after
{Heap after GC invocations=10 (full 0):
 garbage-first heap   total 155648K, used 28087K [0x0000000080000000, 0x0000000100000000)
  region size 1024K, 9 young (9216K), 9 survivors (9216K)
 Metaspace       used 40186K, capacity 41146K, committed 41344K, reserved 1085440K
  class space    used 5137K, capacity 5471K, committed 5504K, reserved 1048576K
}
Event: 9.844 GC heap before
{Heap before GC invocations=10 (full 0):
 garbage-first heap   total 155648K, used 103863K [0x0000000080000000, 0x0000000100000000)
  region size 1024K, 82 young (83968K), 9 survivors (9216K)
 Metaspace       used 46742K, capacity 48069K, committed 48256K, reserved 1091584K
  class space    used 6026K, capacity 6450K, committed 6528K, reserved 1048576K
}
Event: 9.863 GC heap after
{Heap after GC invocations=11 (full 0):
 garbage-first heap   total 155648K, used 30993K [0x0000000080000000, 0x0000000100000000)
  region size 1024K, 9 young (9216K), 9 survivors (9216K)
 Metaspace       used 46742K, capacity 48069K, committed 48256K, reserved 1091584K
  class space    used 6026K, capacity 6450K, committed 6528K, reserved 1048576K
}
Event: 11.986 GC heap before
{Heap before GC invocations=11 (full 0):
 garbage-first heap   total 155648K, used 113937K [0x0000000080000000, 0x0000000100000000)
  region size 1024K, 86 young (88064K), 9 survivors (9216K)
 Metaspace       used 51619K, capacity 53166K, committed 53248K, reserved 1095680K
  class space    used 6599K, capacity 7133K, committed 7168K, reserved 1048576K
}
Event: 12.008 GC heap after
{Heap after GC invocations=12 (full 0):
 garbage-first heap   total 155648K, used 44173K [0x0000000080000000, 0x0000000100000000)
  region size 1024K, 11 young (11264K), 11 survivors (11264K)
 Metaspace       used 51619K, capacity 53166K, committed 53248K, reserved 1095680K
  class space    used 6599K, capacity 7133K, committed 7168K, reserved 1048576K
}
Event: 13.095 GC heap before
{Heap before GC invocations=12 (full 0):
 garbage-first heap   total 155648K, used 87181K [0x0000000080000000, 0x0000000100000000)
  region size 1024K, 54 young (55296K), 11 survivors (11264K)
 Metaspace       used 58349K, capacity 59878K, committed 59904K, reserved 1101824K
  class space    used 7364K, capacity 7915K, committed 7936K, reserved 1048576K
}
Event: 13.125 GC heap after
{Heap after GC invocations=13 (full 0):
 garbage-first heap   total 187392K, used 47276K [0x0000000080000000, 0x0000000100000000)
  region size 1024K, 3 young (3072K), 3 survivors (3072K)
 Metaspace       used 58349K, capacity 59878K, committed 59904K, reserved 1101824K
  class space    used 7364K, capacity 7915K, committed 7936K, reserved 1048576K
}
Event: 14.877 GC heap before
{Heap before GC invocations=14 (full 0):
 garbage-first heap   total 187392K, used 117932K [0x0000000080000000, 0x0000000100000000)
  region size 1024K, 73 young (74752K), 3 survivors (3072K)
 Metaspace       used 65684K, capacity 67388K, committed 67584K, reserved 1107968K
  class space    used 8311K, capacity 8937K, committed 8960K, reserved 1048576K
}
Event: 14.891 GC heap after
{Heap after GC invocations=15 (full 0):
 garbage-first heap   total 187392K, used 52157K [0x0000000080000000, 0x0000000100000000)
  region size 1024K, 8 young (8192K), 8 survivors (8192K)
 Metaspace       used 65684K, capacity 67388K, committed 67584K, reserved 1107968K
  class space    used 8311K, capacity 8937K, committed 8960K, reserved 1048576K
}
Event: 16.297 GC heap before
{Heap before GC invocations=16 (full 0):
 garbage-first heap   total 187392K, used 124861K [0x0000000080000000, 0x0000000100000000)
  region size 1024K, 79 young (80896K), 8 survivors (8192K)
 Metaspace       used 70426K, capacity 72205K, committed 72320K, reserved 1112064K
  class space    used 9094K, capacity 9750K, committed 9856K, reserved 1048576K
}
Event: 16.317 GC heap after
{Heap after GC invocations=17 (full 0):
 garbage-first heap   total 187392K, used 57175K [0x0000000080000000, 0x0000000100000000)
  region size 1024K, 6 young (6144K), 6 survivors (6144K)
 Metaspace       used 70426K, capacity 72205K, committed 72320K, reserved 1112064K
  class space    used 9094K, capacity 9750K, committed 9856K, reserved 1048576K
}
Event: 16.862 GC heap before
{Heap before GC invocations=17 (full 0):
 garbage-first heap   total 187392K, used 79703K [0x0000000080000000, 0x0000000100000000)
  region size 1024K, 29 young (29696K), 6 survivors (6144K)
 Metaspace       used 72695K, capacity 74578K, committed 74624K, reserved 1122304K
  class space    used 9418K, capacity 10102K, committed 10112K, reserved 1048576K
}

Deoptimization events (20 events):
Event: 16.642 Thread 0x000001e5070f4000 Uncommon trap: trap_request=0xffffffd6 fr.pc=0x000001e5764f4ba8 relative=0x0000000000000348
Event: 16.642 Thread 0x000001e5070f4000 Uncommon trap: reason=array_check action=maybe_recompile pc=0x000001e5764f4ba8 method=java.util.AbstractCollection.toArray([Ljava/lang/Object;)[Ljava/lang/Object; @ 116 c2
Event: 16.642 Thread 0x000001e5070f4000 DEOPT PACKING pc=0x000001e5764f4ba8 sp=0x0000000af6cf8a60
Event: 16.642 Thread 0x000001e5070f4000 DEOPT UNPACKING pc=0x000001e56e68a1af sp=0x0000000af6cf8a00 mode 2
Event: 16.800 Thread 0x000001e5070f4000 Uncommon trap: trap_request=0xffffffde fr.pc=0x000001e576493258 relative=0x0000000000002c38
Event: 16.800 Thread 0x000001e5070f4000 Uncommon trap: reason=class_check action=maybe_recompile pc=0x000001e576493258 method=java.util.TreeMap.put(Ljava/lang/Object;Ljava/lang/Object;)Ljava/lang/Object; @ 127 c2
Event: 16.800 Thread 0x000001e5070f4000 DEOPT PACKING pc=0x000001e576493258 sp=0x0000000af6cfa570
Event: 16.800 Thread 0x000001e5070f4000 DEOPT UNPACKING pc=0x000001e56e68a1af sp=0x0000000af6cfa538 mode 2
Event: 16.808 Thread 0x000001e5070f4000 Uncommon trap: trap_request=0xffffffde fr.pc=0x000001e576493258 relative=0x0000000000002c38
Event: 16.808 Thread 0x000001e5070f4000 Uncommon trap: reason=class_check action=maybe_recompile pc=0x000001e576493258 method=java.util.TreeMap.put(Ljava/lang/Object;Ljava/lang/Object;)Ljava/lang/Object; @ 127 c2
Event: 16.808 Thread 0x000001e5070f4000 DEOPT PACKING pc=0x000001e576493258 sp=0x0000000af6cfa570
Event: 16.808 Thread 0x000001e5070f4000 DEOPT UNPACKING pc=0x000001e56e68a1af sp=0x0000000af6cfa538 mode 2
Event: 16.817 Thread 0x000001e5070f4000 Uncommon trap: trap_request=0xffffff4d fr.pc=0x000001e57633a5f4 relative=0x00000000000001b4
Event: 16.817 Thread 0x000001e5070f4000 Uncommon trap: reason=unstable_if action=reinterpret pc=0x000001e57633a5f4 method=com.esotericsoftware.kryo.io.Input.require(I)I @ 65 c2
Event: 16.817 Thread 0x000001e5070f4000 DEOPT PACKING pc=0x000001e57633a5f4 sp=0x0000000af6cf8e00
Event: 16.817 Thread 0x000001e5070f4000 DEOPT UNPACKING pc=0x000001e56e68a1af sp=0x0000000af6cf8db0 mode 2
Event: 16.843 Thread 0x000001e5070f4000 Uncommon trap: trap_request=0xffffff4d fr.pc=0x000001e576502328 relative=0x00000000000003c8
Event: 16.843 Thread 0x000001e5070f4000 Uncommon trap: reason=unstable_if action=reinterpret pc=0x000001e576502328 method=com.esotericsoftware.kryo.io.Input.readVarInt(Z)I @ 81 c2
Event: 16.843 Thread 0x000001e5070f4000 DEOPT PACKING pc=0x000001e576502328 sp=0x0000000af6cf8e00
Event: 16.843 Thread 0x000001e5070f4000 DEOPT UNPACKING pc=0x000001e56e68a1af sp=0x0000000af6cf8db8 mode 2

Classes redefined (0 events):
No events

Internal exceptions (20 events):
Event: 15.482 Thread 0x000001e5070f4000 Exception <a 'java/lang/ClassNotFoundException'{0x0000000089022680}: build_b3hkpfdzczz6fo4z06pz3thhi$_run_closure1Customizer> (0x0000000089022680) thrown at [./src/hotspot/share/classfile/systemDictionary.cpp, line 231]
Event: 15.491 Thread 0x000001e5070f4000 Exception <a 'java/lang/ClassNotFoundException'{0x00000000890817c8}: org/gradle/api/JavaVersionBeanInfo> (0x00000000890817c8) thrown at [./src/hotspot/share/classfile/systemDictionary.cpp, line 231]
Event: 15.492 Thread 0x000001e5070f4000 Exception <a 'java/lang/ClassNotFoundException'{0x00000000890ac5b0}: org/gradle/api/JavaVersionCustomizer> (0x00000000890ac5b0) thrown at [./src/hotspot/share/classfile/systemDictionary.cpp, line 231]
Event: 15.498 Thread 0x000001e5070f4000 Exception <a 'java/lang/ClassNotFoundException'{0x0000000088f143d8}: com/android/build/gradle/internal/CompileOptions$AgpDecorated_DecoratedBeanInfo> (0x0000000088f143d8) thrown at [./src/hotspot/share/classfile/systemDictionary.cpp, line 231]
Event: 15.498 Thread 0x000001e5070f4000 Exception <a 'java/lang/ClassNotFoundException'{0x0000000088f2fdd8}: com/android/build/gradle/internal/CompileOptions$AgpDecoratedBeanInfo> (0x0000000088f2fdd8) thrown at [./src/hotspot/share/classfile/systemDictionary.cpp, line 231]
Event: 15.499 Thread 0x000001e5070f4000 Exception <a 'java/lang/ClassNotFoundException'{0x0000000088f49988}: com/android/build/gradle/internal/CompileOptionsBeanInfo> (0x0000000088f49988) thrown at [./src/hotspot/share/classfile/systemDictionary.cpp, line 231]
Event: 15.500 Thread 0x000001e5070f4000 Exception <a 'java/lang/ClassNotFoundException'{0x0000000088f63b28}: com/android/build/gradle/internal/CompileOptionsCustomizer> (0x0000000088f63b28) thrown at [./src/hotspot/share/classfile/systemDictionary.cpp, line 231]
Event: 15.501 Thread 0x000001e5070f4000 Exception <a 'java/lang/ClassNotFoundException'{0x0000000088f8b4b8}: com/android/build/gradle/internal/CompileOptions$AgpDecoratedCustomizer> (0x0000000088f8b4b8) thrown at [./src/hotspot/share/classfile/systemDictionary.cpp, line 231]
Event: 15.502 Thread 0x000001e5070f4000 Exception <a 'java/lang/ClassNotFoundException'{0x0000000088fb60d8}: com/android/build/gradle/internal/CompileOptions$AgpDecorated_DecoratedCustomizer> (0x0000000088fb60d8) thrown at [./src/hotspot/share/classfile/systemDictionary.cpp, line 231]
Event: 15.511 Thread 0x000001e5070f4000 Exception <a 'java/lang/ClassNotFoundException'{0x0000000088e76050}: org/gradle/api/internal/artifacts/dsl/dependencies/DefaultDependencyHandler_DecoratedBeanInfo> (0x0000000088e76050) thrown at [./src/hotspot/share/classfile/systemDictionary.cpp, line 231]
Event: 15.512 Thread 0x000001e5070f4000 Exception <a 'java/lang/ClassNotFoundException'{0x0000000088ebf398}: org/gradle/api/internal/artifacts/dsl/dependencies/DefaultDependencyHandlerBeanInfo> (0x0000000088ebf398) thrown at [./src/hotspot/share/classfile/systemDictionary.cpp, line 231]
Event: 15.514 Thread 0x000001e5070f4000 Exception <a 'java/lang/ClassNotFoundException'{0x0000000088d08340}: org/gradle/api/internal/artifacts/dsl/dependencies/DefaultDependencyHandlerCustomizer> (0x0000000088d08340) thrown at [./src/hotspot/share/classfile/systemDictionary.cpp, line 231]
Event: 15.517 Thread 0x000001e5070f4000 Exception <a 'java/lang/ClassNotFoundException'{0x0000000088d78148}: org/gradle/api/internal/artifacts/dsl/dependencies/DefaultDependencyHandler_DecoratedCustomizer> (0x0000000088d78148) thrown at [./src/hotspot/share/classfile/systemDictionary.cpp, line 231]
Event: 16.725 Thread 0x000001e5070f4000 Exception <a 'java/lang/ClassNotFoundException'{0x000000008a6da530}: com/android/build/gradle/internal/api/ApkVariantOutputImpl_DecoratedBeanInfo> (0x000000008a6da530) thrown at [./src/hotspot/share/classfile/systemDictionary.cpp, line 231]
Event: 16.726 Thread 0x000001e5070f4000 Exception <a 'java/lang/ClassNotFoundException'{0x000000008a6f4d60}: com/android/build/gradle/internal/api/ApkVariantOutputImplBeanInfo> (0x000000008a6f4d60) thrown at [./src/hotspot/share/classfile/systemDictionary.cpp, line 231]
Event: 16.727 Thread 0x000001e5070f4000 Exception <a 'java/lang/ClassNotFoundException'{0x000000008a5102b0}: com/android/build/gradle/internal/api/BaseVariantOutputImplBeanInfo> (0x000000008a5102b0) thrown at [./src/hotspot/share/classfile/systemDictionary.cpp, line 231]
Event: 16.727 Thread 0x000001e5070f4000 Exception <a 'java/lang/ClassNotFoundException'{0x000000008a52b388}: com/android/build/gradle/internal/api/BaseVariantOutputImplCustomizer> (0x000000008a52b388) thrown at [./src/hotspot/share/classfile/systemDictionary.cpp, line 231]
Event: 16.733 Thread 0x000001e5070f4000 Exception <a 'java/lang/ClassNotFoundException'{0x000000008a558af8}: com/android/build/gradle/internal/api/ApkVariantOutputImplCustomizer> (0x000000008a558af8) thrown at [./src/hotspot/share/classfile/systemDictionary.cpp, line 231]
Event: 16.735 Thread 0x000001e5070f4000 Exception <a 'java/lang/ClassNotFoundException'{0x000000008a582a18}: com/android/build/gradle/internal/api/ApkVariantOutputImpl_DecoratedCustomizer> (0x000000008a582a18) thrown at [./src/hotspot/share/classfile/systemDictionary.cpp, line 231]
Event: 16.759 Thread 0x000001e5070f4000 Exception <a 'java/lang/NoClassDefFoundError'{0x000000008a4edf38}: org/jetbrains/kotlin/gradle/plugin/KotlinBasePluginWrapper> (0x000000008a4edf38) thrown at [./src/hotspot/share/classfile/systemDictionary.cpp, line 220]

Events (20 events):
Event: 16.856 loading class org/gradle/api/internal/GradleInternal done
Event: 16.857 loading class org/gradle/execution/DefaultBuildConfigurationActionExecuter
Event: 16.857 loading class org/gradle/execution/DefaultBuildConfigurationActionExecuter done
Event: 16.857 loading class org/gradle/execution/DefaultBuildConfigurationActionExecuter$1
Event: 16.857 loading class org/gradle/execution/DefaultBuildConfigurationActionExecuter$1 done
Event: 16.858 loading class org/gradle/execution/TaskSelectionException
Event: 16.858 loading class org/gradle/execution/TaskSelectionException done
Event: 16.858 loading class org/gradle/execution/taskpath/TaskPathResolver
Event: 16.858 loading class org/gradle/execution/taskpath/TaskPathResolver done
Event: 16.859 loading class org/gradle/execution/taskpath/ProjectFinderByTaskPath
Event: 16.859 loading class org/gradle/execution/taskpath/ProjectFinderByTaskPath done
Event: 16.859 loading class org/gradle/execution/taskpath/ProjectFinderByTaskPath$ProjectLookupException
Event: 16.859 loading class org/gradle/execution/taskpath/ProjectFinderByTaskPath$ProjectLookupException done
Event: 16.859 loading class org/gradle/util/internal/NameMatcher
Event: 16.859 loading class org/gradle/util/internal/NameMatcher done
Event: 16.860 loading class org/gradle/execution/taskpath/ResolvedTaskPath
Event: 16.860 loading class org/gradle/execution/taskpath/ResolvedTaskPath done
Event: 16.861 loading class org/gradle/execution/TaskNameResolver$1
Event: 16.861 loading class org/gradle/execution/TaskNameResolver$1 done
Event: 16.862 Executing VM operation: CollectForMetadataAllocation


Dynamic libraries:
0x00007ff7ab8a0000 - 0x00007ff7ab8aa000 	C:\Program Files\Android\Android Studio\jre\bin\java.exe
0x00007ff85a520000 - 0x00007ff85a729000 	C:\WINDOWS\SYSTEM32\ntdll.dll
0x00007ff858f70000 - 0x00007ff85902d000 	C:\WINDOWS\System32\KERNEL32.DLL
0x00007ff857e20000 - 0x00007ff85819d000 	C:\WINDOWS\System32\KERNELBASE.dll
0x00007ff857c40000 - 0x00007ff857d51000 	C:\WINDOWS\System32\ucrtbase.dll
0x00007ff841de0000 - 0x00007ff841df9000 	C:\Program Files\Android\Android Studio\jre\bin\jli.dll
0x00007ff85a2f0000 - 0x00007ff85a49d000 	C:\WINDOWS\System32\USER32.dll
0x00007ff843090000 - 0x00007ff8430a7000 	C:\Program Files\Android\Android Studio\jre\bin\VCRUNTIME140.dll
0x00007ff857a00000 - 0x00007ff857a26000 	C:\WINDOWS\System32\win32u.dll
0x00007ff8594f0000 - 0x00007ff859519000 	C:\WINDOWS\System32\GDI32.dll
0x00007ff835380000 - 0x00007ff835625000 	C:\WINDOWS\WinSxS\amd64_microsoft.windows.common-controls_6595b64144ccf1df_6.0.22000.120_none_9d947278b86cc467\COMCTL32.dll
0x00007ff858440000 - 0x00007ff8584e3000 	C:\WINDOWS\System32\msvcrt.dll
0x00007ff858290000 - 0x00007ff8583a8000 	C:\WINDOWS\System32\gdi32full.dll
0x00007ff857ba0000 - 0x00007ff857c3d000 	C:\WINDOWS\System32\msvcp_win.dll
0x00007ff85a4a0000 - 0x00007ff85a4d1000 	C:\WINDOWS\System32\IMM32.DLL
0x00007ff835990000 - 0x00007ff835a2d000 	C:\Program Files\Android\Android Studio\jre\bin\msvcp140.dll
0x00007ff816550000 - 0x00007ff817035000 	C:\Program Files\Android\Android Studio\jre\bin\server\jvm.dll
0x00007ff859200000 - 0x00007ff8592ae000 	C:\WINDOWS\System32\ADVAPI32.dll
0x00007ff858690000 - 0x00007ff85872e000 	C:\WINDOWS\System32\sechost.dll
0x00007ff8593d0000 - 0x00007ff8594f0000 	C:\WINDOWS\System32\RPCRT4.dll
0x00007ff859fb0000 - 0x00007ff859fb8000 	C:\WINDOWS\System32\PSAPI.DLL
0x00007ff84c290000 - 0x00007ff84c2c3000 	C:\WINDOWS\SYSTEM32\WINMM.dll
0x00007ff845e80000 - 0x00007ff845e8a000 	C:\WINDOWS\SYSTEM32\VERSION.dll
0x00007ff850d40000 - 0x00007ff850d49000 	C:\WINDOWS\SYSTEM32\WSOCK32.dll
0x00007ff859190000 - 0x00007ff8591ff000 	C:\WINDOWS\System32\WS2_32.dll
0x00007ff856b40000 - 0x00007ff856b58000 	C:\WINDOWS\SYSTEM32\kernel.appcore.dll
0x00007ff84fde0000 - 0x00007ff84fdf1000 	C:\Program Files\Android\Android Studio\jre\bin\verify.dll
0x00007ff8555f0000 - 0x00007ff855811000 	C:\WINDOWS\SYSTEM32\DBGHELP.DLL
0x00007ff83a2c0000 - 0x00007ff83a2f1000 	C:\WINDOWS\SYSTEM32\dbgcore.DLL
0x00007ff858210000 - 0x00007ff85828f000 	C:\WINDOWS\System32\bcryptPrimitives.dll
0x00007ff84c420000 - 0x00007ff84c449000 	C:\Program Files\Android\Android Studio\jre\bin\java.dll
0x00007ff850d10000 - 0x00007ff850d1b000 	C:\Program Files\Android\Android Studio\jre\bin\jimage.dll
0x00007ff84d680000 - 0x00007ff84d698000 	C:\Program Files\Android\Android Studio\jre\bin\zip.dll
0x00007ff858750000 - 0x00007ff858f08000 	C:\WINDOWS\System32\SHELL32.dll
0x00007ff855b30000 - 0x00007ff856398000 	C:\WINDOWS\SYSTEM32\windows.storage.dll
0x00007ff859c30000 - 0x00007ff859fa9000 	C:\WINDOWS\System32\combase.dll
0x00007ff8559c0000 - 0x00007ff855b26000 	C:\WINDOWS\SYSTEM32\wintypes.dll
0x00007ff8584f0000 - 0x00007ff8585da000 	C:\WINDOWS\System32\SHCORE.dll
0x00007ff859fd0000 - 0x00007ff85a02d000 	C:\WINDOWS\System32\shlwapi.dll
0x00007ff857930000 - 0x00007ff857951000 	C:\WINDOWS\SYSTEM32\profapi.dll
0x00007ff84d370000 - 0x00007ff84d38a000 	C:\Program Files\Android\Android Studio\jre\bin\net.dll
0x00007ff84bee0000 - 0x00007ff84bfec000 	C:\WINDOWS\SYSTEM32\WINHTTP.dll
0x00007ff856fa0000 - 0x00007ff857007000 	C:\WINDOWS\system32\mswsock.dll
0x00007ff84c400000 - 0x00007ff84c414000 	C:\Program Files\Android\Android Studio\jre\bin\nio.dll
0x00007ff83e170000 - 0x00007ff83e197000 	C:\Users\waeen\.gradle\native\e1d6ef7f7dcc3fd88c89a11ec53ec762bb8ba0a96d01ffa2cd45eb1d1d8dd5c5\windows-amd64\native-platform.dll
0x00007ff81cc20000 - 0x00007ff81cd64000 	C:\Users\waeen\.gradle\native\5664cfc778a61ccfe75a443a1ab52a65af34e5dc3c78e0209fed803814484fcb\windows-amd64\native-platform-file-events.dll
0x00007ff850c60000 - 0x00007ff850c6a000 	C:\Program Files\Android\Android Studio\jre\bin\management.dll
0x00007ff84fe90000 - 0x00007ff84fe9d000 	C:\Program Files\Android\Android Studio\jre\bin\management_ext.dll
0x00007ff8571e0000 - 0x00007ff8571f8000 	C:\WINDOWS\SYSTEM32\CRYPTSP.dll
0x00007ff856a90000 - 0x00007ff856ac5000 	C:\WINDOWS\system32\rsaenh.dll
0x00007ff857090000 - 0x00007ff8570b9000 	C:\WINDOWS\SYSTEM32\USERENV.dll
0x00007ff857360000 - 0x00007ff857387000 	C:\WINDOWS\SYSTEM32\bcrypt.dll
0x00007ff857200000 - 0x00007ff85720c000 	C:\WINDOWS\SYSTEM32\CRYPTBASE.dll
0x00007ff856660000 - 0x00007ff85668d000 	C:\WINDOWS\SYSTEM32\IPHLPAPI.DLL
0x00007ff85a2c0000 - 0x00007ff85a2c9000 	C:\WINDOWS\System32\NSI.dll
0x00007ff84bec0000 - 0x00007ff84bed9000 	C:\WINDOWS\SYSTEM32\dhcpcsvc6.DLL
0x00007ff84cdd0000 - 0x00007ff84cdee000 	C:\WINDOWS\SYSTEM32\dhcpcsvc.DLL
0x00007ff8566d0000 - 0x00007ff8567b8000 	C:\WINDOWS\SYSTEM32\DNSAPI.dll

dbghelp: loaded successfully - version: 4.0.5 - missing functions: none
symbol engine: initialized successfully - sym options: 0x614 - pdb path: .;C:\Program Files\Android\Android Studio\jre\bin;C:\WINDOWS\SYSTEM32;C:\WINDOWS\WinSxS\amd64_microsoft.windows.common-controls_6595b64144ccf1df_6.0.22000.120_none_9d947278b86cc467;C:\Program Files\Android\Android Studio\jre\bin\server;C:\Users\waeen\.gradle\native\e1d6ef7f7dcc3fd88c89a11ec53ec762bb8ba0a96d01ffa2cd45eb1d1d8dd5c5\windows-amd64;C:\Users\waeen\.gradle\native\5664cfc778a61ccfe75a443a1ab52a65af34e5dc3c78e0209fed803814484fcb\windows-amd64

VM Arguments:
jvm_args: --add-opens=java.base/java.util=ALL-UNNAMED --add-opens=java.base/java.lang=ALL-UNNAMED --add-opens=java.base/java.lang.invoke=ALL-UNNAMED --add-opens=java.base/java.util=ALL-UNNAMED --add-opens=java.prefs/java.util.prefs=ALL-UNNAMED --add-opens=java.prefs/java.util.prefs=ALL-UNNAMED --add-opens=java.base/java.nio.charset=ALL-UNNAMED --add-opens=java.base/java.net=ALL-UNNAMED --add-opens=java.base/java.util.concurrent.atomic=ALL-UNNAMED -Xmx2048m -Dfile.encoding=UTF-8 -Duser.country=US -Duser.language=en -Duser.variant 
java_command: org.gradle.launcher.daemon.bootstrap.GradleDaemon 7.3.3
java_class_path (initial): C:\Users\waeen\.gradle\wrapper\dists\gradle-7.3.3-bin\6a41zxkdtcxs8rphpq6y0069z\gradle-7.3.3\lib\gradle-launcher-7.3.3.jar
Launcher Type: SUN_STANDARD

[Global flags]
     intx CICompilerCount                          = 3                                         {product} {ergonomic}
     uint ConcGCThreads                            = 1                                         {product} {ergonomic}
     uint G1ConcRefinementThreads                  = 4                                         {product} {ergonomic}
   size_t G1HeapRegionSize                         = 1048576                                   {product} {ergonomic}
    uintx GCDrainStackTargetSize                   = 64                                        {product} {ergonomic}
   size_t InitialHeapSize                          = 132120576                                 {product} {ergonomic}
   size_t MarkStackSize                            = 4194304                                   {product} {ergonomic}
   size_t MaxHeapSize                              = 2147483648                                {product} {command line}
   size_t MaxNewSize                               = 1287651328                                {product} {ergonomic}
   size_t MinHeapDeltaBytes                        = 1048576                                   {product} {ergonomic}
    uintx NonNMethodCodeHeapSize                   = 5830732                                {pd product} {ergonomic}
    uintx NonProfiledCodeHeapSize                  = 122913754                              {pd product} {ergonomic}
    uintx ProfiledCodeHeapSize                     = 122913754                              {pd product} {ergonomic}
    uintx ReservedCodeCacheSize                    = 251658240                              {pd product} {ergonomic}
     bool SegmentedCodeCache                       = true                                      {product} {ergonomic}
     bool UseCompressedClassPointers               = true                                 {lp64_product} {ergonomic}
     bool UseCompressedOops                        = true                                 {lp64_product} {ergonomic}
     bool UseG1GC                                  = true                                      {product} {ergonomic}
     bool UseLargePagesIndividualAllocation        = false                                  {pd product} {ergonomic}

Logging:
Log output configuration:
 #0: stdout all=warning uptime,level,tags
 #1: stderr all=off uptime,level,tags

Environment Variables:
PATH=C:\WINDOWS\system32;C:\WINDOWS;C:\WINDOWS\System32\Wbem;C:\WINDOWS\System32\WindowsPowerShell\v1.0\;C:\WINDOWS\System32\OpenSSH\;C:\Program Files\Git\cmd;C:\Users\waeen\AppData\Local\Programs\Python\Python310\Scripts\;C:\Users\waeen\AppData\Local\Programs\Python\Python310\;C:\Users\waeen\AppData\Local\Microsoft\WindowsApps;C:\Users\waeen\AppData\Local\Programs\Microsoft VS Code\bin;C:\Program Files\Git\bin;C:\Program Files\heroku\bin
USERNAME=waeen
OS=Windows_NT
PROCESSOR_IDENTIFIER=Intel64 Family 6 Model 142 Stepping 12, GenuineIntel



---------------  S Y S T E M  ---------------

OS: Windows 10 , 64 bit Build 22000 (10.0.22000.708)
OS uptime: 0 days 9:25 hours
Hyper-V role detected

CPU:total 4 (initial active 4) (2 cores per cpu, 2 threads per core) family 6 model 142 stepping 12 microcode 0xde, cmov, cx8, fxsr, mmx, sse, sse2, sse3, ssse3, sse4.1, sse4.2, popcnt, avx, avx2, aes, clmul, erms, 3dnowpref, lzcnt, ht, tsc, tscinvbit, bmi1, bmi2, adx, fma

Memory: 4k page, system-wide physical 7943M (1743M free)
TotalPageFile size 9831M (AvailPageFile size 2M)
current process WorkingSet (physical memory assigned to process): 387M, peak: 387M
current process commit charge ("private bytes"): 420M, peak: 421M

vm_info: OpenJDK 64-Bit Server VM (11.0.12+7-b1504.28-7817840) for windows-amd64 JRE (11.0.12+7-b1504.28-7817840), built on Oct 13 2021 22:12:33 by "builder" with MS VC++ 14.0 (VS2015)

END.
